[1.003s] Invoking command in '/home/gusti/MagangBayu24-ROS2/tugas1/src/py_pubsub': PYTHONPATH=/home/gusti/MagangBayu24-ROS2/tugas1/src/build/py_pubsub/prefix_override:/home/gusti/MagangBayu24-ROS2/tugas1/src/install/py_pubsub/lib/python3.8/site-packages:${PYTHONPATH} /usr/bin/python3 setup.py egg_info --egg-base ../build/py_pubsub build --build-base /home/gusti/MagangBayu24-ROS2/tugas1/src/build/py_pubsub/build install --record /home/gusti/MagangBayu24-ROS2/tugas1/src/build/py_pubsub/install.log --install-scripts $base/lib/py_pubsub --single-version-externally-managed
[1.226s] running egg_info
[1.227s] writing ../build/py_pubsub/py_pubsub.egg-info/PKG-INFO
[1.227s] writing dependency_links to ../build/py_pubsub/py_pubsub.egg-info/dependency_links.txt
[1.227s] writing entry points to ../build/py_pubsub/py_pubsub.egg-info/entry_points.txt
[1.227s] writing requirements to ../build/py_pubsub/py_pubsub.egg-info/requires.txt
[1.227s] writing top-level names to ../build/py_pubsub/py_pubsub.egg-info/top_level.txt
[1.263s] reading manifest file '../build/py_pubsub/py_pubsub.egg-info/SOURCES.txt'
[1.264s] writing manifest file '../build/py_pubsub/py_pubsub.egg-info/SOURCES.txt'
[1.264s] running build
[1.264s] running build_py
[1.264s] copying py_pubsub/publisher_member_function.py -> /home/gusti/MagangBayu24-ROS2/tugas1/src/build/py_pubsub/build/lib/py_pubsub
[1.265s] running install
[1.265s] running install_lib
[1.267s] copying /home/gusti/MagangBayu24-ROS2/tugas1/src/build/py_pubsub/build/lib/py_pubsub/publisher_member_function.py -> /home/gusti/MagangBayu24-ROS2/tugas1/src/install/py_pubsub/lib/python3.8/site-packages/py_pubsub
[1.267s] byte-compiling /home/gusti/MagangBayu24-ROS2/tugas1/src/install/py_pubsub/lib/python3.8/site-packages/py_pubsub/publisher_member_function.py to publisher_member_function.cpython-38.pyc
[1.269s] running install_data
[1.269s] running install_egg_info
[1.270s] removing '/home/gusti/MagangBayu24-ROS2/tugas1/src/install/py_pubsub/lib/python3.8/site-packages/py_pubsub-0.0.0-py3.8.egg-info' (and everything under it)
[1.271s] Copying ../build/py_pubsub/py_pubsub.egg-info to /home/gusti/MagangBayu24-ROS2/tugas1/src/install/py_pubsub/lib/python3.8/site-packages/py_pubsub-0.0.0-py3.8.egg-info
[1.271s] running install_scripts
[1.288s] Installing listener script to /home/gusti/MagangBayu24-ROS2/tugas1/src/install/py_pubsub/lib/py_pubsub
[1.288s] Installing talker script to /home/gusti/MagangBayu24-ROS2/tugas1/src/install/py_pubsub/lib/py_pubsub
[1.288s] writing list of installed files to '/home/gusti/MagangBayu24-ROS2/tugas1/src/build/py_pubsub/install.log'
[1.308s] Invoked command in '/home/gusti/MagangBayu24-ROS2/tugas1/src/py_pubsub' returned '0': PYTHONPATH=/home/gusti/MagangBayu24-ROS2/tugas1/src/build/py_pubsub/prefix_override:/home/gusti/MagangBayu24-ROS2/tugas1/src/install/py_pubsub/lib/python3.8/site-packages:${PYTHONPATH} /usr/bin/python3 setup.py egg_info --egg-base ../build/py_pubsub build --build-base /home/gusti/MagangBayu24-ROS2/tugas1/src/build/py_pubsub/build install --record /home/gusti/MagangBayu24-ROS2/tugas1/src/build/py_pubsub/install.log --install-scripts $base/lib/py_pubsub --single-version-externally-managed
