[0.133s] Invoking command in '/home/gusti/MagangBayu24-ROS2/tugas2/src/build/custom_interface': CMAKE_PREFIX_PATH=/opt/ros/foxy /usr/bin/cmake /home/gusti/MagangBayu24-ROS2/tugas2/src/custom_interface -DCMAKE_INSTALL_PREFIX=/home/gusti/MagangBayu24-ROS2/tugas2/src/install/custom_interface
[0.145s] -- Found ament_cmake: 0.9.12 (/opt/ros/foxy/share/ament_cmake/cmake)
[0.164s] -- Found PythonInterp: /usr/bin/python3 (found suitable version "3.8.10", minimum required is "3") 
[0.164s] -- Using PYTHON_EXECUTABLE: /usr/bin/python3
[0.325s] -- Found rosidl_default_generators: 1.0.1 (/opt/ros/foxy/share/rosidl_default_generators/cmake)
[0.327s] -- Using all available rosidl_typesupport_c: rosidl_typesupport_fastrtps_c;rosidl_typesupport_introspection_c
[0.331s] -- Found rosidl_adapter: 1.3.1 (/opt/ros/foxy/share/rosidl_adapter/cmake)
[0.454s] -- Using all available rosidl_typesupport_cpp: rosidl_typesupport_fastrtps_cpp;rosidl_typesupport_introspection_cpp
[0.492s] -- Found PythonInterp: /usr/bin/python3 (found version "3.8.10") 
[0.593s] -- Found ament_cmake_ros: 0.9.2 (/opt/ros/foxy/share/ament_cmake_ros/cmake)
[0.673s] -- Using all available rosidl_typesupport_c: rosidl_typesupport_fastrtps_c;rosidl_typesupport_introspection_c
[0.679s] -- Using all available rosidl_typesupport_cpp: rosidl_typesupport_fastrtps_cpp;rosidl_typesupport_introspection_cpp
[0.701s] -- Found PythonInterp: /usr/bin/python3 (found suitable version "3.8.10", minimum required is "3.5") 
[0.702s] -- Found python_cmake_module: 0.8.1 (/opt/ros/foxy/share/python_cmake_module/cmake)
[0.727s] -- Found PythonLibs: /usr/lib/x86_64-linux-gnu/libpython3.8.so (found suitable version "3.8.10", minimum required is "3.5") 
[0.727s] -- Using PYTHON_EXECUTABLE: /usr/bin/python3
[0.727s] -- Using PYTHON_INCLUDE_DIRS: /usr/include/python3.8
[0.727s] -- Using PYTHON_LIBRARIES: /usr/lib/x86_64-linux-gnu/libpython3.8.so
[0.746s] -- Found PythonExtra: .so  
[0.782s] -- Found ament_lint_auto: 0.9.8 (/opt/ros/foxy/share/ament_lint_auto/cmake)
[0.798s] -- Added test 'copyright' to check source files copyright and LICENSE
[0.799s] -- Added test 'lint_cmake' to check CMake code style
[0.800s] -- Added test 'xmllint' to check XML markup files
[0.804s] -- Configuring done
[0.826s] -- Generating done
[0.829s] -- Build files have been written to: /home/gusti/MagangBayu24-ROS2/tugas2/src/build/custom_interface
[0.837s] Invoked command in '/home/gusti/MagangBayu24-ROS2/tugas2/src/build/custom_interface' returned '0': CMAKE_PREFIX_PATH=/opt/ros/foxy /usr/bin/cmake /home/gusti/MagangBayu24-ROS2/tugas2/src/custom_interface -DCMAKE_INSTALL_PREFIX=/home/gusti/MagangBayu24-ROS2/tugas2/src/install/custom_interface
[0.838s] Invoking command in '/home/gusti/MagangBayu24-ROS2/tugas2/src/build/custom_interface': CMAKE_PREFIX_PATH=/opt/ros/foxy /usr/bin/cmake --build /home/gusti/MagangBayu24-ROS2/tugas2/src/build/custom_interface -- -j8 -l8
[0.872s] [  3%] [34m[1mGenerating C code for ROS interfaces[0m
[0.873s] [35m[1mScanning dependencies of target custom_interface__cpp[0m
[0.882s] [  6%] [34m[1mGenerating C++ code for ROS interfaces[0m
[1.091s] [35m[1mScanning dependencies of target custom_interface__rosidl_generator_c[0m
[1.099s] [  6%] Built target custom_interface__cpp
[1.101s] [  9%] [32mBuilding C object CMakeFiles/custom_interface__rosidl_generator_c.dir/rosidl_generator_c/custom_interface/msg/detail/message__functions.c.o[0m
[1.108s] [ 19%] [34m[1mGenerating C++ introspection for ROS interfaces[0m
[1.108s] [ 19%] [34m[1mGenerating C++ type support for eProsima Fast-RTPS[0m
[1.108s] [ 19%] [34m[1mGenerating C++ type support dispatch for ROS interfaces[0m
[1.144s] [ 22%] [32m[1mLinking C shared library libcustom_interface__rosidl_generator_c.so[0m
[1.175s] [ 22%] Built target custom_interface__rosidl_generator_c
[1.184s] [ 25%] [34m[1mGenerating C introspection for ROS interfaces[0m
[1.188s] [ 29%] [34m[1mGenerating C type support dispatch for ROS interfaces[0m
[1.308s] [35m[1mScanning dependencies of target custom_interface__rosidl_typesupport_cpp[0m
[1.319s] [35m[1mScanning dependencies of target custom_interface__rosidl_typesupport_introspection_cpp[0m
[1.322s] [ 32%] [32mBuilding CXX object CMakeFiles/custom_interface__rosidl_typesupport_cpp.dir/rosidl_typesupport_cpp/custom_interface/msg/message__type_support.cpp.o[0m
[1.333s] [ 35%] [32mBuilding CXX object CMakeFiles/custom_interface__rosidl_typesupport_introspection_cpp.dir/rosidl_typesupport_introspection_cpp/custom_interface/msg/detail/message__type_support.cpp.o[0m
[1.333s] [35m[1mScanning dependencies of target custom_interface__rosidl_typesupport_fastrtps_cpp[0m
[1.347s] [ 38%] [32mBuilding CXX object CMakeFiles/custom_interface__rosidl_typesupport_fastrtps_cpp.dir/rosidl_typesupport_fastrtps_cpp/custom_interface/msg/detail/dds_fastrtps/message__type_support.cpp.o[0m
[1.510s] [35m[1mScanning dependencies of target custom_interface__rosidl_typesupport_c[0m
[1.521s] [ 41%] [32mBuilding CXX object CMakeFiles/custom_interface__rosidl_typesupport_c.dir/rosidl_typesupport_c/custom_interface/msg/message__type_support.cpp.o[0m
[1.535s] [35m[1mScanning dependencies of target custom_interface__rosidl_typesupport_introspection_c[0m
[1.547s] [ 45%] [32mBuilding C object CMakeFiles/custom_interface__rosidl_typesupport_introspection_c.dir/rosidl_typesupport_introspection_c/custom_interface/msg/detail/message__type_support.c.o[0m
[1.555s] [ 48%] [32m[1mLinking CXX shared library libcustom_interface__rosidl_typesupport_c.so[0m
[1.581s] [ 51%] [32m[1mLinking C shared library libcustom_interface__rosidl_typesupport_introspection_c.so[0m
[1.608s] [ 51%] Built target custom_interface__rosidl_typesupport_c
[1.612s] [ 51%] Built target custom_interface__rosidl_typesupport_introspection_c
[1.613s] [ 54%] [32m[1mLinking CXX shared library libcustom_interface__rosidl_typesupport_cpp.so[0m
[1.618s] [ 58%] [32m[1mLinking CXX shared library libcustom_interface__rosidl_typesupport_introspection_cpp.so[0m
[1.649s] [ 58%] Built target custom_interface__rosidl_typesupport_cpp
[1.655s] [ 58%] Built target custom_interface__rosidl_typesupport_introspection_cpp
[1.768s] [ 61%] [32m[1mLinking CXX shared library libcustom_interface__rosidl_typesupport_fastrtps_cpp.so[0m
[1.847s] [ 61%] Built target custom_interface__rosidl_typesupport_fastrtps_cpp
[1.856s] [ 64%] [34m[1mGenerating C type support for eProsima Fast-RTPS[0m
[2.042s] [35m[1mScanning dependencies of target custom_interface__rosidl_typesupport_fastrtps_c[0m
[2.054s] [ 67%] [32mBuilding CXX object CMakeFiles/custom_interface__rosidl_typesupport_fastrtps_c.dir/rosidl_typesupport_fastrtps_c/custom_interface/msg/detail/message__type_support_c.cpp.o[0m
[2.358s] [ 70%] [32m[1mLinking CXX shared library libcustom_interface__rosidl_typesupport_fastrtps_c.so[0m
[2.436s] [ 70%] Built target custom_interface__rosidl_typesupport_fastrtps_c
[2.445s] [35m[1mScanning dependencies of target custom_interface[0m
[2.455s] [ 70%] Built target custom_interface
[2.464s] [35m[1mScanning dependencies of target custom_interface__py[0m
[2.473s] [ 74%] [34m[1mGenerating Python code for ROS interfaces[0m
[2.822s] [ 74%] Built target custom_interface__py
[2.831s] [35m[1mScanning dependencies of target custom_interface__python[0m
[2.847s] [ 77%] [32mBuilding C object CMakeFiles/custom_interface__python.dir/rosidl_generator_py/custom_interface/msg/_message_s.c.o[0m
[2.925s] [ 80%] [32m[1mLinking C shared library rosidl_generator_py/custom_interface/libcustom_interface__python.so[0m
[2.959s] [ 80%] Built target custom_interface__python
[2.968s] [35m[1mScanning dependencies of target custom_interface__rosidl_typesupport_c__pyext[0m
[2.969s] [35m[1mScanning dependencies of target custom_interface__rosidl_typesupport_introspection_c__pyext[0m
[2.969s] [35m[1mScanning dependencies of target custom_interface__rosidl_typesupport_fastrtps_c__pyext[0m
[2.985s] [ 87%] [32mBuilding C object CMakeFiles/custom_interface__rosidl_typesupport_introspection_c__pyext.dir/rosidl_generator_py/custom_interface/_custom_interface_s.ep.rosidl_typesupport_introspection_c.c.o[0m
[2.985s] [ 87%] [32mBuilding C object CMakeFiles/custom_interface__rosidl_typesupport_fastrtps_c__pyext.dir/rosidl_generator_py/custom_interface/_custom_interface_s.ep.rosidl_typesupport_fastrtps_c.c.o[0m
[2.986s] [ 90%] [32mBuilding C object CMakeFiles/custom_interface__rosidl_typesupport_c__pyext.dir/rosidl_generator_py/custom_interface/_custom_interface_s.ep.rosidl_typesupport_c.c.o[0m
[3.055s] [ 96%] [32m[1mLinking C shared library rosidl_generator_py/custom_interface/custom_interface_s__rosidl_typesupport_c.cpython-38-x86_64-linux-gnu.so[0m
[3.055s] [ 96%] [32m[1mLinking C shared library rosidl_generator_py/custom_interface/custom_interface_s__rosidl_typesupport_introspection_c.cpython-38-x86_64-linux-gnu.so[0m
[3.056s] [100%] [32m[1mLinking CXX shared library rosidl_generator_py/custom_interface/custom_interface_s__rosidl_typesupport_fastrtps_c.cpython-38-x86_64-linux-gnu.so[0m
[3.084s] [100%] Built target custom_interface__rosidl_typesupport_c__pyext
[3.084s] [100%] Built target custom_interface__rosidl_typesupport_introspection_c__pyext
[3.111s] [100%] Built target custom_interface__rosidl_typesupport_fastrtps_c__pyext
[3.121s] Invoked command in '/home/gusti/MagangBayu24-ROS2/tugas2/src/build/custom_interface' returned '0': CMAKE_PREFIX_PATH=/opt/ros/foxy /usr/bin/cmake --build /home/gusti/MagangBayu24-ROS2/tugas2/src/build/custom_interface -- -j8 -l8
[3.167s] Invoking command in '/home/gusti/MagangBayu24-ROS2/tugas2/src/build/custom_interface': CMAKE_PREFIX_PATH=/opt/ros/foxy /usr/bin/cmake --install /home/gusti/MagangBayu24-ROS2/tugas2/src/build/custom_interface
[3.174s] -- Install configuration: ""
[3.175s] -- Installing: /home/gusti/MagangBayu24-ROS2/tugas2/src/install/custom_interface/share/ament_index/resource_index/rosidl_interfaces/custom_interface
[3.175s] -- Installing: /home/gusti/MagangBayu24-ROS2/tugas2/src/install/custom_interface/include/custom_interface
[3.175s] -- Installing: /home/gusti/MagangBayu24-ROS2/tugas2/src/install/custom_interface/include/custom_interface/msg
[3.175s] -- Installing: /home/gusti/MagangBayu24-ROS2/tugas2/src/install/custom_interface/include/custom_interface/msg/rosidl_generator_c__visibility_control.h
[3.175s] -- Installing: /home/gusti/MagangBayu24-ROS2/tugas2/src/install/custom_interface/include/custom_interface/msg/detail
[3.175s] -- Installing: /home/gusti/MagangBayu24-ROS2/tugas2/src/install/custom_interface/include/custom_interface/msg/detail/message__functions.h
[3.175s] -- Installing: /home/gusti/MagangBayu24-ROS2/tugas2/src/install/custom_interface/include/custom_interface/msg/detail/message__functions.c
[3.175s] -- Installing: /home/gusti/MagangBayu24-ROS2/tugas2/src/install/custom_interface/include/custom_interface/msg/detail/message__type_support.h
[3.175s] -- Installing: /home/gusti/MagangBayu24-ROS2/tugas2/src/install/custom_interface/include/custom_interface/msg/detail/message__struct.h
[3.175s] -- Installing: /home/gusti/MagangBayu24-ROS2/tugas2/src/install/custom_interface/include/custom_interface/msg/message.h
[3.176s] -- Installing: /home/gusti/MagangBayu24-ROS2/tugas2/src/install/custom_interface/share/custom_interface/environment/library_path.sh
[3.176s] -- Installing: /home/gusti/MagangBayu24-ROS2/tugas2/src/install/custom_interface/share/custom_interface/environment/library_path.dsv
[3.176s] -- Installing: /home/gusti/MagangBayu24-ROS2/tugas2/src/install/custom_interface/lib/libcustom_interface__rosidl_generator_c.so
[3.176s] -- Set runtime path of "/home/gusti/MagangBayu24-ROS2/tugas2/src/install/custom_interface/lib/libcustom_interface__rosidl_generator_c.so" to ""
[3.176s] -- Up-to-date: /home/gusti/MagangBayu24-ROS2/tugas2/src/install/custom_interface/include/custom_interface
[3.176s] -- Up-to-date: /home/gusti/MagangBayu24-ROS2/tugas2/src/install/custom_interface/include/custom_interface/msg
[3.176s] -- Installing: /home/gusti/MagangBayu24-ROS2/tugas2/src/install/custom_interface/include/custom_interface/msg/rosidl_typesupport_fastrtps_c__visibility_control.h
[3.176s] -- Up-to-date: /home/gusti/MagangBayu24-ROS2/tugas2/src/install/custom_interface/include/custom_interface/msg/detail
[3.176s] -- Installing: /home/gusti/MagangBayu24-ROS2/tugas2/src/install/custom_interface/include/custom_interface/msg/detail/message__rosidl_typesupport_fastrtps_c.h
[3.176s] -- Installing: /home/gusti/MagangBayu24-ROS2/tugas2/src/install/custom_interface/lib/libcustom_interface__rosidl_typesupport_fastrtps_c.so
[3.176s] -- Set runtime path of "/home/gusti/MagangBayu24-ROS2/tugas2/src/install/custom_interface/lib/libcustom_interface__rosidl_typesupport_fastrtps_c.so" to ""
[3.176s] -- Up-to-date: /home/gusti/MagangBayu24-ROS2/tugas2/src/install/custom_interface/include/custom_interface
[3.176s] -- Up-to-date: /home/gusti/MagangBayu24-ROS2/tugas2/src/install/custom_interface/include/custom_interface/msg
[3.176s] -- Installing: /home/gusti/MagangBayu24-ROS2/tugas2/src/install/custom_interface/include/custom_interface/msg/rosidl_typesupport_fastrtps_cpp__visibility_control.h
[3.177s] -- Up-to-date: /home/gusti/MagangBayu24-ROS2/tugas2/src/install/custom_interface/include/custom_interface/msg/detail
[3.177s] -- Installing: /home/gusti/MagangBayu24-ROS2/tugas2/src/install/custom_interface/include/custom_interface/msg/detail/dds_fastrtps
[3.177s] -- Installing: /home/gusti/MagangBayu24-ROS2/tugas2/src/install/custom_interface/include/custom_interface/msg/detail/message__rosidl_typesupport_fastrtps_cpp.hpp
[3.177s] -- Installing: /home/gusti/MagangBayu24-ROS2/tugas2/src/install/custom_interface/lib/libcustom_interface__rosidl_typesupport_fastrtps_cpp.so
[3.177s] -- Set runtime path of "/home/gusti/MagangBayu24-ROS2/tugas2/src/install/custom_interface/lib/libcustom_interface__rosidl_typesupport_fastrtps_cpp.so" to ""
[3.177s] -- Up-to-date: /home/gusti/MagangBayu24-ROS2/tugas2/src/install/custom_interface/include/custom_interface
[3.177s] -- Up-to-date: /home/gusti/MagangBayu24-ROS2/tugas2/src/install/custom_interface/include/custom_interface/msg
[3.177s] -- Installing: /home/gusti/MagangBayu24-ROS2/tugas2/src/install/custom_interface/include/custom_interface/msg/rosidl_typesupport_introspection_c__visibility_control.h
[3.177s] -- Up-to-date: /home/gusti/MagangBayu24-ROS2/tugas2/src/install/custom_interface/include/custom_interface/msg/detail
[3.177s] -- Installing: /home/gusti/MagangBayu24-ROS2/tugas2/src/install/custom_interface/include/custom_interface/msg/detail/message__type_support.c
[3.177s] -- Installing: /home/gusti/MagangBayu24-ROS2/tugas2/src/install/custom_interface/include/custom_interface/msg/detail/message__rosidl_typesupport_introspection_c.h
[3.177s] -- Installing: /home/gusti/MagangBayu24-ROS2/tugas2/src/install/custom_interface/lib/libcustom_interface__rosidl_typesupport_introspection_c.so
[3.178s] -- Set runtime path of "/home/gusti/MagangBayu24-ROS2/tugas2/src/install/custom_interface/lib/libcustom_interface__rosidl_typesupport_introspection_c.so" to ""
[3.178s] -- Installing: /home/gusti/MagangBayu24-ROS2/tugas2/src/install/custom_interface/lib/libcustom_interface__rosidl_typesupport_c.so
[3.178s] -- Set runtime path of "/home/gusti/MagangBayu24-ROS2/tugas2/src/install/custom_interface/lib/libcustom_interface__rosidl_typesupport_c.so" to ""
[3.178s] -- Up-to-date: /home/gusti/MagangBayu24-ROS2/tugas2/src/install/custom_interface/include/custom_interface
[3.178s] -- Up-to-date: /home/gusti/MagangBayu24-ROS2/tugas2/src/install/custom_interface/include/custom_interface/msg
[3.178s] -- Installing: /home/gusti/MagangBayu24-ROS2/tugas2/src/install/custom_interface/include/custom_interface/msg/rosidl_generator_cpp__visibility_control.hpp
[3.178s] -- Up-to-date: /home/gusti/MagangBayu24-ROS2/tugas2/src/install/custom_interface/include/custom_interface/msg/detail
[3.178s] -- Installing: /home/gusti/MagangBayu24-ROS2/tugas2/src/install/custom_interface/include/custom_interface/msg/detail/message__struct.hpp
[3.179s] -- Installing: /home/gusti/MagangBayu24-ROS2/tugas2/src/install/custom_interface/include/custom_interface/msg/detail/message__traits.hpp
[3.179s] -- Installing: /home/gusti/MagangBayu24-ROS2/tugas2/src/install/custom_interface/include/custom_interface/msg/detail/message__type_support.hpp
[3.179s] -- Installing: /home/gusti/MagangBayu24-ROS2/tugas2/src/install/custom_interface/include/custom_interface/msg/detail/message__builder.hpp
[3.179s] -- Installing: /home/gusti/MagangBayu24-ROS2/tugas2/src/install/custom_interface/include/custom_interface/msg/message.hpp
[3.179s] -- Up-to-date: /home/gusti/MagangBayu24-ROS2/tugas2/src/install/custom_interface/include/custom_interface
[3.179s] -- Up-to-date: /home/gusti/MagangBayu24-ROS2/tugas2/src/install/custom_interface/include/custom_interface/msg
[3.179s] -- Up-to-date: /home/gusti/MagangBayu24-ROS2/tugas2/src/install/custom_interface/include/custom_interface/msg/detail
[3.179s] -- Installing: /home/gusti/MagangBayu24-ROS2/tugas2/src/install/custom_interface/include/custom_interface/msg/detail/message__type_support.cpp
[3.179s] -- Installing: /home/gusti/MagangBayu24-ROS2/tugas2/src/install/custom_interface/include/custom_interface/msg/detail/message__rosidl_typesupport_introspection_cpp.hpp
[3.179s] -- Installing: /home/gusti/MagangBayu24-ROS2/tugas2/src/install/custom_interface/lib/libcustom_interface__rosidl_typesupport_introspection_cpp.so
[3.179s] -- Set runtime path of "/home/gusti/MagangBayu24-ROS2/tugas2/src/install/custom_interface/lib/libcustom_interface__rosidl_typesupport_introspection_cpp.so" to ""
[3.179s] -- Installing: /home/gusti/MagangBayu24-ROS2/tugas2/src/install/custom_interface/lib/libcustom_interface__rosidl_typesupport_cpp.so
[3.179s] -- Set runtime path of "/home/gusti/MagangBayu24-ROS2/tugas2/src/install/custom_interface/lib/libcustom_interface__rosidl_typesupport_cpp.so" to ""
[3.179s] -- Installing: /home/gusti/MagangBayu24-ROS2/tugas2/src/install/custom_interface/share/custom_interface/environment/pythonpath.sh
[3.180s] -- Installing: /home/gusti/MagangBayu24-ROS2/tugas2/src/install/custom_interface/share/custom_interface/environment/pythonpath.dsv
[3.180s] -- Installing: /home/gusti/MagangBayu24-ROS2/tugas2/src/install/custom_interface/lib/python3.8/site-packages/custom_interface/__init__.py
[3.205s] Compiling '/home/gusti/MagangBayu24-ROS2/tugas2/src/install/custom_interface/lib/python3.8/site-packages/custom_interface/__init__.py'...
[3.209s] -- Installing: /home/gusti/MagangBayu24-ROS2/tugas2/src/install/custom_interface/lib/python3.8/site-packages/custom_interface/msg
[3.209s] -- Installing: /home/gusti/MagangBayu24-ROS2/tugas2/src/install/custom_interface/lib/python3.8/site-packages/custom_interface/msg/_message_s.c
[3.209s] -- Installing: /home/gusti/MagangBayu24-ROS2/tugas2/src/install/custom_interface/lib/python3.8/site-packages/custom_interface/msg/__init__.py
[3.209s] -- Installing: /home/gusti/MagangBayu24-ROS2/tugas2/src/install/custom_interface/lib/python3.8/site-packages/custom_interface/msg/_message.py
[3.209s] -- Installing: /home/gusti/MagangBayu24-ROS2/tugas2/src/install/custom_interface/lib/python3.8/site-packages/custom_interface/custom_interface_s__rosidl_typesupport_fastrtps_c.cpython-38-x86_64-linux-gnu.so
[3.210s] -- Set runtime path of "/home/gusti/MagangBayu24-ROS2/tugas2/src/install/custom_interface/lib/python3.8/site-packages/custom_interface/custom_interface_s__rosidl_typesupport_fastrtps_c.cpython-38-x86_64-linux-gnu.so" to ""
[3.210s] -- Installing: /home/gusti/MagangBayu24-ROS2/tugas2/src/install/custom_interface/lib/python3.8/site-packages/custom_interface/custom_interface_s__rosidl_typesupport_introspection_c.cpython-38-x86_64-linux-gnu.so
[3.210s] -- Set runtime path of "/home/gusti/MagangBayu24-ROS2/tugas2/src/install/custom_interface/lib/python3.8/site-packages/custom_interface/custom_interface_s__rosidl_typesupport_introspection_c.cpython-38-x86_64-linux-gnu.so" to ""
[3.211s] -- Installing: /home/gusti/MagangBayu24-ROS2/tugas2/src/install/custom_interface/lib/python3.8/site-packages/custom_interface/custom_interface_s__rosidl_typesupport_c.cpython-38-x86_64-linux-gnu.so
[3.211s] -- Set runtime path of "/home/gusti/MagangBayu24-ROS2/tugas2/src/install/custom_interface/lib/python3.8/site-packages/custom_interface/custom_interface_s__rosidl_typesupport_c.cpython-38-x86_64-linux-gnu.so" to ""
[3.211s] -- Installing: /home/gusti/MagangBayu24-ROS2/tugas2/src/install/custom_interface/lib/libcustom_interface__python.so
[3.211s] -- Set runtime path of "/home/gusti/MagangBayu24-ROS2/tugas2/src/install/custom_interface/lib/libcustom_interface__python.so" to ""
[3.212s] -- Installing: /home/gusti/MagangBayu24-ROS2/tugas2/src/install/custom_interface/share/custom_interface/msg/Message.idl
[3.212s] -- Installing: /home/gusti/MagangBayu24-ROS2/tugas2/src/install/custom_interface/share/custom_interface/msg/Message.msg
[3.212s] -- Installing: /home/gusti/MagangBayu24-ROS2/tugas2/src/install/custom_interface/share/ament_index/resource_index/package_run_dependencies/custom_interface
[3.212s] -- Installing: /home/gusti/MagangBayu24-ROS2/tugas2/src/install/custom_interface/share/ament_index/resource_index/parent_prefix_path/custom_interface
[3.212s] -- Installing: /home/gusti/MagangBayu24-ROS2/tugas2/src/install/custom_interface/share/custom_interface/environment/ament_prefix_path.sh
[3.212s] -- Installing: /home/gusti/MagangBayu24-ROS2/tugas2/src/install/custom_interface/share/custom_interface/environment/ament_prefix_path.dsv
[3.212s] -- Installing: /home/gusti/MagangBayu24-ROS2/tugas2/src/install/custom_interface/share/custom_interface/environment/path.sh
[3.213s] -- Installing: /home/gusti/MagangBayu24-ROS2/tugas2/src/install/custom_interface/share/custom_interface/environment/path.dsv
[3.213s] -- Installing: /home/gusti/MagangBayu24-ROS2/tugas2/src/install/custom_interface/share/custom_interface/local_setup.bash
[3.213s] -- Installing: /home/gusti/MagangBayu24-ROS2/tugas2/src/install/custom_interface/share/custom_interface/local_setup.sh
[3.213s] -- Installing: /home/gusti/MagangBayu24-ROS2/tugas2/src/install/custom_interface/share/custom_interface/local_setup.zsh
[3.213s] -- Installing: /home/gusti/MagangBayu24-ROS2/tugas2/src/install/custom_interface/share/custom_interface/local_setup.dsv
[3.213s] -- Installing: /home/gusti/MagangBayu24-ROS2/tugas2/src/install/custom_interface/share/custom_interface/package.dsv
[3.213s] -- Installing: /home/gusti/MagangBayu24-ROS2/tugas2/src/install/custom_interface/share/ament_index/resource_index/packages/custom_interface
[3.214s] -- Installing: /home/gusti/MagangBayu24-ROS2/tugas2/src/install/custom_interface/share/custom_interface/cmake/custom_interface__rosidl_generator_cExport.cmake
[3.214s] -- Installing: /home/gusti/MagangBayu24-ROS2/tugas2/src/install/custom_interface/share/custom_interface/cmake/custom_interface__rosidl_generator_cExport-noconfig.cmake
[3.214s] -- Installing: /home/gusti/MagangBayu24-ROS2/tugas2/src/install/custom_interface/share/custom_interface/cmake/custom_interface__rosidl_typesupport_introspection_cExport.cmake
[3.214s] -- Installing: /home/gusti/MagangBayu24-ROS2/tugas2/src/install/custom_interface/share/custom_interface/cmake/custom_interface__rosidl_typesupport_introspection_cExport-noconfig.cmake
[3.214s] -- Installing: /home/gusti/MagangBayu24-ROS2/tugas2/src/install/custom_interface/share/custom_interface/cmake/custom_interface__rosidl_typesupport_cExport.cmake
[3.215s] -- Installing: /home/gusti/MagangBayu24-ROS2/tugas2/src/install/custom_interface/share/custom_interface/cmake/custom_interface__rosidl_typesupport_cExport-noconfig.cmake
[3.215s] -- Installing: /home/gusti/MagangBayu24-ROS2/tugas2/src/install/custom_interface/share/custom_interface/cmake/custom_interface__rosidl_generator_cppExport.cmake
[3.215s] -- Installing: /home/gusti/MagangBayu24-ROS2/tugas2/src/install/custom_interface/share/custom_interface/cmake/custom_interface__rosidl_typesupport_introspection_cppExport.cmake
[3.215s] -- Installing: /home/gusti/MagangBayu24-ROS2/tugas2/src/install/custom_interface/share/custom_interface/cmake/custom_interface__rosidl_typesupport_introspection_cppExport-noconfig.cmake
[3.215s] -- Installing: /home/gusti/MagangBayu24-ROS2/tugas2/src/install/custom_interface/share/custom_interface/cmake/custom_interface__rosidl_typesupport_cppExport.cmake
[3.215s] -- Installing: /home/gusti/MagangBayu24-ROS2/tugas2/src/install/custom_interface/share/custom_interface/cmake/custom_interface__rosidl_typesupport_cppExport-noconfig.cmake
[3.216s] -- Installing: /home/gusti/MagangBayu24-ROS2/tugas2/src/install/custom_interface/share/custom_interface/cmake/rosidl_cmake-extras.cmake
[3.216s] -- Installing: /home/gusti/MagangBayu24-ROS2/tugas2/src/install/custom_interface/share/custom_interface/cmake/ament_cmake_export_dependencies-extras.cmake
[3.216s] -- Installing: /home/gusti/MagangBayu24-ROS2/tugas2/src/install/custom_interface/share/custom_interface/cmake/ament_cmake_export_libraries-extras.cmake
[3.216s] -- Installing: /home/gusti/MagangBayu24-ROS2/tugas2/src/install/custom_interface/share/custom_interface/cmake/ament_cmake_export_targets-extras.cmake
[3.216s] -- Installing: /home/gusti/MagangBayu24-ROS2/tugas2/src/install/custom_interface/share/custom_interface/cmake/ament_cmake_export_include_directories-extras.cmake
[3.216s] -- Installing: /home/gusti/MagangBayu24-ROS2/tugas2/src/install/custom_interface/share/custom_interface/cmake/rosidl_cmake_export_typesupport_libraries-extras.cmake
[3.217s] -- Installing: /home/gusti/MagangBayu24-ROS2/tugas2/src/install/custom_interface/share/custom_interface/cmake/rosidl_cmake_export_typesupport_targets-extras.cmake
[3.217s] -- Installing: /home/gusti/MagangBayu24-ROS2/tugas2/src/install/custom_interface/share/custom_interface/cmake/custom_interfaceConfig.cmake
[3.217s] -- Installing: /home/gusti/MagangBayu24-ROS2/tugas2/src/install/custom_interface/share/custom_interface/cmake/custom_interfaceConfig-version.cmake
[3.217s] -- Installing: /home/gusti/MagangBayu24-ROS2/tugas2/src/install/custom_interface/share/custom_interface/package.xml
[3.219s] Invoked command in '/home/gusti/MagangBayu24-ROS2/tugas2/src/build/custom_interface' returned '0': CMAKE_PREFIX_PATH=/opt/ros/foxy /usr/bin/cmake --install /home/gusti/MagangBayu24-ROS2/tugas2/src/build/custom_interface
