[0.150s] Invoking command in '/home/gusti/MagangBayu24-ROS2/tugas1/src/build/num_interfaces': CMAKE_PREFIX_PATH=/opt/ros/foxy /usr/bin/cmake /home/gusti/MagangBayu24-ROS2/tugas1/src/num_interfaces -DCMAKE_INSTALL_PREFIX=/home/gusti/MagangBayu24-ROS2/tugas1/src/install/num_interfaces
[0.165s] -- Found ament_cmake: 0.9.12 (/opt/ros/foxy/share/ament_cmake/cmake)
[0.186s] -- Found PythonInterp: /usr/bin/python3 (found suitable version "3.8.10", minimum required is "3") 
[0.186s] -- Using PYTHON_EXECUTABLE: /usr/bin/python3
[0.377s] -- Found rosidl_default_generators: 1.0.1 (/opt/ros/foxy/share/rosidl_default_generators/cmake)
[0.379s] -- Using all available rosidl_typesupport_c: rosidl_typesupport_fastrtps_c;rosidl_typesupport_introspection_c
[0.382s] -- Found rosidl_adapter: 1.3.1 (/opt/ros/foxy/share/rosidl_adapter/cmake)
[0.500s] -- Using all available rosidl_typesupport_cpp: rosidl_typesupport_fastrtps_cpp;rosidl_typesupport_introspection_cpp
[0.541s] -- Found PythonInterp: /usr/bin/python3 (found version "3.8.10") 
[0.644s] -- Found ament_cmake_ros: 0.9.2 (/opt/ros/foxy/share/ament_cmake_ros/cmake)
[0.725s] -- Using all available rosidl_typesupport_c: rosidl_typesupport_fastrtps_c;rosidl_typesupport_introspection_c
[0.733s] -- Using all available rosidl_typesupport_cpp: rosidl_typesupport_fastrtps_cpp;rosidl_typesupport_introspection_cpp
[0.753s] -- Found PythonInterp: /usr/bin/python3 (found suitable version "3.8.10", minimum required is "3.5") 
[0.754s] -- Found python_cmake_module: 0.8.1 (/opt/ros/foxy/share/python_cmake_module/cmake)
[0.778s] -- Found PythonLibs: /usr/lib/x86_64-linux-gnu/libpython3.8.so (found suitable version "3.8.10", minimum required is "3.5") 
[0.778s] -- Using PYTHON_EXECUTABLE: /usr/bin/python3
[0.778s] -- Using PYTHON_INCLUDE_DIRS: /usr/include/python3.8
[0.778s] -- Using PYTHON_LIBRARIES: /usr/lib/x86_64-linux-gnu/libpython3.8.so
[0.797s] -- Found PythonExtra: .so  
[0.836s] -- Found ament_lint_auto: 0.9.8 (/opt/ros/foxy/share/ament_lint_auto/cmake)
[0.855s] -- Added test 'copyright' to check source files copyright and LICENSE
[0.857s] -- Added test 'lint_cmake' to check CMake code style
[0.858s] -- Added test 'xmllint' to check XML markup files
[0.863s] -- Configuring done
[0.897s] -- Generating done
[0.901s] -- Build files have been written to: /home/gusti/MagangBayu24-ROS2/tugas1/src/build/num_interfaces
[0.909s] Invoked command in '/home/gusti/MagangBayu24-ROS2/tugas1/src/build/num_interfaces' returned '0': CMAKE_PREFIX_PATH=/opt/ros/foxy /usr/bin/cmake /home/gusti/MagangBayu24-ROS2/tugas1/src/num_interfaces -DCMAKE_INSTALL_PREFIX=/home/gusti/MagangBayu24-ROS2/tugas1/src/install/num_interfaces
[0.912s] Invoking command in '/home/gusti/MagangBayu24-ROS2/tugas1/src/build/num_interfaces': CMAKE_PREFIX_PATH=/opt/ros/foxy /usr/bin/cmake --build /home/gusti/MagangBayu24-ROS2/tugas1/src/build/num_interfaces -- -j8 -l8
[0.949s] [  3%] [34m[1mGenerating C code for ROS interfaces[0m
[0.949s] [35m[1mScanning dependencies of target num_interfaces__cpp[0m
[0.959s] [  6%] [34m[1mGenerating C++ code for ROS interfaces[0m
[1.166s] [  6%] Built target num_interfaces__cpp
[1.175s] [ 16%] [34m[1mGenerating C++ introspection for ROS interfaces[0m
[1.176s] [ 16%] [34m[1mGenerating C++ type support for eProsima Fast-RTPS[0m
[1.176s] [ 16%] [34m[1mGenerating C++ type support dispatch for ROS interfaces[0m
[1.178s] [35m[1mScanning dependencies of target num_interfaces__rosidl_generator_c[0m
[1.189s] [ 19%] [32mBuilding C object CMakeFiles/num_interfaces__rosidl_generator_c.dir/rosidl_generator_c/num_interfaces/msg/detail/num__functions.c.o[0m
[1.234s] [ 22%] [32m[1mLinking C shared library libnum_interfaces__rosidl_generator_c.so[0m
[1.266s] [ 22%] Built target num_interfaces__rosidl_generator_c
[1.275s] [ 29%] [34m[1mGenerating C introspection for ROS interfaces[0m
[1.275s] [ 29%] [34m[1mGenerating C type support dispatch for ROS interfaces[0m
[1.389s] [35m[1mScanning dependencies of target num_interfaces__rosidl_typesupport_introspection_cpp[0m
[1.403s] [ 32%] [32mBuilding CXX object CMakeFiles/num_interfaces__rosidl_typesupport_introspection_cpp.dir/rosidl_typesupport_introspection_cpp/num_interfaces/msg/detail/num__type_support.cpp.o[0m
[1.475s] [35m[1mScanning dependencies of target num_interfaces__rosidl_typesupport_c[0m
[1.491s] [ 35%] [32mBuilding CXX object CMakeFiles/num_interfaces__rosidl_typesupport_c.dir/rosidl_typesupport_c/num_interfaces/msg/num__type_support.cpp.o[0m
[1.499s] [35m[1mScanning dependencies of target num_interfaces__rosidl_typesupport_introspection_c[0m
[1.510s] [35m[1mScanning dependencies of target num_interfaces__rosidl_typesupport_cpp[0m
[1.510s] [ 38%] [32mBuilding C object CMakeFiles/num_interfaces__rosidl_typesupport_introspection_c.dir/rosidl_typesupport_introspection_c/num_interfaces/msg/detail/num__type_support.c.o[0m
[1.526s] [ 41%] [32m[1mLinking CXX shared library libnum_interfaces__rosidl_typesupport_c.so[0m
[1.527s] [ 45%] [32mBuilding CXX object CMakeFiles/num_interfaces__rosidl_typesupport_cpp.dir/rosidl_typesupport_cpp/num_interfaces/msg/num__type_support.cpp.o[0m
[1.543s] [35m[1mScanning dependencies of target num_interfaces__rosidl_typesupport_fastrtps_cpp[0m
[1.549s] [ 48%] [32m[1mLinking C shared library libnum_interfaces__rosidl_typesupport_introspection_c.so[0m
[1.560s] [ 51%] [32mBuilding CXX object CMakeFiles/num_interfaces__rosidl_typesupport_fastrtps_cpp.dir/rosidl_typesupport_fastrtps_cpp/num_interfaces/msg/detail/dds_fastrtps/num__type_support.cpp.o[0m
[1.577s] [ 51%] Built target num_interfaces__rosidl_typesupport_c
[1.582s] [ 51%] Built target num_interfaces__rosidl_typesupport_introspection_c
[1.705s] [ 54%] [32m[1mLinking CXX shared library libnum_interfaces__rosidl_typesupport_introspection_cpp.so[0m
[1.746s] [ 54%] Built target num_interfaces__rosidl_typesupport_introspection_cpp
[1.811s] [ 58%] [32m[1mLinking CXX shared library libnum_interfaces__rosidl_typesupport_cpp.so[0m
[1.848s] [ 58%] Built target num_interfaces__rosidl_typesupport_cpp
[1.959s] [ 61%] [32m[1mLinking CXX shared library libnum_interfaces__rosidl_typesupport_fastrtps_cpp.so[0m
[2.043s] [ 61%] Built target num_interfaces__rosidl_typesupport_fastrtps_cpp
[2.053s] [ 64%] [34m[1mGenerating C type support for eProsima Fast-RTPS[0m
[2.243s] [35m[1mScanning dependencies of target num_interfaces__rosidl_typesupport_fastrtps_c[0m
[2.255s] [ 67%] [32mBuilding CXX object CMakeFiles/num_interfaces__rosidl_typesupport_fastrtps_c.dir/rosidl_typesupport_fastrtps_c/num_interfaces/msg/detail/num__type_support_c.cpp.o[0m
[2.561s] [ 70%] [32m[1mLinking CXX shared library libnum_interfaces__rosidl_typesupport_fastrtps_c.so[0m
[2.645s] [ 70%] Built target num_interfaces__rosidl_typesupport_fastrtps_c
[2.655s] [35m[1mScanning dependencies of target num_interfaces[0m
[2.665s] [ 70%] Built target num_interfaces
[2.674s] [35m[1mScanning dependencies of target num_interfaces__py[0m
[2.684s] [ 74%] [34m[1mGenerating Python code for ROS interfaces[0m
[3.016s] [ 74%] Built target num_interfaces__py
[3.025s] [35m[1mScanning dependencies of target num_interfaces__python[0m
[3.042s] [ 77%] [32mBuilding C object CMakeFiles/num_interfaces__python.dir/rosidl_generator_py/num_interfaces/msg/_num_s.c.o[0m
[3.121s] [ 80%] [32m[1mLinking C shared library rosidl_generator_py/num_interfaces/libnum_interfaces__python.so[0m
[3.157s] [ 80%] Built target num_interfaces__python
[3.167s] [35m[1mScanning dependencies of target num_interfaces__rosidl_typesupport_c__pyext[0m
[3.167s] [35m[1mScanning dependencies of target num_interfaces__rosidl_typesupport_introspection_c__pyext[0m
[3.167s] [35m[1mScanning dependencies of target num_interfaces__rosidl_typesupport_fastrtps_c__pyext[0m
[3.183s] [ 83%] [32mBuilding C object CMakeFiles/num_interfaces__rosidl_typesupport_c__pyext.dir/rosidl_generator_py/num_interfaces/_num_interfaces_s.ep.rosidl_typesupport_c.c.o[0m
[3.185s] [ 87%] [32mBuilding C object CMakeFiles/num_interfaces__rosidl_typesupport_fastrtps_c__pyext.dir/rosidl_generator_py/num_interfaces/_num_interfaces_s.ep.rosidl_typesupport_fastrtps_c.c.o[0m
[3.189s] [ 90%] [32mBuilding C object CMakeFiles/num_interfaces__rosidl_typesupport_introspection_c__pyext.dir/rosidl_generator_py/num_interfaces/_num_interfaces_s.ep.rosidl_typesupport_introspection_c.c.o[0m
[3.258s] [ 93%] [32m[1mLinking C shared library rosidl_generator_py/num_interfaces/num_interfaces_s__rosidl_typesupport_c.cpython-38-x86_64-linux-gnu.so[0m
[3.265s] [100%] [32m[1mLinking CXX shared library rosidl_generator_py/num_interfaces/num_interfaces_s__rosidl_typesupport_fastrtps_c.cpython-38-x86_64-linux-gnu.so[0m
[3.266s] [100%] [32m[1mLinking C shared library rosidl_generator_py/num_interfaces/num_interfaces_s__rosidl_typesupport_introspection_c.cpython-38-x86_64-linux-gnu.so[0m
[3.287s] [100%] Built target num_interfaces__rosidl_typesupport_c__pyext
[3.295s] [100%] Built target num_interfaces__rosidl_typesupport_introspection_c__pyext
[3.322s] [100%] Built target num_interfaces__rosidl_typesupport_fastrtps_c__pyext
[3.333s] Invoked command in '/home/gusti/MagangBayu24-ROS2/tugas1/src/build/num_interfaces' returned '0': CMAKE_PREFIX_PATH=/opt/ros/foxy /usr/bin/cmake --build /home/gusti/MagangBayu24-ROS2/tugas1/src/build/num_interfaces -- -j8 -l8
[3.380s] Invoking command in '/home/gusti/MagangBayu24-ROS2/tugas1/src/build/num_interfaces': CMAKE_PREFIX_PATH=/opt/ros/foxy /usr/bin/cmake --install /home/gusti/MagangBayu24-ROS2/tugas1/src/build/num_interfaces
[3.388s] -- Install configuration: ""
[3.388s] -- Installing: /home/gusti/MagangBayu24-ROS2/tugas1/src/install/num_interfaces/share/ament_index/resource_index/rosidl_interfaces/num_interfaces
[3.388s] -- Installing: /home/gusti/MagangBayu24-ROS2/tugas1/src/install/num_interfaces/include/num_interfaces
[3.389s] -- Installing: /home/gusti/MagangBayu24-ROS2/tugas1/src/install/num_interfaces/include/num_interfaces/msg
[3.389s] -- Installing: /home/gusti/MagangBayu24-ROS2/tugas1/src/install/num_interfaces/include/num_interfaces/msg/rosidl_generator_c__visibility_control.h
[3.389s] -- Installing: /home/gusti/MagangBayu24-ROS2/tugas1/src/install/num_interfaces/include/num_interfaces/msg/num.h
[3.389s] -- Installing: /home/gusti/MagangBayu24-ROS2/tugas1/src/install/num_interfaces/include/num_interfaces/msg/detail
[3.389s] -- Installing: /home/gusti/MagangBayu24-ROS2/tugas1/src/install/num_interfaces/include/num_interfaces/msg/detail/num__functions.h
[3.389s] -- Installing: /home/gusti/MagangBayu24-ROS2/tugas1/src/install/num_interfaces/include/num_interfaces/msg/detail/num__type_support.h
[3.389s] -- Installing: /home/gusti/MagangBayu24-ROS2/tugas1/src/install/num_interfaces/include/num_interfaces/msg/detail/num__struct.h
[3.389s] -- Installing: /home/gusti/MagangBayu24-ROS2/tugas1/src/install/num_interfaces/include/num_interfaces/msg/detail/num__functions.c
[3.389s] -- Installing: /home/gusti/MagangBayu24-ROS2/tugas1/src/install/num_interfaces/share/num_interfaces/environment/library_path.sh
[3.389s] -- Installing: /home/gusti/MagangBayu24-ROS2/tugas1/src/install/num_interfaces/share/num_interfaces/environment/library_path.dsv
[3.390s] -- Installing: /home/gusti/MagangBayu24-ROS2/tugas1/src/install/num_interfaces/lib/libnum_interfaces__rosidl_generator_c.so
[3.390s] -- Set runtime path of "/home/gusti/MagangBayu24-ROS2/tugas1/src/install/num_interfaces/lib/libnum_interfaces__rosidl_generator_c.so" to ""
[3.390s] -- Up-to-date: /home/gusti/MagangBayu24-ROS2/tugas1/src/install/num_interfaces/include/num_interfaces
[3.390s] -- Up-to-date: /home/gusti/MagangBayu24-ROS2/tugas1/src/install/num_interfaces/include/num_interfaces/msg
[3.390s] -- Installing: /home/gusti/MagangBayu24-ROS2/tugas1/src/install/num_interfaces/include/num_interfaces/msg/rosidl_typesupport_fastrtps_c__visibility_control.h
[3.390s] -- Up-to-date: /home/gusti/MagangBayu24-ROS2/tugas1/src/install/num_interfaces/include/num_interfaces/msg/detail
[3.390s] -- Installing: /home/gusti/MagangBayu24-ROS2/tugas1/src/install/num_interfaces/include/num_interfaces/msg/detail/num__rosidl_typesupport_fastrtps_c.h
[3.390s] -- Installing: /home/gusti/MagangBayu24-ROS2/tugas1/src/install/num_interfaces/lib/libnum_interfaces__rosidl_typesupport_fastrtps_c.so
[3.390s] -- Set runtime path of "/home/gusti/MagangBayu24-ROS2/tugas1/src/install/num_interfaces/lib/libnum_interfaces__rosidl_typesupport_fastrtps_c.so" to ""
[3.390s] -- Up-to-date: /home/gusti/MagangBayu24-ROS2/tugas1/src/install/num_interfaces/include/num_interfaces
[3.390s] -- Up-to-date: /home/gusti/MagangBayu24-ROS2/tugas1/src/install/num_interfaces/include/num_interfaces/msg
[3.391s] -- Installing: /home/gusti/MagangBayu24-ROS2/tugas1/src/install/num_interfaces/include/num_interfaces/msg/rosidl_typesupport_fastrtps_cpp__visibility_control.h
[3.391s] -- Up-to-date: /home/gusti/MagangBayu24-ROS2/tugas1/src/install/num_interfaces/include/num_interfaces/msg/detail
[3.391s] -- Installing: /home/gusti/MagangBayu24-ROS2/tugas1/src/install/num_interfaces/include/num_interfaces/msg/detail/dds_fastrtps
[3.391s] -- Installing: /home/gusti/MagangBayu24-ROS2/tugas1/src/install/num_interfaces/include/num_interfaces/msg/detail/num__rosidl_typesupport_fastrtps_cpp.hpp
[3.391s] -- Installing: /home/gusti/MagangBayu24-ROS2/tugas1/src/install/num_interfaces/lib/libnum_interfaces__rosidl_typesupport_fastrtps_cpp.so
[3.391s] -- Set runtime path of "/home/gusti/MagangBayu24-ROS2/tugas1/src/install/num_interfaces/lib/libnum_interfaces__rosidl_typesupport_fastrtps_cpp.so" to ""
[3.391s] -- Up-to-date: /home/gusti/MagangBayu24-ROS2/tugas1/src/install/num_interfaces/include/num_interfaces
[3.391s] -- Up-to-date: /home/gusti/MagangBayu24-ROS2/tugas1/src/install/num_interfaces/include/num_interfaces/msg
[3.391s] -- Installing: /home/gusti/MagangBayu24-ROS2/tugas1/src/install/num_interfaces/include/num_interfaces/msg/rosidl_typesupport_introspection_c__visibility_control.h
[3.391s] -- Up-to-date: /home/gusti/MagangBayu24-ROS2/tugas1/src/install/num_interfaces/include/num_interfaces/msg/detail
[3.392s] -- Installing: /home/gusti/MagangBayu24-ROS2/tugas1/src/install/num_interfaces/include/num_interfaces/msg/detail/num__type_support.c
[3.392s] -- Installing: /home/gusti/MagangBayu24-ROS2/tugas1/src/install/num_interfaces/include/num_interfaces/msg/detail/num__rosidl_typesupport_introspection_c.h
[3.392s] -- Installing: /home/gusti/MagangBayu24-ROS2/tugas1/src/install/num_interfaces/lib/libnum_interfaces__rosidl_typesupport_introspection_c.so
[3.392s] -- Set runtime path of "/home/gusti/MagangBayu24-ROS2/tugas1/src/install/num_interfaces/lib/libnum_interfaces__rosidl_typesupport_introspection_c.so" to ""
[3.392s] -- Installing: /home/gusti/MagangBayu24-ROS2/tugas1/src/install/num_interfaces/lib/libnum_interfaces__rosidl_typesupport_c.so
[3.392s] -- Set runtime path of "/home/gusti/MagangBayu24-ROS2/tugas1/src/install/num_interfaces/lib/libnum_interfaces__rosidl_typesupport_c.so" to ""
[3.392s] -- Up-to-date: /home/gusti/MagangBayu24-ROS2/tugas1/src/install/num_interfaces/include/num_interfaces
[3.392s] -- Up-to-date: /home/gusti/MagangBayu24-ROS2/tugas1/src/install/num_interfaces/include/num_interfaces/msg
[3.392s] -- Installing: /home/gusti/MagangBayu24-ROS2/tugas1/src/install/num_interfaces/include/num_interfaces/msg/rosidl_generator_cpp__visibility_control.hpp
[3.393s] -- Up-to-date: /home/gusti/MagangBayu24-ROS2/tugas1/src/install/num_interfaces/include/num_interfaces/msg/detail
[3.393s] -- Installing: /home/gusti/MagangBayu24-ROS2/tugas1/src/install/num_interfaces/include/num_interfaces/msg/detail/num__builder.hpp
[3.393s] -- Installing: /home/gusti/MagangBayu24-ROS2/tugas1/src/install/num_interfaces/include/num_interfaces/msg/detail/num__struct.hpp
[3.393s] -- Installing: /home/gusti/MagangBayu24-ROS2/tugas1/src/install/num_interfaces/include/num_interfaces/msg/detail/num__type_support.hpp
[3.393s] -- Installing: /home/gusti/MagangBayu24-ROS2/tugas1/src/install/num_interfaces/include/num_interfaces/msg/detail/num__traits.hpp
[3.393s] -- Installing: /home/gusti/MagangBayu24-ROS2/tugas1/src/install/num_interfaces/include/num_interfaces/msg/num.hpp
[3.393s] -- Up-to-date: /home/gusti/MagangBayu24-ROS2/tugas1/src/install/num_interfaces/include/num_interfaces
[3.393s] -- Up-to-date: /home/gusti/MagangBayu24-ROS2/tugas1/src/install/num_interfaces/include/num_interfaces/msg
[3.393s] -- Up-to-date: /home/gusti/MagangBayu24-ROS2/tugas1/src/install/num_interfaces/include/num_interfaces/msg/detail
[3.393s] -- Installing: /home/gusti/MagangBayu24-ROS2/tugas1/src/install/num_interfaces/include/num_interfaces/msg/detail/num__type_support.cpp
[3.393s] -- Installing: /home/gusti/MagangBayu24-ROS2/tugas1/src/install/num_interfaces/include/num_interfaces/msg/detail/num__rosidl_typesupport_introspection_cpp.hpp
[3.393s] -- Installing: /home/gusti/MagangBayu24-ROS2/tugas1/src/install/num_interfaces/lib/libnum_interfaces__rosidl_typesupport_introspection_cpp.so
[3.394s] -- Set runtime path of "/home/gusti/MagangBayu24-ROS2/tugas1/src/install/num_interfaces/lib/libnum_interfaces__rosidl_typesupport_introspection_cpp.so" to ""
[3.394s] -- Installing: /home/gusti/MagangBayu24-ROS2/tugas1/src/install/num_interfaces/lib/libnum_interfaces__rosidl_typesupport_cpp.so
[3.394s] -- Set runtime path of "/home/gusti/MagangBayu24-ROS2/tugas1/src/install/num_interfaces/lib/libnum_interfaces__rosidl_typesupport_cpp.so" to ""
[3.394s] -- Installing: /home/gusti/MagangBayu24-ROS2/tugas1/src/install/num_interfaces/share/num_interfaces/environment/pythonpath.sh
[3.394s] -- Installing: /home/gusti/MagangBayu24-ROS2/tugas1/src/install/num_interfaces/share/num_interfaces/environment/pythonpath.dsv
[3.394s] -- Installing: /home/gusti/MagangBayu24-ROS2/tugas1/src/install/num_interfaces/lib/python3.8/site-packages/num_interfaces/__init__.py
[3.422s] Compiling '/home/gusti/MagangBayu24-ROS2/tugas1/src/install/num_interfaces/lib/python3.8/site-packages/num_interfaces/__init__.py'...
[3.426s] -- Installing: /home/gusti/MagangBayu24-ROS2/tugas1/src/install/num_interfaces/lib/python3.8/site-packages/num_interfaces/msg
[3.427s] -- Installing: /home/gusti/MagangBayu24-ROS2/tugas1/src/install/num_interfaces/lib/python3.8/site-packages/num_interfaces/msg/_num.py
[3.427s] -- Installing: /home/gusti/MagangBayu24-ROS2/tugas1/src/install/num_interfaces/lib/python3.8/site-packages/num_interfaces/msg/_num_s.c
[3.427s] -- Installing: /home/gusti/MagangBayu24-ROS2/tugas1/src/install/num_interfaces/lib/python3.8/site-packages/num_interfaces/msg/__init__.py
[3.427s] -- Installing: /home/gusti/MagangBayu24-ROS2/tugas1/src/install/num_interfaces/lib/python3.8/site-packages/num_interfaces/num_interfaces_s__rosidl_typesupport_fastrtps_c.cpython-38-x86_64-linux-gnu.so
[3.428s] -- Set runtime path of "/home/gusti/MagangBayu24-ROS2/tugas1/src/install/num_interfaces/lib/python3.8/site-packages/num_interfaces/num_interfaces_s__rosidl_typesupport_fastrtps_c.cpython-38-x86_64-linux-gnu.so" to ""
[3.428s] -- Installing: /home/gusti/MagangBayu24-ROS2/tugas1/src/install/num_interfaces/lib/python3.8/site-packages/num_interfaces/num_interfaces_s__rosidl_typesupport_introspection_c.cpython-38-x86_64-linux-gnu.so
[3.429s] -- Set runtime path of "/home/gusti/MagangBayu24-ROS2/tugas1/src/install/num_interfaces/lib/python3.8/site-packages/num_interfaces/num_interfaces_s__rosidl_typesupport_introspection_c.cpython-38-x86_64-linux-gnu.so" to ""
[3.429s] -- Installing: /home/gusti/MagangBayu24-ROS2/tugas1/src/install/num_interfaces/lib/python3.8/site-packages/num_interfaces/num_interfaces_s__rosidl_typesupport_c.cpython-38-x86_64-linux-gnu.so
[3.429s] -- Set runtime path of "/home/gusti/MagangBayu24-ROS2/tugas1/src/install/num_interfaces/lib/python3.8/site-packages/num_interfaces/num_interfaces_s__rosidl_typesupport_c.cpython-38-x86_64-linux-gnu.so" to ""
[3.430s] -- Installing: /home/gusti/MagangBayu24-ROS2/tugas1/src/install/num_interfaces/lib/libnum_interfaces__python.so
[3.430s] -- Set runtime path of "/home/gusti/MagangBayu24-ROS2/tugas1/src/install/num_interfaces/lib/libnum_interfaces__python.so" to ""
[3.430s] -- Installing: /home/gusti/MagangBayu24-ROS2/tugas1/src/install/num_interfaces/share/num_interfaces/msg/Num.idl
[3.430s] -- Installing: /home/gusti/MagangBayu24-ROS2/tugas1/src/install/num_interfaces/share/num_interfaces/msg/Num.msg
[3.430s] -- Installing: /home/gusti/MagangBayu24-ROS2/tugas1/src/install/num_interfaces/share/ament_index/resource_index/package_run_dependencies/num_interfaces
[3.431s] -- Installing: /home/gusti/MagangBayu24-ROS2/tugas1/src/install/num_interfaces/share/ament_index/resource_index/parent_prefix_path/num_interfaces
[3.431s] -- Installing: /home/gusti/MagangBayu24-ROS2/tugas1/src/install/num_interfaces/share/num_interfaces/environment/ament_prefix_path.sh
[3.431s] -- Installing: /home/gusti/MagangBayu24-ROS2/tugas1/src/install/num_interfaces/share/num_interfaces/environment/ament_prefix_path.dsv
[3.431s] -- Installing: /home/gusti/MagangBayu24-ROS2/tugas1/src/install/num_interfaces/share/num_interfaces/environment/path.sh
[3.432s] -- Installing: /home/gusti/MagangBayu24-ROS2/tugas1/src/install/num_interfaces/share/num_interfaces/environment/path.dsv
[3.432s] -- Installing: /home/gusti/MagangBayu24-ROS2/tugas1/src/install/num_interfaces/share/num_interfaces/local_setup.bash
[3.432s] -- Installing: /home/gusti/MagangBayu24-ROS2/tugas1/src/install/num_interfaces/share/num_interfaces/local_setup.sh
[3.432s] -- Installing: /home/gusti/MagangBayu24-ROS2/tugas1/src/install/num_interfaces/share/num_interfaces/local_setup.zsh
[3.432s] -- Installing: /home/gusti/MagangBayu24-ROS2/tugas1/src/install/num_interfaces/share/num_interfaces/local_setup.dsv
[3.432s] -- Installing: /home/gusti/MagangBayu24-ROS2/tugas1/src/install/num_interfaces/share/num_interfaces/package.dsv
[3.433s] -- Installing: /home/gusti/MagangBayu24-ROS2/tugas1/src/install/num_interfaces/share/ament_index/resource_index/packages/num_interfaces
[3.433s] -- Installing: /home/gusti/MagangBayu24-ROS2/tugas1/src/install/num_interfaces/share/num_interfaces/cmake/num_interfaces__rosidl_generator_cExport.cmake
[3.433s] -- Installing: /home/gusti/MagangBayu24-ROS2/tugas1/src/install/num_interfaces/share/num_interfaces/cmake/num_interfaces__rosidl_generator_cExport-noconfig.cmake
[3.433s] -- Installing: /home/gusti/MagangBayu24-ROS2/tugas1/src/install/num_interfaces/share/num_interfaces/cmake/num_interfaces__rosidl_typesupport_introspection_cExport.cmake
[3.433s] -- Installing: /home/gusti/MagangBayu24-ROS2/tugas1/src/install/num_interfaces/share/num_interfaces/cmake/num_interfaces__rosidl_typesupport_introspection_cExport-noconfig.cmake
[3.434s] -- Installing: /home/gusti/MagangBayu24-ROS2/tugas1/src/install/num_interfaces/share/num_interfaces/cmake/num_interfaces__rosidl_typesupport_cExport.cmake
[3.434s] -- Installing: /home/gusti/MagangBayu24-ROS2/tugas1/src/install/num_interfaces/share/num_interfaces/cmake/num_interfaces__rosidl_typesupport_cExport-noconfig.cmake
[3.434s] -- Installing: /home/gusti/MagangBayu24-ROS2/tugas1/src/install/num_interfaces/share/num_interfaces/cmake/num_interfaces__rosidl_generator_cppExport.cmake
[3.434s] -- Installing: /home/gusti/MagangBayu24-ROS2/tugas1/src/install/num_interfaces/share/num_interfaces/cmake/num_interfaces__rosidl_typesupport_introspection_cppExport.cmake
[3.435s] -- Installing: /home/gusti/MagangBayu24-ROS2/tugas1/src/install/num_interfaces/share/num_interfaces/cmake/num_interfaces__rosidl_typesupport_introspection_cppExport-noconfig.cmake
[3.435s] -- Installing: /home/gusti/MagangBayu24-ROS2/tugas1/src/install/num_interfaces/share/num_interfaces/cmake/num_interfaces__rosidl_typesupport_cppExport.cmake
[3.435s] -- Installing: /home/gusti/MagangBayu24-ROS2/tugas1/src/install/num_interfaces/share/num_interfaces/cmake/num_interfaces__rosidl_typesupport_cppExport-noconfig.cmake
[3.435s] -- Installing: /home/gusti/MagangBayu24-ROS2/tugas1/src/install/num_interfaces/share/num_interfaces/cmake/rosidl_cmake-extras.cmake
[3.435s] -- Installing: /home/gusti/MagangBayu24-ROS2/tugas1/src/install/num_interfaces/share/num_interfaces/cmake/ament_cmake_export_dependencies-extras.cmake
[3.436s] -- Installing: /home/gusti/MagangBayu24-ROS2/tugas1/src/install/num_interfaces/share/num_interfaces/cmake/ament_cmake_export_libraries-extras.cmake
[3.436s] -- Installing: /home/gusti/MagangBayu24-ROS2/tugas1/src/install/num_interfaces/share/num_interfaces/cmake/ament_cmake_export_targets-extras.cmake
[3.436s] -- Installing: /home/gusti/MagangBayu24-ROS2/tugas1/src/install/num_interfaces/share/num_interfaces/cmake/ament_cmake_export_include_directories-extras.cmake
[3.436s] -- Installing: /home/gusti/MagangBayu24-ROS2/tugas1/src/install/num_interfaces/share/num_interfaces/cmake/rosidl_cmake_export_typesupport_libraries-extras.cmake
[3.436s] -- Installing: /home/gusti/MagangBayu24-ROS2/tugas1/src/install/num_interfaces/share/num_interfaces/cmake/rosidl_cmake_export_typesupport_targets-extras.cmake
[3.436s] -- Installing: /home/gusti/MagangBayu24-ROS2/tugas1/src/install/num_interfaces/share/num_interfaces/cmake/num_interfacesConfig.cmake
[3.437s] -- Installing: /home/gusti/MagangBayu24-ROS2/tugas1/src/install/num_interfaces/share/num_interfaces/cmake/num_interfacesConfig-version.cmake
[3.437s] -- Installing: /home/gusti/MagangBayu24-ROS2/tugas1/src/install/num_interfaces/share/num_interfaces/package.xml
[3.439s] Invoked command in '/home/gusti/MagangBayu24-ROS2/tugas1/src/build/num_interfaces' returned '0': CMAKE_PREFIX_PATH=/opt/ros/foxy /usr/bin/cmake --install /home/gusti/MagangBayu24-ROS2/tugas1/src/build/num_interfaces
