[0.139s] Invoking command in '/home/gusti/MagangBayu24-ROS2/tugas1/src/build/interface': CMAKE_PREFIX_PATH=/opt/ros/foxy /usr/bin/cmake /home/gusti/MagangBayu24-ROS2/tugas1/src/interface -DCMAKE_INSTALL_PREFIX=/home/gusti/MagangBayu24-ROS2/tugas1/src/install/interface
[0.435s] -- The C compiler identification is GNU 9.4.0
[0.668s] -- The CXX compiler identification is GNU 9.4.0
[0.677s] -- Check for working C compiler: /usr/bin/cc
[0.745s] -- Check for working C compiler: /usr/bin/cc -- works
[0.747s] -- Detecting C compiler ABI info
[0.810s] -- Detecting C compiler ABI info - done
[0.822s] -- Detecting C compile features
[0.823s] -- Detecting C compile features - done
[0.827s] -- Check for working CXX compiler: /usr/bin/c++
[0.901s] -- Check for working CXX compiler: /usr/bin/c++ -- works
[0.902s] -- Detecting CXX compiler ABI info
[0.974s] -- Detecting CXX compiler ABI info - done
[0.986s] -- Detecting CXX compile features
[0.987s] -- Detecting CXX compile features - done
[0.992s] -- Found ament_cmake: 0.9.12 (/opt/ros/foxy/share/ament_cmake/cmake)
[1.018s] -- Found PythonInterp: /usr/bin/python3 (found suitable version "3.8.10", minimum required is "3") 
[1.018s] -- Using PYTHON_EXECUTABLE: /usr/bin/python3
[1.231s] -- Found ament_lint_auto: 0.9.8 (/opt/ros/foxy/share/ament_lint_auto/cmake)
[1.314s] -- Added test 'copyright' to check source files copyright and LICENSE
[1.316s] -- Added test 'lint_cmake' to check CMake code style
[1.318s] -- Added test 'xmllint' to check XML markup files
[1.320s] -- Configuring done
[1.322s] -- Generating done
[1.323s] -- Build files have been written to: /home/gusti/MagangBayu24-ROS2/tugas1/src/build/interface
[1.328s] Invoked command in '/home/gusti/MagangBayu24-ROS2/tugas1/src/build/interface' returned '0': CMAKE_PREFIX_PATH=/opt/ros/foxy /usr/bin/cmake /home/gusti/MagangBayu24-ROS2/tugas1/src/interface -DCMAKE_INSTALL_PREFIX=/home/gusti/MagangBayu24-ROS2/tugas1/src/install/interface
[1.330s] Invoking command in '/home/gusti/MagangBayu24-ROS2/tugas1/src/build/interface': CMAKE_PREFIX_PATH=/opt/ros/foxy /usr/bin/cmake --build /home/gusti/MagangBayu24-ROS2/tugas1/src/build/interface -- -j8 -l8
[1.367s] Invoked command in '/home/gusti/MagangBayu24-ROS2/tugas1/src/build/interface' returned '0': CMAKE_PREFIX_PATH=/opt/ros/foxy /usr/bin/cmake --build /home/gusti/MagangBayu24-ROS2/tugas1/src/build/interface -- -j8 -l8
[1.397s] Invoking command in '/home/gusti/MagangBayu24-ROS2/tugas1/src/build/interface': CMAKE_PREFIX_PATH=/opt/ros/foxy /usr/bin/cmake --install /home/gusti/MagangBayu24-ROS2/tugas1/src/build/interface
[1.405s] -- Install configuration: ""
[1.405s] -- Installing: /home/gusti/MagangBayu24-ROS2/tugas1/src/install/interface/share/ament_index/resource_index/package_run_dependencies/interface
[1.405s] -- Installing: /home/gusti/MagangBayu24-ROS2/tugas1/src/install/interface/share/ament_index/resource_index/parent_prefix_path/interface
[1.405s] -- Installing: /home/gusti/MagangBayu24-ROS2/tugas1/src/install/interface/share/interface/environment/ament_prefix_path.sh
[1.405s] -- Installing: /home/gusti/MagangBayu24-ROS2/tugas1/src/install/interface/share/interface/environment/ament_prefix_path.dsv
[1.406s] -- Installing: /home/gusti/MagangBayu24-ROS2/tugas1/src/install/interface/share/interface/environment/path.sh
[1.406s] -- Installing: /home/gusti/MagangBayu24-ROS2/tugas1/src/install/interface/share/interface/environment/path.dsv
[1.406s] -- Installing: /home/gusti/MagangBayu24-ROS2/tugas1/src/install/interface/share/interface/local_setup.bash
[1.406s] -- Installing: /home/gusti/MagangBayu24-ROS2/tugas1/src/install/interface/share/interface/local_setup.sh
[1.406s] -- Installing: /home/gusti/MagangBayu24-ROS2/tugas1/src/install/interface/share/interface/local_setup.zsh
[1.406s] -- Installing: /home/gusti/MagangBayu24-ROS2/tugas1/src/install/interface/share/interface/local_setup.dsv
[1.406s] -- Installing: /home/gusti/MagangBayu24-ROS2/tugas1/src/install/interface/share/interface/package.dsv
[1.406s] -- Installing: /home/gusti/MagangBayu24-ROS2/tugas1/src/install/interface/share/ament_index/resource_index/packages/interface
[1.407s] -- Installing: /home/gusti/MagangBayu24-ROS2/tugas1/src/install/interface/share/interface/cmake/interfaceConfig.cmake
[1.407s] -- Installing: /home/gusti/MagangBayu24-ROS2/tugas1/src/install/interface/share/interface/cmake/interfaceConfig-version.cmake
[1.407s] -- Installing: /home/gusti/MagangBayu24-ROS2/tugas1/src/install/interface/share/interface/package.xml
[1.409s] Invoked command in '/home/gusti/MagangBayu24-ROS2/tugas1/src/build/interface' returned '0': CMAKE_PREFIX_PATH=/opt/ros/foxy /usr/bin/cmake --install /home/gusti/MagangBayu24-ROS2/tugas1/src/build/interface
