[2.173s] DEBUG:colcon:Command line arguments: ['/usr/bin/colcon', 'build', '--packages-select', 'py_pubsub']
[2.173s] DEBUG:colcon:Parsed command line arguments: Namespace(allow_overriding=[], ament_cmake_args=None, base_paths=['.'], build_base='build', catkin_cmake_args=None, catkin_skip_building_tests=False, cmake_args=None, cmake_clean_cache=False, cmake_clean_first=False, cmake_force_configure=False, cmake_target=None, cmake_target_skip_unavailable=False, continue_on_error=False, event_handlers=None, executor='parallel', ignore_user_meta=False, install_base='install', log_base=None, log_level=None, main=<bound method BuildVerb.main of <colcon_core.verb.build.BuildVerb object at 0x7f08c66ddb50>>, merge_install=False, metas=['./colcon.meta'], packages_above=None, packages_above_and_dependencies=None, packages_above_depth=None, packages_end=None, packages_ignore=None, packages_ignore_regex=None, packages_select=['py_pubsub'], packages_select_build_failed=False, packages_select_by_dep=None, packages_select_regex=None, packages_select_test_failures=False, packages_skip=None, packages_skip_build_finished=False, packages_skip_by_dep=None, packages_skip_regex=None, packages_skip_test_passed=False, packages_skip_up_to=None, packages_start=None, packages_up_to=None, packages_up_to_regex=None, parallel_workers=8, paths=None, symlink_install=False, test_result_base=None, verb_extension=<colcon_core.verb.build.BuildVerb object at 0x7f08c66ddb50>, verb_name='build', verb_parser=<colcon_defaults.argument_parser.defaults.DefaultArgumentsDecorator object at 0x7f08c642d3d0>)
[2.261s] Level 1:colcon.colcon_core.package_discovery:discover_packages(colcon_meta) check parameters
[2.261s] Level 1:colcon.colcon_core.package_discovery:discover_packages(recursive) check parameters
[2.261s] Level 1:colcon.colcon_core.package_discovery:discover_packages(ignore) check parameters
[2.261s] Level 1:colcon.colcon_core.package_discovery:discover_packages(path) check parameters
[2.261s] Level 1:colcon.colcon_core.package_discovery:discover_packages(colcon_meta) discover
[2.261s] Level 1:colcon.colcon_core.package_discovery:discover_packages(recursive) discover
[2.261s] INFO:colcon.colcon_core.package_discovery:Crawling recursively for packages in '/home/gusti/MagangBayu24-ROS2/tugas1/src'
[2.262s] Level 1:colcon.colcon_core.package_identification:_identify(.) by extensions ['ignore', 'ignore_ament_install']
[2.262s] Level 1:colcon.colcon_core.package_identification:_identify(.) by extension 'ignore'
[2.262s] Level 1:colcon.colcon_core.package_identification:_identify(.) by extension 'ignore_ament_install'
[2.262s] Level 1:colcon.colcon_core.package_identification:_identify(.) by extensions ['colcon_pkg']
[2.262s] Level 1:colcon.colcon_core.package_identification:_identify(.) by extension 'colcon_pkg'
[2.262s] Level 1:colcon.colcon_core.package_identification:_identify(.) by extensions ['colcon_meta']
[2.262s] Level 1:colcon.colcon_core.package_identification:_identify(.) by extension 'colcon_meta'
[2.262s] Level 1:colcon.colcon_core.package_identification:_identify(.) by extensions ['ros']
[2.262s] Level 1:colcon.colcon_core.package_identification:_identify(.) by extension 'ros'
[2.272s] Level 1:colcon.colcon_core.package_identification:_identify(.) by extensions ['cmake', 'python']
[2.273s] Level 1:colcon.colcon_core.package_identification:_identify(.) by extension 'cmake'
[2.273s] Level 1:colcon.colcon_core.package_identification:_identify(.) by extension 'python'
[2.273s] Level 1:colcon.colcon_core.package_identification:_identify(.) by extensions ['python_setup_py']
[2.273s] Level 1:colcon.colcon_core.package_identification:_identify(.) by extension 'python_setup_py'
[2.273s] Level 1:colcon.colcon_core.package_identification:_identify(build) by extensions ['ignore', 'ignore_ament_install']
[2.273s] Level 1:colcon.colcon_core.package_identification:_identify(build) by extension 'ignore'
[2.273s] Level 1:colcon.colcon_core.package_identification:_identify(build) ignored
[2.273s] Level 1:colcon.colcon_core.package_identification:_identify(install) by extensions ['ignore', 'ignore_ament_install']
[2.273s] Level 1:colcon.colcon_core.package_identification:_identify(install) by extension 'ignore'
[2.273s] Level 1:colcon.colcon_core.package_identification:_identify(install) ignored
[2.273s] Level 1:colcon.colcon_core.package_identification:_identify(log) by extensions ['ignore', 'ignore_ament_install']
[2.273s] Level 1:colcon.colcon_core.package_identification:_identify(log) by extension 'ignore'
[2.273s] Level 1:colcon.colcon_core.package_identification:_identify(log) ignored
[2.274s] Level 1:colcon.colcon_core.package_identification:_identify(py_pubsub) by extensions ['ignore', 'ignore_ament_install']
[2.274s] Level 1:colcon.colcon_core.package_identification:_identify(py_pubsub) by extension 'ignore'
[2.274s] Level 1:colcon.colcon_core.package_identification:_identify(py_pubsub) by extension 'ignore_ament_install'
[2.274s] Level 1:colcon.colcon_core.package_identification:_identify(py_pubsub) by extensions ['colcon_pkg']
[2.274s] Level 1:colcon.colcon_core.package_identification:_identify(py_pubsub) by extension 'colcon_pkg'
[2.274s] Level 1:colcon.colcon_core.package_identification:_identify(py_pubsub) by extensions ['colcon_meta']
[2.274s] Level 1:colcon.colcon_core.package_identification:_identify(py_pubsub) by extension 'colcon_meta'
[2.274s] Level 1:colcon.colcon_core.package_identification:_identify(py_pubsub) by extensions ['ros']
[2.274s] Level 1:colcon.colcon_core.package_identification:_identify(py_pubsub) by extension 'ros'
[2.276s] DEBUG:colcon.colcon_core.package_identification:Package 'py_pubsub' with type 'ros.ament_python' and name 'py_pubsub'
[2.276s] Level 1:colcon.colcon_core.package_identification:_identify(tutorial_interfaces) by extensions ['ignore', 'ignore_ament_install']
[2.276s] Level 1:colcon.colcon_core.package_identification:_identify(tutorial_interfaces) by extension 'ignore'
[2.276s] Level 1:colcon.colcon_core.package_identification:_identify(tutorial_interfaces) by extension 'ignore_ament_install'
[2.276s] Level 1:colcon.colcon_core.package_identification:_identify(tutorial_interfaces) by extensions ['colcon_pkg']
[2.276s] Level 1:colcon.colcon_core.package_identification:_identify(tutorial_interfaces) by extension 'colcon_pkg'
[2.276s] Level 1:colcon.colcon_core.package_identification:_identify(tutorial_interfaces) by extensions ['colcon_meta']
[2.276s] Level 1:colcon.colcon_core.package_identification:_identify(tutorial_interfaces) by extension 'colcon_meta'
[2.277s] Level 1:colcon.colcon_core.package_identification:_identify(tutorial_interfaces) by extensions ['ros']
[2.277s] Level 1:colcon.colcon_core.package_identification:_identify(tutorial_interfaces) by extension 'ros'
[2.277s] DEBUG:colcon.colcon_core.package_identification:Package 'tutorial_interfaces' with type 'ros.ament_cmake' and name 'tutorial_interfaces'
[2.277s] Level 1:colcon.colcon_core.package_discovery:discover_packages(recursive) using defaults
[2.277s] Level 1:colcon.colcon_core.package_discovery:discover_packages(ignore) discover
[2.277s] Level 1:colcon.colcon_core.package_discovery:discover_packages(ignore) using defaults
[2.277s] Level 1:colcon.colcon_core.package_discovery:discover_packages(path) discover
[2.277s] Level 1:colcon.colcon_core.package_discovery:discover_packages(path) using defaults
[2.421s] INFO:colcon.colcon_core.package_selection:Skipping not selected package 'tutorial_interfaces' in 'tutorial_interfaces'
[2.502s] Level 1:colcon.colcon_core.package_discovery:discover_packages(prefix_path) check parameters
[2.502s] Level 1:colcon.colcon_core.package_discovery:discover_packages(prefix_path) discover
[2.589s] DEBUG:colcon.colcon_installed_package_information.package_discovery:Found 5 installed packages in /home/gusti/MagangBayu24-ROS2/tugas1/src/install
[2.629s] DEBUG:colcon.colcon_installed_package_information.package_discovery:Found 263 installed packages in /opt/ros/foxy
[2.630s] Level 1:colcon.colcon_core.package_discovery:discover_packages(prefix_path) using defaults
[2.793s] Level 5:colcon.colcon_core.verb:set package 'py_pubsub' build argument 'cmake_args' from command line to 'None'
[2.793s] Level 5:colcon.colcon_core.verb:set package 'py_pubsub' build argument 'cmake_target' from command line to 'None'
[2.793s] Level 5:colcon.colcon_core.verb:set package 'py_pubsub' build argument 'cmake_target_skip_unavailable' from command line to 'False'
[2.793s] Level 5:colcon.colcon_core.verb:set package 'py_pubsub' build argument 'cmake_clean_cache' from command line to 'False'
[2.793s] Level 5:colcon.colcon_core.verb:set package 'py_pubsub' build argument 'cmake_clean_first' from command line to 'False'
[2.793s] Level 5:colcon.colcon_core.verb:set package 'py_pubsub' build argument 'cmake_force_configure' from command line to 'False'
[2.793s] Level 5:colcon.colcon_core.verb:set package 'py_pubsub' build argument 'ament_cmake_args' from command line to 'None'
[2.793s] Level 5:colcon.colcon_core.verb:set package 'py_pubsub' build argument 'catkin_cmake_args' from command line to 'None'
[2.793s] Level 5:colcon.colcon_core.verb:set package 'py_pubsub' build argument 'catkin_skip_building_tests' from command line to 'False'
[2.793s] DEBUG:colcon.colcon_core.verb:Building package 'py_pubsub' with the following arguments: {'ament_cmake_args': None, 'build_base': '/home/gusti/MagangBayu24-ROS2/tugas1/src/build/py_pubsub', 'catkin_cmake_args': None, 'catkin_skip_building_tests': False, 'cmake_args': None, 'cmake_clean_cache': False, 'cmake_clean_first': False, 'cmake_force_configure': False, 'cmake_target': None, 'cmake_target_skip_unavailable': False, 'install_base': '/home/gusti/MagangBayu24-ROS2/tugas1/src/install/py_pubsub', 'merge_install': False, 'path': '/home/gusti/MagangBayu24-ROS2/tugas1/src/py_pubsub', 'symlink_install': False, 'test_result_base': None}
[2.838s] INFO:colcon.colcon_core.executor:Executing jobs using 'parallel' executor
[2.882s] DEBUG:colcon.colcon_parallel_executor.executor.parallel:run_until_complete
[2.882s] INFO:colcon.colcon_ros.task.ament_python.build:Building ROS package in '/home/gusti/MagangBayu24-ROS2/tugas1/src/py_pubsub' with build type 'ament_python'
[2.882s] Level 1:colcon.colcon_core.shell:create_environment_hook('py_pubsub', 'ament_prefix_path')
[2.965s] INFO:colcon.colcon_core.plugin_system:Skipping extension 'colcon_core.shell.bat': Not used on non-Windows systems
[2.965s] INFO:colcon.colcon_core.shell:Creating environment hook '/home/gusti/MagangBayu24-ROS2/tugas1/src/install/py_pubsub/share/py_pubsub/hook/ament_prefix_path.ps1'
[2.966s] INFO:colcon.colcon_core.shell:Creating environment descriptor '/home/gusti/MagangBayu24-ROS2/tugas1/src/install/py_pubsub/share/py_pubsub/hook/ament_prefix_path.dsv'
[2.966s] INFO:colcon.colcon_core.shell:Creating environment hook '/home/gusti/MagangBayu24-ROS2/tugas1/src/install/py_pubsub/share/py_pubsub/hook/ament_prefix_path.sh'
[3.011s] INFO:colcon.colcon_core.shell:Skip shell extension 'powershell' for command environment: Not usable outside of PowerShell
[3.011s] DEBUG:colcon.colcon_core.shell:Skip shell extension 'dsv' for command environment
[3.392s] INFO:colcon.colcon_core.task.python.build:Building Python package in '/home/gusti/MagangBayu24-ROS2/tugas1/src/py_pubsub'
[3.436s] INFO:colcon.colcon_core.shell:Skip shell extension 'powershell' for command environment: Not usable outside of PowerShell
[3.436s] DEBUG:colcon.colcon_core.shell:Skip shell extension 'dsv' for command environment
[3.943s] DEBUG:colcon.colcon_core.event_handler.log_command:Invoking command in '/home/gusti/MagangBayu24-ROS2/tugas1/src/py_pubsub': PYTHONPATH=/home/gusti/MagangBayu24-ROS2/tugas1/src/build/py_pubsub/prefix_override:/home/gusti/MagangBayu24-ROS2/tugas1/src/install/py_pubsub/lib/python3.8/site-packages:${PYTHONPATH} /usr/bin/python3 setup.py egg_info --egg-base ../build/py_pubsub build --build-base /home/gusti/MagangBayu24-ROS2/tugas1/src/build/py_pubsub/build install --record /home/gusti/MagangBayu24-ROS2/tugas1/src/build/py_pubsub/install.log --install-scripts $base/lib/py_pubsub --single-version-externally-managed
[4.269s] DEBUG:colcon.colcon_core.event_handler.log_command:Invoked command in '/home/gusti/MagangBayu24-ROS2/tugas1/src/py_pubsub' returned '0': PYTHONPATH=/home/gusti/MagangBayu24-ROS2/tugas1/src/build/py_pubsub/prefix_override:/home/gusti/MagangBayu24-ROS2/tugas1/src/install/py_pubsub/lib/python3.8/site-packages:${PYTHONPATH} /usr/bin/python3 setup.py egg_info --egg-base ../build/py_pubsub build --build-base /home/gusti/MagangBayu24-ROS2/tugas1/src/build/py_pubsub/build install --record /home/gusti/MagangBayu24-ROS2/tugas1/src/build/py_pubsub/install.log --install-scripts $base/lib/py_pubsub --single-version-externally-managed
[4.316s] Level 1:colcon.colcon_core.environment:checking '/home/gusti/MagangBayu24-ROS2/tugas1/src/install/py_pubsub' for CMake module files
[4.316s] Level 1:colcon.colcon_core.environment:checking '/home/gusti/MagangBayu24-ROS2/tugas1/src/install/py_pubsub' for CMake config files
[4.317s] Level 1:colcon.colcon_core.environment:checking '/home/gusti/MagangBayu24-ROS2/tugas1/src/install/py_pubsub/lib'
[4.317s] Level 1:colcon.colcon_core.environment:checking '/home/gusti/MagangBayu24-ROS2/tugas1/src/install/py_pubsub/bin'
[4.317s] Level 1:colcon.colcon_core.environment:checking '/home/gusti/MagangBayu24-ROS2/tugas1/src/install/py_pubsub/lib/pkgconfig/py_pubsub.pc'
[4.318s] Level 1:colcon.colcon_core.environment:checking '/home/gusti/MagangBayu24-ROS2/tugas1/src/install/py_pubsub/lib/python3.8/site-packages'
[4.318s] Level 1:colcon.colcon_core.shell:create_environment_hook('py_pubsub', 'pythonpath')
[4.360s] INFO:colcon.colcon_core.shell:Creating environment hook '/home/gusti/MagangBayu24-ROS2/tugas1/src/install/py_pubsub/share/py_pubsub/hook/pythonpath.ps1'
[4.361s] INFO:colcon.colcon_core.shell:Creating environment descriptor '/home/gusti/MagangBayu24-ROS2/tugas1/src/install/py_pubsub/share/py_pubsub/hook/pythonpath.dsv'
[4.361s] INFO:colcon.colcon_core.shell:Creating environment hook '/home/gusti/MagangBayu24-ROS2/tugas1/src/install/py_pubsub/share/py_pubsub/hook/pythonpath.sh'
[4.361s] Level 1:colcon.colcon_core.environment:checking '/home/gusti/MagangBayu24-ROS2/tugas1/src/install/py_pubsub/bin'
[4.362s] Level 1:colcon.colcon_core.environment:create_environment_scripts_only(py_pubsub)
[4.404s] INFO:colcon.colcon_core.shell:Creating package script '/home/gusti/MagangBayu24-ROS2/tugas1/src/install/py_pubsub/share/py_pubsub/package.ps1'
[4.405s] INFO:colcon.colcon_core.shell:Creating package descriptor '/home/gusti/MagangBayu24-ROS2/tugas1/src/install/py_pubsub/share/py_pubsub/package.dsv'
[4.405s] INFO:colcon.colcon_core.shell:Creating package script '/home/gusti/MagangBayu24-ROS2/tugas1/src/install/py_pubsub/share/py_pubsub/package.sh'
[4.406s] INFO:colcon.colcon_core.shell:Creating package script '/home/gusti/MagangBayu24-ROS2/tugas1/src/install/py_pubsub/share/py_pubsub/package.bash'
[4.406s] INFO:colcon.colcon_core.shell:Creating package script '/home/gusti/MagangBayu24-ROS2/tugas1/src/install/py_pubsub/share/py_pubsub/package.zsh'
[4.407s] Level 1:colcon.colcon_core.environment:create_file_with_runtime_dependencies(/home/gusti/MagangBayu24-ROS2/tugas1/src/install/py_pubsub/share/colcon-core/packages/py_pubsub)
[4.407s] DEBUG:colcon.colcon_parallel_executor.executor.parallel:closing loop
[4.408s] DEBUG:colcon.colcon_parallel_executor.executor.parallel:loop closed
[4.408s] DEBUG:colcon.colcon_parallel_executor.executor.parallel:run_until_complete finished with '0'
[4.408s] DEBUG:colcon.colcon_core.event_reactor:joining thread
[4.460s] INFO:colcon.colcon_core.plugin_system:Skipping extension 'colcon_notification.desktop_notification.terminal_notifier': Not used on non-Darwin systems
[4.460s] INFO:colcon.colcon_core.plugin_system:Skipping extension 'colcon_notification.desktop_notification.win32': Not used on non-Windows systems
[4.460s] INFO:colcon.colcon_notification.desktop_notification:Sending desktop notification using 'notify2'
[4.475s] DEBUG:colcon.colcon_core.event_reactor:joined thread
[4.524s] INFO:colcon.colcon_core.shell:Creating prefix script '/home/gusti/MagangBayu24-ROS2/tugas1/src/install/local_setup.ps1'
[4.524s] INFO:colcon.colcon_core.shell:Creating prefix util module '/home/gusti/MagangBayu24-ROS2/tugas1/src/install/_local_setup_util_ps1.py'
[4.526s] INFO:colcon.colcon_core.shell:Creating prefix chain script '/home/gusti/MagangBayu24-ROS2/tugas1/src/install/setup.ps1'
[4.572s] INFO:colcon.colcon_core.shell:Creating prefix script '/home/gusti/MagangBayu24-ROS2/tugas1/src/install/local_setup.sh'
[4.572s] INFO:colcon.colcon_core.shell:Creating prefix util module '/home/gusti/MagangBayu24-ROS2/tugas1/src/install/_local_setup_util_sh.py'
[4.573s] INFO:colcon.colcon_core.shell:Creating prefix chain script '/home/gusti/MagangBayu24-ROS2/tugas1/src/install/setup.sh'
[4.615s] INFO:colcon.colcon_core.shell:Creating prefix script '/home/gusti/MagangBayu24-ROS2/tugas1/src/install/local_setup.bash'
[4.616s] INFO:colcon.colcon_core.shell:Creating prefix chain script '/home/gusti/MagangBayu24-ROS2/tugas1/src/install/setup.bash'
[4.655s] INFO:colcon.colcon_core.shell:Creating prefix script '/home/gusti/MagangBayu24-ROS2/tugas1/src/install/local_setup.zsh'
[4.656s] INFO:colcon.colcon_core.shell:Creating prefix chain script '/home/gusti/MagangBayu24-ROS2/tugas1/src/install/setup.zsh'
