[2.102s] DEBUG:colcon:Command line arguments: ['/usr/bin/colcon', 'build', '--packages-select', 'interface']
[2.102s] DEBUG:colcon:Parsed command line arguments: Namespace(allow_overriding=[], ament_cmake_args=None, base_paths=['.'], build_base='build', catkin_cmake_args=None, catkin_skip_building_tests=False, cmake_args=None, cmake_clean_cache=False, cmake_clean_first=False, cmake_force_configure=False, cmake_target=None, cmake_target_skip_unavailable=False, continue_on_error=False, event_handlers=None, executor='parallel', ignore_user_meta=False, install_base='install', log_base=None, log_level=None, main=<bound method BuildVerb.main of <colcon_core.verb.build.BuildVerb object at 0x7f81b7371ca0>>, merge_install=False, metas=['./colcon.meta'], packages_above=None, packages_above_and_dependencies=None, packages_above_depth=None, packages_end=None, packages_ignore=None, packages_ignore_regex=None, packages_select=['interface'], packages_select_build_failed=False, packages_select_by_dep=None, packages_select_regex=None, packages_select_test_failures=False, packages_skip=None, packages_skip_build_finished=False, packages_skip_by_dep=None, packages_skip_regex=None, packages_skip_test_passed=False, packages_skip_up_to=None, packages_start=None, packages_up_to=None, packages_up_to_regex=None, parallel_workers=8, paths=None, symlink_install=False, test_result_base=None, verb_extension=<colcon_core.verb.build.BuildVerb object at 0x7f81b7371ca0>, verb_name='build', verb_parser=<colcon_defaults.argument_parser.defaults.DefaultArgumentsDecorator object at 0x7f81b73efca0>)
[2.188s] Level 1:colcon.colcon_core.package_discovery:discover_packages(colcon_meta) check parameters
[2.188s] Level 1:colcon.colcon_core.package_discovery:discover_packages(recursive) check parameters
[2.188s] Level 1:colcon.colcon_core.package_discovery:discover_packages(ignore) check parameters
[2.188s] Level 1:colcon.colcon_core.package_discovery:discover_packages(path) check parameters
[2.188s] Level 1:colcon.colcon_core.package_discovery:discover_packages(colcon_meta) discover
[2.188s] Level 1:colcon.colcon_core.package_discovery:discover_packages(recursive) discover
[2.188s] INFO:colcon.colcon_core.package_discovery:Crawling recursively for packages in '/home/gusti/MagangBayu24-ROS2/tugas1/src'
[2.188s] Level 1:colcon.colcon_core.package_identification:_identify(.) by extensions ['ignore', 'ignore_ament_install']
[2.188s] Level 1:colcon.colcon_core.package_identification:_identify(.) by extension 'ignore'
[2.188s] Level 1:colcon.colcon_core.package_identification:_identify(.) by extension 'ignore_ament_install'
[2.188s] Level 1:colcon.colcon_core.package_identification:_identify(.) by extensions ['colcon_pkg']
[2.188s] Level 1:colcon.colcon_core.package_identification:_identify(.) by extension 'colcon_pkg'
[2.188s] Level 1:colcon.colcon_core.package_identification:_identify(.) by extensions ['colcon_meta']
[2.188s] Level 1:colcon.colcon_core.package_identification:_identify(.) by extension 'colcon_meta'
[2.188s] Level 1:colcon.colcon_core.package_identification:_identify(.) by extensions ['ros']
[2.188s] Level 1:colcon.colcon_core.package_identification:_identify(.) by extension 'ros'
[2.198s] Level 1:colcon.colcon_core.package_identification:_identify(.) by extensions ['cmake', 'python']
[2.198s] Level 1:colcon.colcon_core.package_identification:_identify(.) by extension 'cmake'
[2.198s] Level 1:colcon.colcon_core.package_identification:_identify(.) by extension 'python'
[2.198s] Level 1:colcon.colcon_core.package_identification:_identify(.) by extensions ['python_setup_py']
[2.198s] Level 1:colcon.colcon_core.package_identification:_identify(.) by extension 'python_setup_py'
[2.198s] Level 1:colcon.colcon_core.package_identification:_identify(build) by extensions ['ignore', 'ignore_ament_install']
[2.199s] Level 1:colcon.colcon_core.package_identification:_identify(build) by extension 'ignore'
[2.199s] Level 1:colcon.colcon_core.package_identification:_identify(build) ignored
[2.199s] Level 1:colcon.colcon_core.package_identification:_identify(install) by extensions ['ignore', 'ignore_ament_install']
[2.199s] Level 1:colcon.colcon_core.package_identification:_identify(install) by extension 'ignore'
[2.199s] Level 1:colcon.colcon_core.package_identification:_identify(install) ignored
[2.199s] Level 1:colcon.colcon_core.package_identification:_identify(interface) by extensions ['ignore', 'ignore_ament_install']
[2.199s] Level 1:colcon.colcon_core.package_identification:_identify(interface) by extension 'ignore'
[2.199s] Level 1:colcon.colcon_core.package_identification:_identify(interface) by extension 'ignore_ament_install'
[2.199s] Level 1:colcon.colcon_core.package_identification:_identify(interface) by extensions ['colcon_pkg']
[2.199s] Level 1:colcon.colcon_core.package_identification:_identify(interface) by extension 'colcon_pkg'
[2.199s] Level 1:colcon.colcon_core.package_identification:_identify(interface) by extensions ['colcon_meta']
[2.199s] Level 1:colcon.colcon_core.package_identification:_identify(interface) by extension 'colcon_meta'
[2.199s] Level 1:colcon.colcon_core.package_identification:_identify(interface) by extensions ['ros']
[2.199s] Level 1:colcon.colcon_core.package_identification:_identify(interface) by extension 'ros'
[2.201s] DEBUG:colcon.colcon_core.package_identification:Package 'interface' with type 'ros.ament_cmake' and name 'interface'
[2.201s] Level 1:colcon.colcon_core.package_identification:_identify(log) by extensions ['ignore', 'ignore_ament_install']
[2.202s] Level 1:colcon.colcon_core.package_identification:_identify(log) by extension 'ignore'
[2.202s] Level 1:colcon.colcon_core.package_identification:_identify(log) ignored
[2.202s] Level 1:colcon.colcon_core.package_identification:_identify(py_pubsub) by extensions ['ignore', 'ignore_ament_install']
[2.202s] Level 1:colcon.colcon_core.package_identification:_identify(py_pubsub) by extension 'ignore'
[2.202s] Level 1:colcon.colcon_core.package_identification:_identify(py_pubsub) by extension 'ignore_ament_install'
[2.202s] Level 1:colcon.colcon_core.package_identification:_identify(py_pubsub) by extensions ['colcon_pkg']
[2.202s] Level 1:colcon.colcon_core.package_identification:_identify(py_pubsub) by extension 'colcon_pkg'
[2.202s] Level 1:colcon.colcon_core.package_identification:_identify(py_pubsub) by extensions ['colcon_meta']
[2.202s] Level 1:colcon.colcon_core.package_identification:_identify(py_pubsub) by extension 'colcon_meta'
[2.202s] Level 1:colcon.colcon_core.package_identification:_identify(py_pubsub) by extensions ['ros']
[2.202s] Level 1:colcon.colcon_core.package_identification:_identify(py_pubsub) by extension 'ros'
[2.203s] DEBUG:colcon.colcon_core.package_identification:Package 'py_pubsub' with type 'ros.ament_python' and name 'py_pubsub'
[2.203s] Level 1:colcon.colcon_core.package_discovery:discover_packages(recursive) using defaults
[2.203s] Level 1:colcon.colcon_core.package_discovery:discover_packages(ignore) discover
[2.203s] Level 1:colcon.colcon_core.package_discovery:discover_packages(ignore) using defaults
[2.203s] Level 1:colcon.colcon_core.package_discovery:discover_packages(path) discover
[2.203s] Level 1:colcon.colcon_core.package_discovery:discover_packages(path) using defaults
[2.333s] INFO:colcon.colcon_core.package_selection:Skipping not selected package 'py_pubsub' in 'py_pubsub'
[2.403s] Level 1:colcon.colcon_core.package_discovery:discover_packages(prefix_path) check parameters
[2.403s] Level 1:colcon.colcon_core.package_discovery:discover_packages(prefix_path) discover
[2.475s] DEBUG:colcon.colcon_installed_package_information.package_discovery:Found 263 installed packages in /opt/ros/foxy
[2.476s] Level 1:colcon.colcon_core.package_discovery:discover_packages(prefix_path) using defaults
[2.610s] Level 5:colcon.colcon_core.verb:set package 'interface' build argument 'cmake_args' from command line to 'None'
[2.610s] Level 5:colcon.colcon_core.verb:set package 'interface' build argument 'cmake_target' from command line to 'None'
[2.610s] Level 5:colcon.colcon_core.verb:set package 'interface' build argument 'cmake_target_skip_unavailable' from command line to 'False'
[2.610s] Level 5:colcon.colcon_core.verb:set package 'interface' build argument 'cmake_clean_cache' from command line to 'False'
[2.610s] Level 5:colcon.colcon_core.verb:set package 'interface' build argument 'cmake_clean_first' from command line to 'False'
[2.610s] Level 5:colcon.colcon_core.verb:set package 'interface' build argument 'cmake_force_configure' from command line to 'False'
[2.610s] Level 5:colcon.colcon_core.verb:set package 'interface' build argument 'ament_cmake_args' from command line to 'None'
[2.610s] Level 5:colcon.colcon_core.verb:set package 'interface' build argument 'catkin_cmake_args' from command line to 'None'
[2.610s] Level 5:colcon.colcon_core.verb:set package 'interface' build argument 'catkin_skip_building_tests' from command line to 'False'
[2.610s] DEBUG:colcon.colcon_core.verb:Building package 'interface' with the following arguments: {'ament_cmake_args': None, 'build_base': '/home/gusti/MagangBayu24-ROS2/tugas1/src/build/interface', 'catkin_cmake_args': None, 'catkin_skip_building_tests': False, 'cmake_args': None, 'cmake_clean_cache': False, 'cmake_clean_first': False, 'cmake_force_configure': False, 'cmake_target': None, 'cmake_target_skip_unavailable': False, 'install_base': '/home/gusti/MagangBayu24-ROS2/tugas1/src/install/interface', 'merge_install': False, 'path': '/home/gusti/MagangBayu24-ROS2/tugas1/src/interface', 'symlink_install': False, 'test_result_base': None}
[2.644s] INFO:colcon.colcon_core.executor:Executing jobs using 'parallel' executor
[2.678s] DEBUG:colcon.colcon_parallel_executor.executor.parallel:run_until_complete
[2.679s] INFO:colcon.colcon_ros.task.ament_cmake.build:Building ROS package in '/home/gusti/MagangBayu24-ROS2/tugas1/src/interface' with build type 'ament_cmake'
[2.679s] INFO:colcon.colcon_cmake.task.cmake.build:Building CMake package in '/home/gusti/MagangBayu24-ROS2/tugas1/src/interface'
[2.723s] INFO:colcon.colcon_core.plugin_system:Skipping extension 'colcon_core.shell.bat': Not used on non-Windows systems
[2.723s] INFO:colcon.colcon_core.shell:Skip shell extension 'powershell' for command environment: Not usable outside of PowerShell
[2.723s] DEBUG:colcon.colcon_core.shell:Skip shell extension 'dsv' for command environment
[2.819s] DEBUG:colcon.colcon_core.event_handler.log_command:Invoking command in '/home/gusti/MagangBayu24-ROS2/tugas1/src/build/interface': CMAKE_PREFIX_PATH=/opt/ros/foxy /usr/bin/cmake /home/gusti/MagangBayu24-ROS2/tugas1/src/interface -DCMAKE_INSTALL_PREFIX=/home/gusti/MagangBayu24-ROS2/tugas1/src/install/interface
[4.007s] DEBUG:colcon.colcon_core.event_handler.log_command:Invoked command in '/home/gusti/MagangBayu24-ROS2/tugas1/src/build/interface' returned '0': CMAKE_PREFIX_PATH=/opt/ros/foxy /usr/bin/cmake /home/gusti/MagangBayu24-ROS2/tugas1/src/interface -DCMAKE_INSTALL_PREFIX=/home/gusti/MagangBayu24-ROS2/tugas1/src/install/interface
[4.010s] DEBUG:colcon.colcon_core.event_handler.log_command:Invoking command in '/home/gusti/MagangBayu24-ROS2/tugas1/src/build/interface': CMAKE_PREFIX_PATH=/opt/ros/foxy /usr/bin/cmake --build /home/gusti/MagangBayu24-ROS2/tugas1/src/build/interface -- -j8 -l8
[4.046s] DEBUG:colcon.colcon_core.event_handler.log_command:Invoked command in '/home/gusti/MagangBayu24-ROS2/tugas1/src/build/interface' returned '0': CMAKE_PREFIX_PATH=/opt/ros/foxy /usr/bin/cmake --build /home/gusti/MagangBayu24-ROS2/tugas1/src/build/interface -- -j8 -l8
[4.077s] DEBUG:colcon.colcon_core.event_handler.log_command:Invoking command in '/home/gusti/MagangBayu24-ROS2/tugas1/src/build/interface': CMAKE_PREFIX_PATH=/opt/ros/foxy /usr/bin/cmake --install /home/gusti/MagangBayu24-ROS2/tugas1/src/build/interface
[4.087s] Level 1:colcon.colcon_core.environment:create_environment_scripts_only(interface)
[4.088s] DEBUG:colcon.colcon_core.event_handler.log_command:Invoked command in '/home/gusti/MagangBayu24-ROS2/tugas1/src/build/interface' returned '0': CMAKE_PREFIX_PATH=/opt/ros/foxy /usr/bin/cmake --install /home/gusti/MagangBayu24-ROS2/tugas1/src/build/interface
[4.134s] Level 1:colcon.colcon_core.environment:checking '/home/gusti/MagangBayu24-ROS2/tugas1/src/install/interface' for CMake module files
[4.135s] Level 1:colcon.colcon_core.environment:checking '/home/gusti/MagangBayu24-ROS2/tugas1/src/install/interface' for CMake config files
[4.135s] Level 1:colcon.colcon_core.shell:create_environment_hook('interface', 'cmake_prefix_path')
[4.188s] INFO:colcon.colcon_core.shell:Creating environment hook '/home/gusti/MagangBayu24-ROS2/tugas1/src/install/interface/share/interface/hook/cmake_prefix_path.ps1'
[4.189s] INFO:colcon.colcon_core.shell:Creating environment descriptor '/home/gusti/MagangBayu24-ROS2/tugas1/src/install/interface/share/interface/hook/cmake_prefix_path.dsv'
[4.190s] INFO:colcon.colcon_core.shell:Creating environment hook '/home/gusti/MagangBayu24-ROS2/tugas1/src/install/interface/share/interface/hook/cmake_prefix_path.sh'
[4.191s] Level 1:colcon.colcon_core.environment:checking '/home/gusti/MagangBayu24-ROS2/tugas1/src/install/interface/bin'
[4.191s] Level 1:colcon.colcon_core.environment:checking '/home/gusti/MagangBayu24-ROS2/tugas1/src/install/interface/lib/pkgconfig/interface.pc'
[4.191s] Level 1:colcon.colcon_core.environment:checking '/home/gusti/MagangBayu24-ROS2/tugas1/src/install/interface/lib/python3.8/site-packages'
[4.191s] Level 1:colcon.colcon_core.environment:checking '/home/gusti/MagangBayu24-ROS2/tugas1/src/install/interface/bin'
[4.234s] INFO:colcon.colcon_core.shell:Creating package script '/home/gusti/MagangBayu24-ROS2/tugas1/src/install/interface/share/interface/package.ps1'
[4.234s] INFO:colcon.colcon_core.shell:Creating package descriptor '/home/gusti/MagangBayu24-ROS2/tugas1/src/install/interface/share/interface/package.dsv'
[4.235s] INFO:colcon.colcon_core.shell:Creating package script '/home/gusti/MagangBayu24-ROS2/tugas1/src/install/interface/share/interface/package.sh'
[4.235s] INFO:colcon.colcon_core.shell:Creating package script '/home/gusti/MagangBayu24-ROS2/tugas1/src/install/interface/share/interface/package.bash'
[4.236s] INFO:colcon.colcon_core.shell:Creating package script '/home/gusti/MagangBayu24-ROS2/tugas1/src/install/interface/share/interface/package.zsh'
[4.237s] Level 1:colcon.colcon_core.environment:create_file_with_runtime_dependencies(/home/gusti/MagangBayu24-ROS2/tugas1/src/install/interface/share/colcon-core/packages/interface)
[4.295s] Level 1:colcon.colcon_core.environment:create_environment_scripts_only(interface)
[4.336s] Level 1:colcon.colcon_core.environment:checking '/home/gusti/MagangBayu24-ROS2/tugas1/src/install/interface' for CMake module files
[4.337s] Level 1:colcon.colcon_core.environment:checking '/home/gusti/MagangBayu24-ROS2/tugas1/src/install/interface' for CMake config files
[4.337s] Level 1:colcon.colcon_core.shell:create_environment_hook('interface', 'cmake_prefix_path')
[4.373s] INFO:colcon.colcon_core.shell:Creating environment hook '/home/gusti/MagangBayu24-ROS2/tugas1/src/install/interface/share/interface/hook/cmake_prefix_path.ps1'
[4.373s] INFO:colcon.colcon_core.shell:Creating environment descriptor '/home/gusti/MagangBayu24-ROS2/tugas1/src/install/interface/share/interface/hook/cmake_prefix_path.dsv'
[4.374s] INFO:colcon.colcon_core.shell:Creating environment hook '/home/gusti/MagangBayu24-ROS2/tugas1/src/install/interface/share/interface/hook/cmake_prefix_path.sh'
[4.374s] Level 1:colcon.colcon_core.environment:checking '/home/gusti/MagangBayu24-ROS2/tugas1/src/install/interface/bin'
[4.374s] Level 1:colcon.colcon_core.environment:checking '/home/gusti/MagangBayu24-ROS2/tugas1/src/install/interface/lib/pkgconfig/interface.pc'
[4.374s] Level 1:colcon.colcon_core.environment:checking '/home/gusti/MagangBayu24-ROS2/tugas1/src/install/interface/lib/python3.8/site-packages'
[4.375s] Level 1:colcon.colcon_core.environment:checking '/home/gusti/MagangBayu24-ROS2/tugas1/src/install/interface/bin'
[4.414s] INFO:colcon.colcon_core.shell:Creating package script '/home/gusti/MagangBayu24-ROS2/tugas1/src/install/interface/share/interface/package.ps1'
[4.414s] INFO:colcon.colcon_core.shell:Creating package descriptor '/home/gusti/MagangBayu24-ROS2/tugas1/src/install/interface/share/interface/package.dsv'
[4.415s] INFO:colcon.colcon_core.shell:Creating package script '/home/gusti/MagangBayu24-ROS2/tugas1/src/install/interface/share/interface/package.sh'
[4.415s] INFO:colcon.colcon_core.shell:Creating package script '/home/gusti/MagangBayu24-ROS2/tugas1/src/install/interface/share/interface/package.bash'
[4.415s] INFO:colcon.colcon_core.shell:Creating package script '/home/gusti/MagangBayu24-ROS2/tugas1/src/install/interface/share/interface/package.zsh'
[4.416s] Level 1:colcon.colcon_core.environment:create_file_with_runtime_dependencies(/home/gusti/MagangBayu24-ROS2/tugas1/src/install/interface/share/colcon-core/packages/interface)
[4.416s] DEBUG:colcon.colcon_parallel_executor.executor.parallel:closing loop
[4.416s] DEBUG:colcon.colcon_parallel_executor.executor.parallel:loop closed
[4.416s] DEBUG:colcon.colcon_parallel_executor.executor.parallel:run_until_complete finished with '0'
[4.417s] DEBUG:colcon.colcon_core.event_reactor:joining thread
[4.468s] INFO:colcon.colcon_core.plugin_system:Skipping extension 'colcon_notification.desktop_notification.terminal_notifier': Not used on non-Darwin systems
[4.469s] INFO:colcon.colcon_core.plugin_system:Skipping extension 'colcon_notification.desktop_notification.win32': Not used on non-Windows systems
[4.469s] INFO:colcon.colcon_notification.desktop_notification:Sending desktop notification using 'notify2'
[4.483s] DEBUG:colcon.colcon_core.event_reactor:joined thread
[4.525s] INFO:colcon.colcon_core.shell:Creating prefix script '/home/gusti/MagangBayu24-ROS2/tugas1/src/install/local_setup.ps1'
[4.527s] INFO:colcon.colcon_core.shell:Creating prefix util module '/home/gusti/MagangBayu24-ROS2/tugas1/src/install/_local_setup_util_ps1.py'
[4.528s] INFO:colcon.colcon_core.shell:Creating prefix chain script '/home/gusti/MagangBayu24-ROS2/tugas1/src/install/setup.ps1'
[4.571s] INFO:colcon.colcon_core.shell:Creating prefix script '/home/gusti/MagangBayu24-ROS2/tugas1/src/install/local_setup.sh'
[4.571s] INFO:colcon.colcon_core.shell:Creating prefix util module '/home/gusti/MagangBayu24-ROS2/tugas1/src/install/_local_setup_util_sh.py'
[4.572s] INFO:colcon.colcon_core.shell:Creating prefix chain script '/home/gusti/MagangBayu24-ROS2/tugas1/src/install/setup.sh'
[4.616s] INFO:colcon.colcon_core.shell:Creating prefix script '/home/gusti/MagangBayu24-ROS2/tugas1/src/install/local_setup.bash'
[4.617s] INFO:colcon.colcon_core.shell:Creating prefix chain script '/home/gusti/MagangBayu24-ROS2/tugas1/src/install/setup.bash'
[4.656s] INFO:colcon.colcon_core.shell:Creating prefix script '/home/gusti/MagangBayu24-ROS2/tugas1/src/install/local_setup.zsh'
[4.656s] INFO:colcon.colcon_core.shell:Creating prefix chain script '/home/gusti/MagangBayu24-ROS2/tugas1/src/install/setup.zsh'
