[0.986s] Invoking command in '/home/gusti/MagangBayu24-ROS2/tugas1/src/py_pubsub': PYTHONPATH=/home/gusti/MagangBayu24-ROS2/tugas1/src/build/py_pubsub/prefix_override:/home/gusti/MagangBayu24-ROS2/tugas1/src/install/py_pubsub/lib/python3.8/site-packages:${PYTHONPATH} /usr/bin/python3 setup.py egg_info --egg-base ../build/py_pubsub build --build-base /home/gusti/MagangBayu24-ROS2/tugas1/src/build/py_pubsub/build install --record /home/gusti/MagangBayu24-ROS2/tugas1/src/build/py_pubsub/install.log --install-scripts $base/lib/py_pubsub --single-version-externally-managed
[1.194s] running egg_info
[1.195s] writing ../build/py_pubsub/py_pubsub.egg-info/PKG-INFO
[1.195s] writing dependency_links to ../build/py_pubsub/py_pubsub.egg-info/dependency_links.txt
[1.195s] writing entry points to ../build/py_pubsub/py_pubsub.egg-info/entry_points.txt
[1.196s] writing requirements to ../build/py_pubsub/py_pubsub.egg-info/requires.txt
[1.196s] writing top-level names to ../build/py_pubsub/py_pubsub.egg-info/top_level.txt
[1.228s] reading manifest file '../build/py_pubsub/py_pubsub.egg-info/SOURCES.txt'
[1.229s] writing manifest file '../build/py_pubsub/py_pubsub.egg-info/SOURCES.txt'
[1.230s] running build
[1.230s] running build_py
[1.230s] copying py_pubsub/subscriber_member_function.py -> /home/gusti/MagangBayu24-ROS2/tugas1/src/build/py_pubsub/build/lib/py_pubsub
[1.230s] running install
[1.231s] running install_lib
[1.232s] copying /home/gusti/MagangBayu24-ROS2/tugas1/src/build/py_pubsub/build/lib/py_pubsub/subscriber_member_function.py -> /home/gusti/MagangBayu24-ROS2/tugas1/src/install/py_pubsub/lib/python3.8/site-packages/py_pubsub
[1.233s] byte-compiling /home/gusti/MagangBayu24-ROS2/tugas1/src/install/py_pubsub/lib/python3.8/site-packages/py_pubsub/subscriber_member_function.py to subscriber_member_function.cpython-38.pyc
[1.235s] running install_data
[1.235s] running install_egg_info
[1.237s] removing '/home/gusti/MagangBayu24-ROS2/tugas1/src/install/py_pubsub/lib/python3.8/site-packages/py_pubsub-0.0.0-py3.8.egg-info' (and everything under it)
[1.237s] Copying ../build/py_pubsub/py_pubsub.egg-info to /home/gusti/MagangBayu24-ROS2/tugas1/src/install/py_pubsub/lib/python3.8/site-packages/py_pubsub-0.0.0-py3.8.egg-info
[1.238s] running install_scripts
[1.254s] Installing listener script to /home/gusti/MagangBayu24-ROS2/tugas1/src/install/py_pubsub/lib/py_pubsub
[1.254s] Installing talker script to /home/gusti/MagangBayu24-ROS2/tugas1/src/install/py_pubsub/lib/py_pubsub
[1.254s] writing list of installed files to '/home/gusti/MagangBayu24-ROS2/tugas1/src/build/py_pubsub/install.log'
[1.274s] Invoked command in '/home/gusti/MagangBayu24-ROS2/tugas1/src/py_pubsub' returned '0': PYTHONPATH=/home/gusti/MagangBayu24-ROS2/tugas1/src/build/py_pubsub/prefix_override:/home/gusti/MagangBayu24-ROS2/tugas1/src/install/py_pubsub/lib/python3.8/site-packages:${PYTHONPATH} /usr/bin/python3 setup.py egg_info --egg-base ../build/py_pubsub build --build-base /home/gusti/MagangBayu24-ROS2/tugas1/src/build/py_pubsub/build install --record /home/gusti/MagangBayu24-ROS2/tugas1/src/build/py_pubsub/install.log --install-scripts $base/lib/py_pubsub --single-version-externally-managed
