[2.043s] DEBUG:colcon:Command line arguments: ['/usr/bin/colcon', 'build', '--packages-select', 'tutorial_interfaces']
[2.044s] DEBUG:colcon:Parsed command line arguments: Namespace(allow_overriding=[], ament_cmake_args=None, base_paths=['.'], build_base='build', catkin_cmake_args=None, catkin_skip_building_tests=False, cmake_args=None, cmake_clean_cache=False, cmake_clean_first=False, cmake_force_configure=False, cmake_target=None, cmake_target_skip_unavailable=False, continue_on_error=False, event_handlers=None, executor='parallel', ignore_user_meta=False, install_base='install', log_base=None, log_level=None, main=<bound method BuildVerb.main of <colcon_core.verb.build.BuildVerb object at 0x7f6fa36a8ca0>>, merge_install=False, metas=['./colcon.meta'], packages_above=None, packages_above_and_dependencies=None, packages_above_depth=None, packages_end=None, packages_ignore=None, packages_ignore_regex=None, packages_select=['tutorial_interfaces'], packages_select_build_failed=False, packages_select_by_dep=None, packages_select_regex=None, packages_select_test_failures=False, packages_skip=None, packages_skip_build_finished=False, packages_skip_by_dep=None, packages_skip_regex=None, packages_skip_test_passed=False, packages_skip_up_to=None, packages_start=None, packages_up_to=None, packages_up_to_regex=None, parallel_workers=8, paths=None, symlink_install=False, test_result_base=None, verb_extension=<colcon_core.verb.build.BuildVerb object at 0x7f6fa36a8ca0>, verb_name='build', verb_parser=<colcon_defaults.argument_parser.defaults.DefaultArgumentsDecorator object at 0x7f6fa3726610>)
[2.128s] Level 1:colcon.colcon_core.package_discovery:discover_packages(colcon_meta) check parameters
[2.128s] Level 1:colcon.colcon_core.package_discovery:discover_packages(recursive) check parameters
[2.128s] Level 1:colcon.colcon_core.package_discovery:discover_packages(ignore) check parameters
[2.128s] Level 1:colcon.colcon_core.package_discovery:discover_packages(path) check parameters
[2.128s] Level 1:colcon.colcon_core.package_discovery:discover_packages(colcon_meta) discover
[2.129s] Level 1:colcon.colcon_core.package_discovery:discover_packages(recursive) discover
[2.129s] INFO:colcon.colcon_core.package_discovery:Crawling recursively for packages in '/home/gusti/MagangBayu24-ROS2/tugas1/src'
[2.129s] Level 1:colcon.colcon_core.package_identification:_identify(.) by extensions ['ignore', 'ignore_ament_install']
[2.129s] Level 1:colcon.colcon_core.package_identification:_identify(.) by extension 'ignore'
[2.129s] Level 1:colcon.colcon_core.package_identification:_identify(.) by extension 'ignore_ament_install'
[2.129s] Level 1:colcon.colcon_core.package_identification:_identify(.) by extensions ['colcon_pkg']
[2.129s] Level 1:colcon.colcon_core.package_identification:_identify(.) by extension 'colcon_pkg'
[2.129s] Level 1:colcon.colcon_core.package_identification:_identify(.) by extensions ['colcon_meta']
[2.129s] Level 1:colcon.colcon_core.package_identification:_identify(.) by extension 'colcon_meta'
[2.129s] Level 1:colcon.colcon_core.package_identification:_identify(.) by extensions ['ros']
[2.129s] Level 1:colcon.colcon_core.package_identification:_identify(.) by extension 'ros'
[2.139s] Level 1:colcon.colcon_core.package_identification:_identify(.) by extensions ['cmake', 'python']
[2.139s] Level 1:colcon.colcon_core.package_identification:_identify(.) by extension 'cmake'
[2.139s] Level 1:colcon.colcon_core.package_identification:_identify(.) by extension 'python'
[2.139s] Level 1:colcon.colcon_core.package_identification:_identify(.) by extensions ['python_setup_py']
[2.139s] Level 1:colcon.colcon_core.package_identification:_identify(.) by extension 'python_setup_py'
[2.139s] Level 1:colcon.colcon_core.package_identification:_identify(build) by extensions ['ignore', 'ignore_ament_install']
[2.139s] Level 1:colcon.colcon_core.package_identification:_identify(build) by extension 'ignore'
[2.139s] Level 1:colcon.colcon_core.package_identification:_identify(build) ignored
[2.139s] Level 1:colcon.colcon_core.package_identification:_identify(install) by extensions ['ignore', 'ignore_ament_install']
[2.139s] Level 1:colcon.colcon_core.package_identification:_identify(install) by extension 'ignore'
[2.139s] Level 1:colcon.colcon_core.package_identification:_identify(install) ignored
[2.139s] Level 1:colcon.colcon_core.package_identification:_identify(log) by extensions ['ignore', 'ignore_ament_install']
[2.139s] Level 1:colcon.colcon_core.package_identification:_identify(log) by extension 'ignore'
[2.140s] Level 1:colcon.colcon_core.package_identification:_identify(log) ignored
[2.140s] Level 1:colcon.colcon_core.package_identification:_identify(py_pubsub) by extensions ['ignore', 'ignore_ament_install']
[2.140s] Level 1:colcon.colcon_core.package_identification:_identify(py_pubsub) by extension 'ignore'
[2.140s] Level 1:colcon.colcon_core.package_identification:_identify(py_pubsub) by extension 'ignore_ament_install'
[2.140s] Level 1:colcon.colcon_core.package_identification:_identify(py_pubsub) by extensions ['colcon_pkg']
[2.140s] Level 1:colcon.colcon_core.package_identification:_identify(py_pubsub) by extension 'colcon_pkg'
[2.140s] Level 1:colcon.colcon_core.package_identification:_identify(py_pubsub) by extensions ['colcon_meta']
[2.140s] Level 1:colcon.colcon_core.package_identification:_identify(py_pubsub) by extension 'colcon_meta'
[2.140s] Level 1:colcon.colcon_core.package_identification:_identify(py_pubsub) by extensions ['ros']
[2.140s] Level 1:colcon.colcon_core.package_identification:_identify(py_pubsub) by extension 'ros'
[2.142s] DEBUG:colcon.colcon_core.package_identification:Package 'py_pubsub' with type 'ros.ament_python' and name 'py_pubsub'
[2.142s] Level 1:colcon.colcon_core.package_identification:_identify(tutorial_interfaces) by extensions ['ignore', 'ignore_ament_install']
[2.142s] Level 1:colcon.colcon_core.package_identification:_identify(tutorial_interfaces) by extension 'ignore'
[2.142s] Level 1:colcon.colcon_core.package_identification:_identify(tutorial_interfaces) by extension 'ignore_ament_install'
[2.142s] Level 1:colcon.colcon_core.package_identification:_identify(tutorial_interfaces) by extensions ['colcon_pkg']
[2.142s] Level 1:colcon.colcon_core.package_identification:_identify(tutorial_interfaces) by extension 'colcon_pkg'
[2.143s] Level 1:colcon.colcon_core.package_identification:_identify(tutorial_interfaces) by extensions ['colcon_meta']
[2.143s] Level 1:colcon.colcon_core.package_identification:_identify(tutorial_interfaces) by extension 'colcon_meta'
[2.143s] Level 1:colcon.colcon_core.package_identification:_identify(tutorial_interfaces) by extensions ['ros']
[2.143s] Level 1:colcon.colcon_core.package_identification:_identify(tutorial_interfaces) by extension 'ros'
[2.143s] DEBUG:colcon.colcon_core.package_identification:Package 'tutorial_interfaces' with type 'ros.ament_cmake' and name 'tutorial_interfaces'
[2.143s] Level 1:colcon.colcon_core.package_discovery:discover_packages(recursive) using defaults
[2.143s] Level 1:colcon.colcon_core.package_discovery:discover_packages(ignore) discover
[2.143s] Level 1:colcon.colcon_core.package_discovery:discover_packages(ignore) using defaults
[2.143s] Level 1:colcon.colcon_core.package_discovery:discover_packages(path) discover
[2.143s] Level 1:colcon.colcon_core.package_discovery:discover_packages(path) using defaults
[2.270s] INFO:colcon.colcon_core.package_selection:Skipping not selected package 'py_pubsub' in 'py_pubsub'
[2.337s] Level 1:colcon.colcon_core.package_discovery:discover_packages(prefix_path) check parameters
[2.337s] Level 1:colcon.colcon_core.package_discovery:discover_packages(prefix_path) discover
[2.406s] DEBUG:colcon.colcon_installed_package_information.package_discovery:Found 263 installed packages in /opt/ros/foxy
[2.407s] Level 1:colcon.colcon_core.package_discovery:discover_packages(prefix_path) using defaults
[2.538s] Level 5:colcon.colcon_core.verb:set package 'tutorial_interfaces' build argument 'cmake_args' from command line to 'None'
[2.538s] Level 5:colcon.colcon_core.verb:set package 'tutorial_interfaces' build argument 'cmake_target' from command line to 'None'
[2.538s] Level 5:colcon.colcon_core.verb:set package 'tutorial_interfaces' build argument 'cmake_target_skip_unavailable' from command line to 'False'
[2.538s] Level 5:colcon.colcon_core.verb:set package 'tutorial_interfaces' build argument 'cmake_clean_cache' from command line to 'False'
[2.538s] Level 5:colcon.colcon_core.verb:set package 'tutorial_interfaces' build argument 'cmake_clean_first' from command line to 'False'
[2.538s] Level 5:colcon.colcon_core.verb:set package 'tutorial_interfaces' build argument 'cmake_force_configure' from command line to 'False'
[2.538s] Level 5:colcon.colcon_core.verb:set package 'tutorial_interfaces' build argument 'ament_cmake_args' from command line to 'None'
[2.538s] Level 5:colcon.colcon_core.verb:set package 'tutorial_interfaces' build argument 'catkin_cmake_args' from command line to 'None'
[2.538s] Level 5:colcon.colcon_core.verb:set package 'tutorial_interfaces' build argument 'catkin_skip_building_tests' from command line to 'False'
[2.538s] DEBUG:colcon.colcon_core.verb:Building package 'tutorial_interfaces' with the following arguments: {'ament_cmake_args': None, 'build_base': '/home/gusti/MagangBayu24-ROS2/tugas1/src/build/tutorial_interfaces', 'catkin_cmake_args': None, 'catkin_skip_building_tests': False, 'cmake_args': None, 'cmake_clean_cache': False, 'cmake_clean_first': False, 'cmake_force_configure': False, 'cmake_target': None, 'cmake_target_skip_unavailable': False, 'install_base': '/home/gusti/MagangBayu24-ROS2/tugas1/src/install/tutorial_interfaces', 'merge_install': False, 'path': '/home/gusti/MagangBayu24-ROS2/tugas1/src/tutorial_interfaces', 'symlink_install': False, 'test_result_base': None}
[2.571s] INFO:colcon.colcon_core.executor:Executing jobs using 'parallel' executor
[2.604s] DEBUG:colcon.colcon_parallel_executor.executor.parallel:run_until_complete
[2.605s] INFO:colcon.colcon_ros.task.ament_cmake.build:Building ROS package in '/home/gusti/MagangBayu24-ROS2/tugas1/src/tutorial_interfaces' with build type 'ament_cmake'
[2.605s] INFO:colcon.colcon_cmake.task.cmake.build:Building CMake package in '/home/gusti/MagangBayu24-ROS2/tugas1/src/tutorial_interfaces'
[2.650s] INFO:colcon.colcon_core.plugin_system:Skipping extension 'colcon_core.shell.bat': Not used on non-Windows systems
[2.651s] INFO:colcon.colcon_core.shell:Skip shell extension 'powershell' for command environment: Not usable outside of PowerShell
[2.651s] DEBUG:colcon.colcon_core.shell:Skip shell extension 'dsv' for command environment
[2.740s] DEBUG:colcon.colcon_core.event_handler.log_command:Invoking command in '/home/gusti/MagangBayu24-ROS2/tugas1/src/build/tutorial_interfaces': CMAKE_PREFIX_PATH=/opt/ros/foxy /usr/bin/cmake /home/gusti/MagangBayu24-ROS2/tugas1/src/tutorial_interfaces -DCMAKE_INSTALL_PREFIX=/home/gusti/MagangBayu24-ROS2/tugas1/src/install/tutorial_interfaces
[3.947s] DEBUG:colcon.colcon_core.event_handler.log_command:Invoked command in '/home/gusti/MagangBayu24-ROS2/tugas1/src/build/tutorial_interfaces' returned '0': CMAKE_PREFIX_PATH=/opt/ros/foxy /usr/bin/cmake /home/gusti/MagangBayu24-ROS2/tugas1/src/tutorial_interfaces -DCMAKE_INSTALL_PREFIX=/home/gusti/MagangBayu24-ROS2/tugas1/src/install/tutorial_interfaces
[3.949s] DEBUG:colcon.colcon_core.event_handler.log_command:Invoking command in '/home/gusti/MagangBayu24-ROS2/tugas1/src/build/tutorial_interfaces': CMAKE_PREFIX_PATH=/opt/ros/foxy /usr/bin/cmake --build /home/gusti/MagangBayu24-ROS2/tugas1/src/build/tutorial_interfaces -- -j8 -l8
[6.296s] DEBUG:colcon.colcon_core.event_handler.log_command:Invoked command in '/home/gusti/MagangBayu24-ROS2/tugas1/src/build/tutorial_interfaces' returned '0': CMAKE_PREFIX_PATH=/opt/ros/foxy /usr/bin/cmake --build /home/gusti/MagangBayu24-ROS2/tugas1/src/build/tutorial_interfaces -- -j8 -l8
[6.345s] DEBUG:colcon.colcon_core.event_handler.log_command:Invoking command in '/home/gusti/MagangBayu24-ROS2/tugas1/src/build/tutorial_interfaces': CMAKE_PREFIX_PATH=/opt/ros/foxy /usr/bin/cmake --install /home/gusti/MagangBayu24-ROS2/tugas1/src/build/tutorial_interfaces
[6.402s] Level 1:colcon.colcon_core.environment:create_environment_scripts_only(tutorial_interfaces)
[6.403s] DEBUG:colcon.colcon_core.event_handler.log_command:Invoked command in '/home/gusti/MagangBayu24-ROS2/tugas1/src/build/tutorial_interfaces' returned '0': CMAKE_PREFIX_PATH=/opt/ros/foxy /usr/bin/cmake --install /home/gusti/MagangBayu24-ROS2/tugas1/src/build/tutorial_interfaces
[6.446s] Level 1:colcon.colcon_core.environment:checking '/home/gusti/MagangBayu24-ROS2/tugas1/src/install/tutorial_interfaces' for CMake module files
[6.446s] Level 1:colcon.colcon_core.environment:checking '/home/gusti/MagangBayu24-ROS2/tugas1/src/install/tutorial_interfaces' for CMake config files
[6.447s] Level 1:colcon.colcon_core.shell:create_environment_hook('tutorial_interfaces', 'cmake_prefix_path')
[6.496s] INFO:colcon.colcon_core.shell:Creating environment hook '/home/gusti/MagangBayu24-ROS2/tugas1/src/install/tutorial_interfaces/share/tutorial_interfaces/hook/cmake_prefix_path.ps1'
[6.497s] INFO:colcon.colcon_core.shell:Creating environment descriptor '/home/gusti/MagangBayu24-ROS2/tugas1/src/install/tutorial_interfaces/share/tutorial_interfaces/hook/cmake_prefix_path.dsv'
[6.497s] INFO:colcon.colcon_core.shell:Creating environment hook '/home/gusti/MagangBayu24-ROS2/tugas1/src/install/tutorial_interfaces/share/tutorial_interfaces/hook/cmake_prefix_path.sh'
[6.498s] Level 1:colcon.colcon_core.environment:checking '/home/gusti/MagangBayu24-ROS2/tugas1/src/install/tutorial_interfaces/lib'
[6.498s] Level 1:colcon.colcon_core.shell:create_environment_hook('tutorial_interfaces', 'ld_library_path_lib')
[6.536s] INFO:colcon.colcon_core.shell:Creating environment hook '/home/gusti/MagangBayu24-ROS2/tugas1/src/install/tutorial_interfaces/share/tutorial_interfaces/hook/ld_library_path_lib.ps1'
[6.536s] INFO:colcon.colcon_core.shell:Creating environment descriptor '/home/gusti/MagangBayu24-ROS2/tugas1/src/install/tutorial_interfaces/share/tutorial_interfaces/hook/ld_library_path_lib.dsv'
[6.537s] INFO:colcon.colcon_core.shell:Creating environment hook '/home/gusti/MagangBayu24-ROS2/tugas1/src/install/tutorial_interfaces/share/tutorial_interfaces/hook/ld_library_path_lib.sh'
[6.537s] Level 1:colcon.colcon_core.environment:checking '/home/gusti/MagangBayu24-ROS2/tugas1/src/install/tutorial_interfaces/bin'
[6.537s] Level 1:colcon.colcon_core.environment:checking '/home/gusti/MagangBayu24-ROS2/tugas1/src/install/tutorial_interfaces/lib/pkgconfig/tutorial_interfaces.pc'
[6.537s] Level 1:colcon.colcon_core.environment:checking '/home/gusti/MagangBayu24-ROS2/tugas1/src/install/tutorial_interfaces/lib/python3.8/site-packages'
[6.537s] Level 1:colcon.colcon_core.shell:create_environment_hook('tutorial_interfaces', 'pythonpath')
[6.573s] INFO:colcon.colcon_core.shell:Creating environment hook '/home/gusti/MagangBayu24-ROS2/tugas1/src/install/tutorial_interfaces/share/tutorial_interfaces/hook/pythonpath.ps1'
[6.574s] INFO:colcon.colcon_core.shell:Creating environment descriptor '/home/gusti/MagangBayu24-ROS2/tugas1/src/install/tutorial_interfaces/share/tutorial_interfaces/hook/pythonpath.dsv'
[6.574s] INFO:colcon.colcon_core.shell:Creating environment hook '/home/gusti/MagangBayu24-ROS2/tugas1/src/install/tutorial_interfaces/share/tutorial_interfaces/hook/pythonpath.sh'
[6.574s] Level 1:colcon.colcon_core.environment:checking '/home/gusti/MagangBayu24-ROS2/tugas1/src/install/tutorial_interfaces/bin'
[6.608s] INFO:colcon.colcon_core.shell:Creating package script '/home/gusti/MagangBayu24-ROS2/tugas1/src/install/tutorial_interfaces/share/tutorial_interfaces/package.ps1'
[6.609s] INFO:colcon.colcon_core.shell:Creating package descriptor '/home/gusti/MagangBayu24-ROS2/tugas1/src/install/tutorial_interfaces/share/tutorial_interfaces/package.dsv'
[6.610s] INFO:colcon.colcon_core.shell:Creating package script '/home/gusti/MagangBayu24-ROS2/tugas1/src/install/tutorial_interfaces/share/tutorial_interfaces/package.sh'
[6.610s] INFO:colcon.colcon_core.shell:Creating package script '/home/gusti/MagangBayu24-ROS2/tugas1/src/install/tutorial_interfaces/share/tutorial_interfaces/package.bash'
[6.611s] INFO:colcon.colcon_core.shell:Creating package script '/home/gusti/MagangBayu24-ROS2/tugas1/src/install/tutorial_interfaces/share/tutorial_interfaces/package.zsh'
[6.611s] Level 1:colcon.colcon_core.environment:create_file_with_runtime_dependencies(/home/gusti/MagangBayu24-ROS2/tugas1/src/install/tutorial_interfaces/share/colcon-core/packages/tutorial_interfaces)
[6.685s] Level 1:colcon.colcon_core.environment:create_environment_scripts_only(tutorial_interfaces)
[6.720s] Level 1:colcon.colcon_core.environment:checking '/home/gusti/MagangBayu24-ROS2/tugas1/src/install/tutorial_interfaces' for CMake module files
[6.721s] Level 1:colcon.colcon_core.environment:checking '/home/gusti/MagangBayu24-ROS2/tugas1/src/install/tutorial_interfaces' for CMake config files
[6.721s] Level 1:colcon.colcon_core.shell:create_environment_hook('tutorial_interfaces', 'cmake_prefix_path')
[6.764s] INFO:colcon.colcon_core.shell:Creating environment hook '/home/gusti/MagangBayu24-ROS2/tugas1/src/install/tutorial_interfaces/share/tutorial_interfaces/hook/cmake_prefix_path.ps1'
[6.765s] INFO:colcon.colcon_core.shell:Creating environment descriptor '/home/gusti/MagangBayu24-ROS2/tugas1/src/install/tutorial_interfaces/share/tutorial_interfaces/hook/cmake_prefix_path.dsv'
[6.765s] INFO:colcon.colcon_core.shell:Creating environment hook '/home/gusti/MagangBayu24-ROS2/tugas1/src/install/tutorial_interfaces/share/tutorial_interfaces/hook/cmake_prefix_path.sh'
[6.765s] Level 1:colcon.colcon_core.environment:checking '/home/gusti/MagangBayu24-ROS2/tugas1/src/install/tutorial_interfaces/lib'
[6.765s] Level 1:colcon.colcon_core.shell:create_environment_hook('tutorial_interfaces', 'ld_library_path_lib')
[6.800s] INFO:colcon.colcon_core.shell:Creating environment hook '/home/gusti/MagangBayu24-ROS2/tugas1/src/install/tutorial_interfaces/share/tutorial_interfaces/hook/ld_library_path_lib.ps1'
[6.801s] INFO:colcon.colcon_core.shell:Creating environment descriptor '/home/gusti/MagangBayu24-ROS2/tugas1/src/install/tutorial_interfaces/share/tutorial_interfaces/hook/ld_library_path_lib.dsv'
[6.801s] INFO:colcon.colcon_core.shell:Creating environment hook '/home/gusti/MagangBayu24-ROS2/tugas1/src/install/tutorial_interfaces/share/tutorial_interfaces/hook/ld_library_path_lib.sh'
[6.801s] Level 1:colcon.colcon_core.environment:checking '/home/gusti/MagangBayu24-ROS2/tugas1/src/install/tutorial_interfaces/bin'
[6.802s] Level 1:colcon.colcon_core.environment:checking '/home/gusti/MagangBayu24-ROS2/tugas1/src/install/tutorial_interfaces/lib/pkgconfig/tutorial_interfaces.pc'
[6.802s] Level 1:colcon.colcon_core.environment:checking '/home/gusti/MagangBayu24-ROS2/tugas1/src/install/tutorial_interfaces/lib/python3.8/site-packages'
[6.802s] Level 1:colcon.colcon_core.shell:create_environment_hook('tutorial_interfaces', 'pythonpath')
[6.839s] INFO:colcon.colcon_core.shell:Creating environment hook '/home/gusti/MagangBayu24-ROS2/tugas1/src/install/tutorial_interfaces/share/tutorial_interfaces/hook/pythonpath.ps1'
[6.839s] INFO:colcon.colcon_core.shell:Creating environment descriptor '/home/gusti/MagangBayu24-ROS2/tugas1/src/install/tutorial_interfaces/share/tutorial_interfaces/hook/pythonpath.dsv'
[6.839s] INFO:colcon.colcon_core.shell:Creating environment hook '/home/gusti/MagangBayu24-ROS2/tugas1/src/install/tutorial_interfaces/share/tutorial_interfaces/hook/pythonpath.sh'
[6.840s] Level 1:colcon.colcon_core.environment:checking '/home/gusti/MagangBayu24-ROS2/tugas1/src/install/tutorial_interfaces/bin'
[6.877s] INFO:colcon.colcon_core.shell:Creating package script '/home/gusti/MagangBayu24-ROS2/tugas1/src/install/tutorial_interfaces/share/tutorial_interfaces/package.ps1'
[6.877s] INFO:colcon.colcon_core.shell:Creating package descriptor '/home/gusti/MagangBayu24-ROS2/tugas1/src/install/tutorial_interfaces/share/tutorial_interfaces/package.dsv'
[6.878s] INFO:colcon.colcon_core.shell:Creating package script '/home/gusti/MagangBayu24-ROS2/tugas1/src/install/tutorial_interfaces/share/tutorial_interfaces/package.sh'
[6.878s] INFO:colcon.colcon_core.shell:Creating package script '/home/gusti/MagangBayu24-ROS2/tugas1/src/install/tutorial_interfaces/share/tutorial_interfaces/package.bash'
[6.879s] INFO:colcon.colcon_core.shell:Creating package script '/home/gusti/MagangBayu24-ROS2/tugas1/src/install/tutorial_interfaces/share/tutorial_interfaces/package.zsh'
[6.879s] Level 1:colcon.colcon_core.environment:create_file_with_runtime_dependencies(/home/gusti/MagangBayu24-ROS2/tugas1/src/install/tutorial_interfaces/share/colcon-core/packages/tutorial_interfaces)
[6.879s] DEBUG:colcon.colcon_parallel_executor.executor.parallel:closing loop
[6.880s] DEBUG:colcon.colcon_parallel_executor.executor.parallel:loop closed
[6.880s] DEBUG:colcon.colcon_parallel_executor.executor.parallel:run_until_complete finished with '0'
[6.880s] DEBUG:colcon.colcon_core.event_reactor:joining thread
[6.921s] INFO:colcon.colcon_core.plugin_system:Skipping extension 'colcon_notification.desktop_notification.terminal_notifier': Not used on non-Darwin systems
[6.921s] INFO:colcon.colcon_core.plugin_system:Skipping extension 'colcon_notification.desktop_notification.win32': Not used on non-Windows systems
[6.921s] INFO:colcon.colcon_notification.desktop_notification:Sending desktop notification using 'notify2'
[6.935s] DEBUG:colcon.colcon_core.event_reactor:joined thread
[6.975s] INFO:colcon.colcon_core.shell:Creating prefix script '/home/gusti/MagangBayu24-ROS2/tugas1/src/install/local_setup.ps1'
[6.976s] INFO:colcon.colcon_core.shell:Creating prefix util module '/home/gusti/MagangBayu24-ROS2/tugas1/src/install/_local_setup_util_ps1.py'
[6.977s] INFO:colcon.colcon_core.shell:Creating prefix chain script '/home/gusti/MagangBayu24-ROS2/tugas1/src/install/setup.ps1'
[7.018s] INFO:colcon.colcon_core.shell:Creating prefix script '/home/gusti/MagangBayu24-ROS2/tugas1/src/install/local_setup.sh'
[7.018s] INFO:colcon.colcon_core.shell:Creating prefix util module '/home/gusti/MagangBayu24-ROS2/tugas1/src/install/_local_setup_util_sh.py'
[7.019s] INFO:colcon.colcon_core.shell:Creating prefix chain script '/home/gusti/MagangBayu24-ROS2/tugas1/src/install/setup.sh'
[7.055s] INFO:colcon.colcon_core.shell:Creating prefix script '/home/gusti/MagangBayu24-ROS2/tugas1/src/install/local_setup.bash'
[7.058s] INFO:colcon.colcon_core.shell:Creating prefix chain script '/home/gusti/MagangBayu24-ROS2/tugas1/src/install/setup.bash'
[7.094s] INFO:colcon.colcon_core.shell:Creating prefix script '/home/gusti/MagangBayu24-ROS2/tugas1/src/install/local_setup.zsh'
[7.094s] INFO:colcon.colcon_core.shell:Creating prefix chain script '/home/gusti/MagangBayu24-ROS2/tugas1/src/install/setup.zsh'
