[0.197s] Invoking command in '/home/gusti/MagangBayu24-ROS2/tugas1/src/build/tutorial_interfaces': CMAKE_PREFIX_PATH=${CMAKE_PREFIX_PATH}:/home/gusti/MagangBayu24-ROS2/tugas1/src/install/py_pubsub:/opt/ros/foxy /usr/bin/cmake --build /home/gusti/MagangBayu24-ROS2/tugas1/src/build/tutorial_interfaces -- -j8 -l8
[0.227s] -- Found ament_cmake: 0.9.12 (/opt/ros/foxy/share/ament_cmake/cmake)
[0.250s] -- Found PythonInterp: /usr/bin/python3 (found suitable version "3.8.10", minimum required is "3") 
[0.250s] -- Using PYTHON_EXECUTABLE: /usr/bin/python3
[0.451s] -- Found rosidl_default_generators: 1.0.1 (/opt/ros/foxy/share/rosidl_default_generators/cmake)
[0.454s] -- Using all available rosidl_typesupport_c: rosidl_typesupport_fastrtps_c;rosidl_typesupport_introspection_c
[0.458s] -- Found rosidl_adapter: 1.3.1 (/opt/ros/foxy/share/rosidl_adapter/cmake)
[0.583s] -- Using all available rosidl_typesupport_cpp: rosidl_typesupport_fastrtps_cpp;rosidl_typesupport_introspection_cpp
[0.624s] -- Found PythonInterp: /usr/bin/python3 (found version "3.8.10") 
[0.741s] -- Found ament_cmake_ros: 0.9.2 (/opt/ros/foxy/share/ament_cmake_ros/cmake)
[0.832s] -- Using all available rosidl_typesupport_c: rosidl_typesupport_fastrtps_c;rosidl_typesupport_introspection_c
[0.840s] -- Using all available rosidl_typesupport_cpp: rosidl_typesupport_fastrtps_cpp;rosidl_typesupport_introspection_cpp
[0.863s] -- Found PythonInterp: /usr/bin/python3 (found suitable version "3.8.10", minimum required is "3.5") 
[0.864s] -- Found python_cmake_module: 0.8.1 (/opt/ros/foxy/share/python_cmake_module/cmake)
[0.886s] -- Using PYTHON_EXECUTABLE: /usr/bin/python3
[0.886s] -- Using PYTHON_INCLUDE_DIRS: /usr/include/python3.8
[0.886s] -- Using PYTHON_LIBRARIES: /usr/lib/x86_64-linux-gnu/libpython3.8.so
[0.901s] -- Found ament_lint_auto: 0.9.8 (/opt/ros/foxy/share/ament_lint_auto/cmake)
[0.912s] -- Added test 'copyright' to check source files copyright and LICENSE
[0.914s] -- Added test 'lint_cmake' to check CMake code style
[0.916s] -- Added test 'xmllint' to check XML markup files
[0.920s] -- Configuring done
[0.953s] -- Generating done
[0.956s] -- Build files have been written to: /home/gusti/MagangBayu24-ROS2/tugas1/src/build/tutorial_interfaces
[0.979s] [  3%] [34m[1mGenerating C code for ROS interfaces[0m
[0.990s] [  6%] [34m[1mGenerating C++ code for ROS interfaces[0m
[1.220s] [  6%] Built target tutorial_interfaces__cpp
[1.221s] [35m[1mScanning dependencies of target tutorial_interfaces__rosidl_generator_c[0m
[1.233s] [ 12%] [34m[1mGenerating C++ introspection for ROS interfaces[0m
[1.234s] [ 12%] [34m[1mGenerating C++ type support dispatch for ROS interfaces[0m
[1.234s] [ 16%] [34m[1mGenerating C++ type support for eProsima Fast-RTPS[0m
[1.235s] [ 19%] [32mBuilding C object CMakeFiles/tutorial_interfaces__rosidl_generator_c.dir/rosidl_generator_c/tutorial_interfaces/msg/detail/num__functions.c.o[0m
[1.287s] [ 22%] [32m[1mLinking C shared library libtutorial_interfaces__rosidl_generator_c.so[0m
[1.324s] [ 22%] Built target tutorial_interfaces__rosidl_generator_c
[1.336s] [ 25%] [34m[1mGenerating C introspection for ROS interfaces[0m
[1.341s] [ 29%] [34m[1mGenerating C type support dispatch for ROS interfaces[0m
[1.484s] [35m[1mScanning dependencies of target tutorial_interfaces__rosidl_typesupport_cpp[0m
[1.496s] [ 32%] [32mBuilding CXX object CMakeFiles/tutorial_interfaces__rosidl_typesupport_cpp.dir/rosidl_typesupport_cpp/tutorial_interfaces/msg/num__type_support.cpp.o[0m
[1.503s] [35m[1mScanning dependencies of target tutorial_interfaces__rosidl_typesupport_introspection_cpp[0m
[1.506s] [35m[1mScanning dependencies of target tutorial_interfaces__rosidl_typesupport_fastrtps_cpp[0m
[1.520s] [ 35%] [32mBuilding CXX object CMakeFiles/tutorial_interfaces__rosidl_typesupport_introspection_cpp.dir/rosidl_typesupport_introspection_cpp/tutorial_interfaces/msg/detail/num__type_support.cpp.o[0m
[1.524s] [ 38%] [32mBuilding CXX object CMakeFiles/tutorial_interfaces__rosidl_typesupport_fastrtps_cpp.dir/rosidl_typesupport_fastrtps_cpp/tutorial_interfaces/msg/detail/dds_fastrtps/num__type_support.cpp.o[0m
[1.715s] [35m[1mScanning dependencies of target tutorial_interfaces__rosidl_typesupport_c[0m
[1.730s] [ 41%] [32mBuilding CXX object CMakeFiles/tutorial_interfaces__rosidl_typesupport_c.dir/rosidl_typesupport_c/tutorial_interfaces/msg/num__type_support.cpp.o[0m
[1.745s] [35m[1mScanning dependencies of target tutorial_interfaces__rosidl_typesupport_introspection_c[0m
[1.758s] [ 45%] [32mBuilding C object CMakeFiles/tutorial_interfaces__rosidl_typesupport_introspection_c.dir/rosidl_typesupport_introspection_c/tutorial_interfaces/msg/detail/num__type_support.c.o[0m
[1.764s] [ 48%] [32m[1mLinking CXX shared library libtutorial_interfaces__rosidl_typesupport_c.so[0m
[1.794s] [ 51%] [32m[1mLinking C shared library libtutorial_interfaces__rosidl_typesupport_introspection_c.so[0m
[1.806s] [ 51%] Built target tutorial_interfaces__rosidl_typesupport_c
[1.824s] [ 54%] [32m[1mLinking CXX shared library libtutorial_interfaces__rosidl_typesupport_cpp.so[0m
[1.827s] [ 54%] Built target tutorial_interfaces__rosidl_typesupport_introspection_c
[1.863s] [ 54%] Built target tutorial_interfaces__rosidl_typesupport_cpp
[1.951s] [ 58%] [32m[1mLinking CXX shared library libtutorial_interfaces__rosidl_typesupport_introspection_cpp.so[0m
[2.011s] [ 58%] Built target tutorial_interfaces__rosidl_typesupport_introspection_cpp
[2.085s] [ 61%] [32m[1mLinking CXX shared library libtutorial_interfaces__rosidl_typesupport_fastrtps_cpp.so[0m
[2.171s] [ 61%] Built target tutorial_interfaces__rosidl_typesupport_fastrtps_cpp
[2.181s] [ 64%] [34m[1mGenerating C type support for eProsima Fast-RTPS[0m
[2.388s] [35m[1mScanning dependencies of target tutorial_interfaces__rosidl_typesupport_fastrtps_c[0m
[2.399s] [ 67%] [32mBuilding CXX object CMakeFiles/tutorial_interfaces__rosidl_typesupport_fastrtps_c.dir/rosidl_typesupport_fastrtps_c/tutorial_interfaces/msg/detail/num__type_support_c.cpp.o[0m
[2.708s] [ 70%] [32m[1mLinking CXX shared library libtutorial_interfaces__rosidl_typesupport_fastrtps_c.so[0m
[2.791s] [ 70%] Built target tutorial_interfaces__rosidl_typesupport_fastrtps_c
[2.810s] [ 70%] Built target tutorial_interfaces
[2.831s] [ 74%] [34m[1mGenerating Python code for ROS interfaces[0m
[3.184s] [ 74%] Built target tutorial_interfaces__py
[3.194s] [35m[1mScanning dependencies of target tutorial_interfaces__python[0m
[3.208s] [ 77%] [32mBuilding C object CMakeFiles/tutorial_interfaces__python.dir/rosidl_generator_py/tutorial_interfaces/msg/_num_s.c.o[0m
[3.294s] [ 80%] [32m[1mLinking C shared library rosidl_generator_py/tutorial_interfaces/libtutorial_interfaces__python.so[0m
[3.331s] [ 80%] Built target tutorial_interfaces__python
[3.342s] [35m[1mScanning dependencies of target tutorial_interfaces__rosidl_typesupport_introspection_c__pyext[0m
[3.342s] [35m[1mScanning dependencies of target tutorial_interfaces__rosidl_typesupport_fastrtps_c__pyext[0m
[3.342s] [35m[1mScanning dependencies of target tutorial_interfaces__rosidl_typesupport_c__pyext[0m
[3.360s] [ 87%] [32mBuilding C object CMakeFiles/tutorial_interfaces__rosidl_typesupport_fastrtps_c__pyext.dir/rosidl_generator_py/tutorial_interfaces/_tutorial_interfaces_s.ep.rosidl_typesupport_fastrtps_c.c.o[0m
[3.360s] [ 87%] [32mBuilding C object CMakeFiles/tutorial_interfaces__rosidl_typesupport_introspection_c__pyext.dir/rosidl_generator_py/tutorial_interfaces/_tutorial_interfaces_s.ep.rosidl_typesupport_introspection_c.c.o[0m
[3.362s] [ 90%] [32mBuilding C object CMakeFiles/tutorial_interfaces__rosidl_typesupport_c__pyext.dir/rosidl_generator_py/tutorial_interfaces/_tutorial_interfaces_s.ep.rosidl_typesupport_c.c.o[0m
[3.445s] [ 96%] [32m[1mLinking CXX shared library rosidl_generator_py/tutorial_interfaces/tutorial_interfaces_s__rosidl_typesupport_fastrtps_c.cpython-38-x86_64-linux-gnu.so[0m
[3.445s] [ 96%] [32m[1mLinking C shared library rosidl_generator_py/tutorial_interfaces/tutorial_interfaces_s__rosidl_typesupport_introspection_c.cpython-38-x86_64-linux-gnu.so[0m
[3.451s] [100%] [32m[1mLinking C shared library rosidl_generator_py/tutorial_interfaces/tutorial_interfaces_s__rosidl_typesupport_c.cpython-38-x86_64-linux-gnu.so[0m
[3.480s] [100%] Built target tutorial_interfaces__rosidl_typesupport_introspection_c__pyext
[3.492s] [100%] Built target tutorial_interfaces__rosidl_typesupport_c__pyext
[3.507s] [100%] Built target tutorial_interfaces__rosidl_typesupport_fastrtps_c__pyext
[3.519s] Invoked command in '/home/gusti/MagangBayu24-ROS2/tugas1/src/build/tutorial_interfaces' returned '0': CMAKE_PREFIX_PATH=${CMAKE_PREFIX_PATH}:/home/gusti/MagangBayu24-ROS2/tugas1/src/install/py_pubsub:/opt/ros/foxy /usr/bin/cmake --build /home/gusti/MagangBayu24-ROS2/tugas1/src/build/tutorial_interfaces -- -j8 -l8
[3.571s] Invoking command in '/home/gusti/MagangBayu24-ROS2/tugas1/src/build/tutorial_interfaces': CMAKE_PREFIX_PATH=${CMAKE_PREFIX_PATH}:/home/gusti/MagangBayu24-ROS2/tugas1/src/install/py_pubsub:/opt/ros/foxy /usr/bin/cmake --install /home/gusti/MagangBayu24-ROS2/tugas1/src/build/tutorial_interfaces
[3.579s] -- Install configuration: ""
[3.579s] -- Up-to-date: /home/gusti/MagangBayu24-ROS2/tugas1/src/install/tutorial_interfaces/share/ament_index/resource_index/rosidl_interfaces/tutorial_interfaces
[3.579s] -- Up-to-date: /home/gusti/MagangBayu24-ROS2/tugas1/src/install/tutorial_interfaces/include/tutorial_interfaces
[3.579s] -- Up-to-date: /home/gusti/MagangBayu24-ROS2/tugas1/src/install/tutorial_interfaces/include/tutorial_interfaces/msg
[3.579s] -- Up-to-date: /home/gusti/MagangBayu24-ROS2/tugas1/src/install/tutorial_interfaces/include/tutorial_interfaces/msg/rosidl_generator_c__visibility_control.h
[3.579s] -- Installing: /home/gusti/MagangBayu24-ROS2/tugas1/src/install/tutorial_interfaces/include/tutorial_interfaces/msg/num.h
[3.579s] -- Up-to-date: /home/gusti/MagangBayu24-ROS2/tugas1/src/install/tutorial_interfaces/include/tutorial_interfaces/msg/detail
[3.580s] -- Installing: /home/gusti/MagangBayu24-ROS2/tugas1/src/install/tutorial_interfaces/include/tutorial_interfaces/msg/detail/num__functions.h
[3.580s] -- Installing: /home/gusti/MagangBayu24-ROS2/tugas1/src/install/tutorial_interfaces/include/tutorial_interfaces/msg/detail/num__type_support.h
[3.580s] -- Installing: /home/gusti/MagangBayu24-ROS2/tugas1/src/install/tutorial_interfaces/include/tutorial_interfaces/msg/detail/num__struct.h
[3.580s] -- Installing: /home/gusti/MagangBayu24-ROS2/tugas1/src/install/tutorial_interfaces/include/tutorial_interfaces/msg/detail/num__functions.c
[3.580s] -- Up-to-date: /home/gusti/MagangBayu24-ROS2/tugas1/src/install/tutorial_interfaces/share/tutorial_interfaces/environment/library_path.sh
[3.580s] -- Installing: /home/gusti/MagangBayu24-ROS2/tugas1/src/install/tutorial_interfaces/share/tutorial_interfaces/environment/library_path.dsv
[3.580s] -- Installing: /home/gusti/MagangBayu24-ROS2/tugas1/src/install/tutorial_interfaces/lib/libtutorial_interfaces__rosidl_generator_c.so
[3.580s] -- Set runtime path of "/home/gusti/MagangBayu24-ROS2/tugas1/src/install/tutorial_interfaces/lib/libtutorial_interfaces__rosidl_generator_c.so" to ""
[3.580s] -- Up-to-date: /home/gusti/MagangBayu24-ROS2/tugas1/src/install/tutorial_interfaces/include/tutorial_interfaces
[3.580s] -- Up-to-date: /home/gusti/MagangBayu24-ROS2/tugas1/src/install/tutorial_interfaces/include/tutorial_interfaces/msg
[3.580s] -- Up-to-date: /home/gusti/MagangBayu24-ROS2/tugas1/src/install/tutorial_interfaces/include/tutorial_interfaces/msg/rosidl_typesupport_fastrtps_c__visibility_control.h
[3.580s] -- Up-to-date: /home/gusti/MagangBayu24-ROS2/tugas1/src/install/tutorial_interfaces/include/tutorial_interfaces/msg/detail
[3.581s] -- Installing: /home/gusti/MagangBayu24-ROS2/tugas1/src/install/tutorial_interfaces/include/tutorial_interfaces/msg/detail/num__rosidl_typesupport_fastrtps_c.h
[3.581s] -- Installing: /home/gusti/MagangBayu24-ROS2/tugas1/src/install/tutorial_interfaces/lib/libtutorial_interfaces__rosidl_typesupport_fastrtps_c.so
[3.581s] -- Set runtime path of "/home/gusti/MagangBayu24-ROS2/tugas1/src/install/tutorial_interfaces/lib/libtutorial_interfaces__rosidl_typesupport_fastrtps_c.so" to ""
[3.581s] -- Up-to-date: /home/gusti/MagangBayu24-ROS2/tugas1/src/install/tutorial_interfaces/include/tutorial_interfaces
[3.581s] -- Up-to-date: /home/gusti/MagangBayu24-ROS2/tugas1/src/install/tutorial_interfaces/include/tutorial_interfaces/msg
[3.581s] -- Up-to-date: /home/gusti/MagangBayu24-ROS2/tugas1/src/install/tutorial_interfaces/include/tutorial_interfaces/msg/rosidl_typesupport_fastrtps_cpp__visibility_control.h
[3.581s] -- Up-to-date: /home/gusti/MagangBayu24-ROS2/tugas1/src/install/tutorial_interfaces/include/tutorial_interfaces/msg/detail
[3.581s] -- Up-to-date: /home/gusti/MagangBayu24-ROS2/tugas1/src/install/tutorial_interfaces/include/tutorial_interfaces/msg/detail/dds_fastrtps
[3.581s] -- Installing: /home/gusti/MagangBayu24-ROS2/tugas1/src/install/tutorial_interfaces/include/tutorial_interfaces/msg/detail/num__rosidl_typesupport_fastrtps_cpp.hpp
[3.581s] -- Installing: /home/gusti/MagangBayu24-ROS2/tugas1/src/install/tutorial_interfaces/lib/libtutorial_interfaces__rosidl_typesupport_fastrtps_cpp.so
[3.582s] -- Set runtime path of "/home/gusti/MagangBayu24-ROS2/tugas1/src/install/tutorial_interfaces/lib/libtutorial_interfaces__rosidl_typesupport_fastrtps_cpp.so" to ""
[3.582s] -- Up-to-date: /home/gusti/MagangBayu24-ROS2/tugas1/src/install/tutorial_interfaces/include/tutorial_interfaces
[3.582s] -- Up-to-date: /home/gusti/MagangBayu24-ROS2/tugas1/src/install/tutorial_interfaces/include/tutorial_interfaces/msg
[3.582s] -- Up-to-date: /home/gusti/MagangBayu24-ROS2/tugas1/src/install/tutorial_interfaces/include/tutorial_interfaces/msg/rosidl_typesupport_introspection_c__visibility_control.h
[3.582s] -- Up-to-date: /home/gusti/MagangBayu24-ROS2/tugas1/src/install/tutorial_interfaces/include/tutorial_interfaces/msg/detail
[3.582s] -- Installing: /home/gusti/MagangBayu24-ROS2/tugas1/src/install/tutorial_interfaces/include/tutorial_interfaces/msg/detail/num__type_support.c
[3.582s] -- Installing: /home/gusti/MagangBayu24-ROS2/tugas1/src/install/tutorial_interfaces/include/tutorial_interfaces/msg/detail/num__rosidl_typesupport_introspection_c.h
[3.582s] -- Installing: /home/gusti/MagangBayu24-ROS2/tugas1/src/install/tutorial_interfaces/lib/libtutorial_interfaces__rosidl_typesupport_introspection_c.so
[3.583s] -- Set runtime path of "/home/gusti/MagangBayu24-ROS2/tugas1/src/install/tutorial_interfaces/lib/libtutorial_interfaces__rosidl_typesupport_introspection_c.so" to ""
[3.583s] -- Installing: /home/gusti/MagangBayu24-ROS2/tugas1/src/install/tutorial_interfaces/lib/libtutorial_interfaces__rosidl_typesupport_c.so
[3.583s] -- Set runtime path of "/home/gusti/MagangBayu24-ROS2/tugas1/src/install/tutorial_interfaces/lib/libtutorial_interfaces__rosidl_typesupport_c.so" to ""
[3.583s] -- Up-to-date: /home/gusti/MagangBayu24-ROS2/tugas1/src/install/tutorial_interfaces/include/tutorial_interfaces
[3.583s] -- Up-to-date: /home/gusti/MagangBayu24-ROS2/tugas1/src/install/tutorial_interfaces/include/tutorial_interfaces/msg
[3.583s] -- Up-to-date: /home/gusti/MagangBayu24-ROS2/tugas1/src/install/tutorial_interfaces/include/tutorial_interfaces/msg/rosidl_generator_cpp__visibility_control.hpp
[3.583s] -- Up-to-date: /home/gusti/MagangBayu24-ROS2/tugas1/src/install/tutorial_interfaces/include/tutorial_interfaces/msg/detail
[3.584s] -- Installing: /home/gusti/MagangBayu24-ROS2/tugas1/src/install/tutorial_interfaces/include/tutorial_interfaces/msg/detail/num__builder.hpp
[3.584s] -- Installing: /home/gusti/MagangBayu24-ROS2/tugas1/src/install/tutorial_interfaces/include/tutorial_interfaces/msg/detail/num__struct.hpp
[3.584s] -- Installing: /home/gusti/MagangBayu24-ROS2/tugas1/src/install/tutorial_interfaces/include/tutorial_interfaces/msg/detail/num__type_support.hpp
[3.584s] -- Installing: /home/gusti/MagangBayu24-ROS2/tugas1/src/install/tutorial_interfaces/include/tutorial_interfaces/msg/detail/num__traits.hpp
[3.584s] -- Installing: /home/gusti/MagangBayu24-ROS2/tugas1/src/install/tutorial_interfaces/include/tutorial_interfaces/msg/num.hpp
[3.584s] -- Up-to-date: /home/gusti/MagangBayu24-ROS2/tugas1/src/install/tutorial_interfaces/include/tutorial_interfaces
[3.584s] -- Up-to-date: /home/gusti/MagangBayu24-ROS2/tugas1/src/install/tutorial_interfaces/include/tutorial_interfaces/msg
[3.584s] -- Up-to-date: /home/gusti/MagangBayu24-ROS2/tugas1/src/install/tutorial_interfaces/include/tutorial_interfaces/msg/detail
[3.584s] -- Installing: /home/gusti/MagangBayu24-ROS2/tugas1/src/install/tutorial_interfaces/include/tutorial_interfaces/msg/detail/num__type_support.cpp
[3.584s] -- Installing: /home/gusti/MagangBayu24-ROS2/tugas1/src/install/tutorial_interfaces/include/tutorial_interfaces/msg/detail/num__rosidl_typesupport_introspection_cpp.hpp
[3.584s] -- Installing: /home/gusti/MagangBayu24-ROS2/tugas1/src/install/tutorial_interfaces/lib/libtutorial_interfaces__rosidl_typesupport_introspection_cpp.so
[3.585s] -- Set runtime path of "/home/gusti/MagangBayu24-ROS2/tugas1/src/install/tutorial_interfaces/lib/libtutorial_interfaces__rosidl_typesupport_introspection_cpp.so" to ""
[3.585s] -- Installing: /home/gusti/MagangBayu24-ROS2/tugas1/src/install/tutorial_interfaces/lib/libtutorial_interfaces__rosidl_typesupport_cpp.so
[3.585s] -- Set runtime path of "/home/gusti/MagangBayu24-ROS2/tugas1/src/install/tutorial_interfaces/lib/libtutorial_interfaces__rosidl_typesupport_cpp.so" to ""
[3.585s] -- Up-to-date: /home/gusti/MagangBayu24-ROS2/tugas1/src/install/tutorial_interfaces/share/tutorial_interfaces/environment/pythonpath.sh
[3.585s] -- Installing: /home/gusti/MagangBayu24-ROS2/tugas1/src/install/tutorial_interfaces/share/tutorial_interfaces/environment/pythonpath.dsv
[3.585s] -- Installing: /home/gusti/MagangBayu24-ROS2/tugas1/src/install/tutorial_interfaces/lib/python3.8/site-packages/tutorial_interfaces/__init__.py
[3.614s] Compiling '/home/gusti/MagangBayu24-ROS2/tugas1/src/install/tutorial_interfaces/lib/python3.8/site-packages/tutorial_interfaces/__init__.py'...
[3.619s] -- Up-to-date: /home/gusti/MagangBayu24-ROS2/tugas1/src/install/tutorial_interfaces/lib/python3.8/site-packages/tutorial_interfaces/msg
[3.619s] -- Installing: /home/gusti/MagangBayu24-ROS2/tugas1/src/install/tutorial_interfaces/lib/python3.8/site-packages/tutorial_interfaces/msg/_num.py
[3.619s] -- Installing: /home/gusti/MagangBayu24-ROS2/tugas1/src/install/tutorial_interfaces/lib/python3.8/site-packages/tutorial_interfaces/msg/_num_s.c
[3.619s] -- Installing: /home/gusti/MagangBayu24-ROS2/tugas1/src/install/tutorial_interfaces/lib/python3.8/site-packages/tutorial_interfaces/msg/__init__.py
[3.619s] -- Installing: /home/gusti/MagangBayu24-ROS2/tugas1/src/install/tutorial_interfaces/lib/python3.8/site-packages/tutorial_interfaces/tutorial_interfaces_s__rosidl_typesupport_fastrtps_c.cpython-38-x86_64-linux-gnu.so
[3.620s] -- Set runtime path of "/home/gusti/MagangBayu24-ROS2/tugas1/src/install/tutorial_interfaces/lib/python3.8/site-packages/tutorial_interfaces/tutorial_interfaces_s__rosidl_typesupport_fastrtps_c.cpython-38-x86_64-linux-gnu.so" to ""
[3.620s] -- Installing: /home/gusti/MagangBayu24-ROS2/tugas1/src/install/tutorial_interfaces/lib/python3.8/site-packages/tutorial_interfaces/tutorial_interfaces_s__rosidl_typesupport_introspection_c.cpython-38-x86_64-linux-gnu.so
[3.621s] -- Set runtime path of "/home/gusti/MagangBayu24-ROS2/tugas1/src/install/tutorial_interfaces/lib/python3.8/site-packages/tutorial_interfaces/tutorial_interfaces_s__rosidl_typesupport_introspection_c.cpython-38-x86_64-linux-gnu.so" to ""
[3.621s] -- Installing: /home/gusti/MagangBayu24-ROS2/tugas1/src/install/tutorial_interfaces/lib/python3.8/site-packages/tutorial_interfaces/tutorial_interfaces_s__rosidl_typesupport_c.cpython-38-x86_64-linux-gnu.so
[3.621s] -- Set runtime path of "/home/gusti/MagangBayu24-ROS2/tugas1/src/install/tutorial_interfaces/lib/python3.8/site-packages/tutorial_interfaces/tutorial_interfaces_s__rosidl_typesupport_c.cpython-38-x86_64-linux-gnu.so" to ""
[3.622s] -- Installing: /home/gusti/MagangBayu24-ROS2/tugas1/src/install/tutorial_interfaces/lib/libtutorial_interfaces__python.so
[3.622s] -- Set runtime path of "/home/gusti/MagangBayu24-ROS2/tugas1/src/install/tutorial_interfaces/lib/libtutorial_interfaces__python.so" to ""
[3.622s] -- Installing: /home/gusti/MagangBayu24-ROS2/tugas1/src/install/tutorial_interfaces/share/tutorial_interfaces/msg/Num.idl
[3.622s] -- Installing: /home/gusti/MagangBayu24-ROS2/tugas1/src/install/tutorial_interfaces/share/tutorial_interfaces/msg/Num.msg
[3.623s] -- Up-to-date: /home/gusti/MagangBayu24-ROS2/tugas1/src/install/tutorial_interfaces/share/ament_index/resource_index/package_run_dependencies/tutorial_interfaces
[3.623s] -- Up-to-date: /home/gusti/MagangBayu24-ROS2/tugas1/src/install/tutorial_interfaces/share/ament_index/resource_index/parent_prefix_path/tutorial_interfaces
[3.623s] -- Up-to-date: /home/gusti/MagangBayu24-ROS2/tugas1/src/install/tutorial_interfaces/share/tutorial_interfaces/environment/ament_prefix_path.sh
[3.623s] -- Installing: /home/gusti/MagangBayu24-ROS2/tugas1/src/install/tutorial_interfaces/share/tutorial_interfaces/environment/ament_prefix_path.dsv
[3.624s] -- Up-to-date: /home/gusti/MagangBayu24-ROS2/tugas1/src/install/tutorial_interfaces/share/tutorial_interfaces/environment/path.sh
[3.624s] -- Installing: /home/gusti/MagangBayu24-ROS2/tugas1/src/install/tutorial_interfaces/share/tutorial_interfaces/environment/path.dsv
[3.625s] -- Up-to-date: /home/gusti/MagangBayu24-ROS2/tugas1/src/install/tutorial_interfaces/share/tutorial_interfaces/local_setup.bash
[3.625s] -- Up-to-date: /home/gusti/MagangBayu24-ROS2/tugas1/src/install/tutorial_interfaces/share/tutorial_interfaces/local_setup.sh
[3.625s] -- Up-to-date: /home/gusti/MagangBayu24-ROS2/tugas1/src/install/tutorial_interfaces/share/tutorial_interfaces/local_setup.zsh
[3.625s] -- Installing: /home/gusti/MagangBayu24-ROS2/tugas1/src/install/tutorial_interfaces/share/tutorial_interfaces/local_setup.dsv
[3.625s] -- Installing: /home/gusti/MagangBayu24-ROS2/tugas1/src/install/tutorial_interfaces/share/tutorial_interfaces/package.dsv
[3.625s] -- Up-to-date: /home/gusti/MagangBayu24-ROS2/tugas1/src/install/tutorial_interfaces/share/ament_index/resource_index/packages/tutorial_interfaces
[3.625s] -- Up-to-date: /home/gusti/MagangBayu24-ROS2/tugas1/src/install/tutorial_interfaces/share/tutorial_interfaces/cmake/tutorial_interfaces__rosidl_generator_cExport.cmake
[3.625s] -- Installing: /home/gusti/MagangBayu24-ROS2/tugas1/src/install/tutorial_interfaces/share/tutorial_interfaces/cmake/tutorial_interfaces__rosidl_generator_cExport-noconfig.cmake
[3.626s] -- Up-to-date: /home/gusti/MagangBayu24-ROS2/tugas1/src/install/tutorial_interfaces/share/tutorial_interfaces/cmake/tutorial_interfaces__rosidl_typesupport_introspection_cExport.cmake
[3.626s] -- Installing: /home/gusti/MagangBayu24-ROS2/tugas1/src/install/tutorial_interfaces/share/tutorial_interfaces/cmake/tutorial_interfaces__rosidl_typesupport_introspection_cExport-noconfig.cmake
[3.626s] -- Up-to-date: /home/gusti/MagangBayu24-ROS2/tugas1/src/install/tutorial_interfaces/share/tutorial_interfaces/cmake/tutorial_interfaces__rosidl_typesupport_cExport.cmake
[3.626s] -- Installing: /home/gusti/MagangBayu24-ROS2/tugas1/src/install/tutorial_interfaces/share/tutorial_interfaces/cmake/tutorial_interfaces__rosidl_typesupport_cExport-noconfig.cmake
[3.626s] -- Up-to-date: /home/gusti/MagangBayu24-ROS2/tugas1/src/install/tutorial_interfaces/share/tutorial_interfaces/cmake/tutorial_interfaces__rosidl_generator_cppExport.cmake
[3.626s] -- Up-to-date: /home/gusti/MagangBayu24-ROS2/tugas1/src/install/tutorial_interfaces/share/tutorial_interfaces/cmake/tutorial_interfaces__rosidl_typesupport_introspection_cppExport.cmake
[3.626s] -- Installing: /home/gusti/MagangBayu24-ROS2/tugas1/src/install/tutorial_interfaces/share/tutorial_interfaces/cmake/tutorial_interfaces__rosidl_typesupport_introspection_cppExport-noconfig.cmake
[3.627s] -- Up-to-date: /home/gusti/MagangBayu24-ROS2/tugas1/src/install/tutorial_interfaces/share/tutorial_interfaces/cmake/tutorial_interfaces__rosidl_typesupport_cppExport.cmake
[3.627s] -- Installing: /home/gusti/MagangBayu24-ROS2/tugas1/src/install/tutorial_interfaces/share/tutorial_interfaces/cmake/tutorial_interfaces__rosidl_typesupport_cppExport-noconfig.cmake
[3.627s] -- Up-to-date: /home/gusti/MagangBayu24-ROS2/tugas1/src/install/tutorial_interfaces/share/tutorial_interfaces/cmake/rosidl_cmake-extras.cmake
[3.627s] -- Up-to-date: /home/gusti/MagangBayu24-ROS2/tugas1/src/install/tutorial_interfaces/share/tutorial_interfaces/cmake/ament_cmake_export_dependencies-extras.cmake
[3.627s] -- Up-to-date: /home/gusti/MagangBayu24-ROS2/tugas1/src/install/tutorial_interfaces/share/tutorial_interfaces/cmake/ament_cmake_export_libraries-extras.cmake
[3.627s] -- Up-to-date: /home/gusti/MagangBayu24-ROS2/tugas1/src/install/tutorial_interfaces/share/tutorial_interfaces/cmake/ament_cmake_export_targets-extras.cmake
[3.627s] -- Up-to-date: /home/gusti/MagangBayu24-ROS2/tugas1/src/install/tutorial_interfaces/share/tutorial_interfaces/cmake/ament_cmake_export_include_directories-extras.cmake
[3.628s] -- Up-to-date: /home/gusti/MagangBayu24-ROS2/tugas1/src/install/tutorial_interfaces/share/tutorial_interfaces/cmake/rosidl_cmake_export_typesupport_libraries-extras.cmake
[3.628s] -- Up-to-date: /home/gusti/MagangBayu24-ROS2/tugas1/src/install/tutorial_interfaces/share/tutorial_interfaces/cmake/rosidl_cmake_export_typesupport_targets-extras.cmake
[3.628s] -- Up-to-date: /home/gusti/MagangBayu24-ROS2/tugas1/src/install/tutorial_interfaces/share/tutorial_interfaces/cmake/tutorial_interfacesConfig.cmake
[3.628s] -- Up-to-date: /home/gusti/MagangBayu24-ROS2/tugas1/src/install/tutorial_interfaces/share/tutorial_interfaces/cmake/tutorial_interfacesConfig-version.cmake
[3.628s] -- Up-to-date: /home/gusti/MagangBayu24-ROS2/tugas1/src/install/tutorial_interfaces/share/tutorial_interfaces/package.xml
[3.630s] Invoked command in '/home/gusti/MagangBayu24-ROS2/tugas1/src/build/tutorial_interfaces' returned '0': CMAKE_PREFIX_PATH=${CMAKE_PREFIX_PATH}:/home/gusti/MagangBayu24-ROS2/tugas1/src/install/py_pubsub:/opt/ros/foxy /usr/bin/cmake --install /home/gusti/MagangBayu24-ROS2/tugas1/src/build/tutorial_interfaces
