[0.144s] Invoking command in '/home/gusti/MagangBayu24-ROS2/tugas1/src/build/num_interfaces': CMAKE_PREFIX_PATH=/opt/ros/foxy /usr/bin/cmake /home/gusti/MagangBayu24-ROS2/tugas1/src/num_interfaces -DCMAKE_INSTALL_PREFIX=/home/gusti/MagangBayu24-ROS2/tugas1/src/install/num_interfaces
[0.194s] -- The C compiler identification is GNU 9.4.0
[0.244s] -- The CXX compiler identification is GNU 9.4.0
[0.249s] -- Check for working C compiler: /usr/bin/cc
[0.310s] -- Check for working C compiler: /usr/bin/cc -- works
[0.312s] -- Detecting C compiler ABI info
[0.376s] -- Detecting C compiler ABI info - done
[0.387s] -- Detecting C compile features
[0.387s] -- Detecting C compile features - done
[0.390s] -- Check for working CXX compiler: /usr/bin/c++
[0.461s] -- Check for working CXX compiler: /usr/bin/c++ -- works
[0.462s] -- Detecting CXX compiler ABI info
[0.533s] -- Detecting CXX compiler ABI info - done
[0.546s] -- Detecting CXX compile features
[0.546s] -- Detecting CXX compile features - done
[0.548s] -- Found ament_cmake: 0.9.12 (/opt/ros/foxy/share/ament_cmake/cmake)
[0.571s] -- Found PythonInterp: /usr/bin/python3 (found suitable version "3.8.10", minimum required is "3") 
[0.571s] -- Using PYTHON_EXECUTABLE: /usr/bin/python3
[0.758s] -- Found rosidl_default_generators: 1.0.1 (/opt/ros/foxy/share/rosidl_default_generators/cmake)
[0.761s] -- Using all available rosidl_typesupport_c: rosidl_typesupport_fastrtps_c;rosidl_typesupport_introspection_c
[0.766s] -- Found rosidl_adapter: 1.3.1 (/opt/ros/foxy/share/rosidl_adapter/cmake)
[0.843s] -- Found OpenSSL: /usr/lib/x86_64-linux-gnu/libcrypto.so (found version "1.1.1f")  
[0.869s] -- Found FastRTPS: /opt/ros/foxy/include  
[0.937s] -- Using all available rosidl_typesupport_cpp: rosidl_typesupport_fastrtps_cpp;rosidl_typesupport_introspection_cpp
[0.978s] -- Found PythonInterp: /usr/bin/python3 (found version "3.8.10") 
[1.146s] CMake Error at /opt/ros/foxy/share/rosidl_adapter/cmake/rosidl_adapt_interfaces.cmake:60 (message):
[1.146s]   execute_process(/usr/bin/python3 -m rosidl_adapter --package-name
[1.146s]   num_interfaces --arguments-file
[1.146s]   /home/gusti/MagangBayu24-ROS2/tugas1/src/build/num_interfaces/rosidl_adapter__arguments__num_interfaces.json
[1.146s]   --output-dir
[1.146s]   /home/gusti/MagangBayu24-ROS2/tugas1/src/build/num_interfaces/rosidl_adapter/num_interfaces
[1.146s]   --output-file
[1.146s]   /home/gusti/MagangBayu24-ROS2/tugas1/src/build/num_interfaces/rosidl_adapter/num_interfaces.idls)
[1.146s]   returned error code 1:
[1.147s] 
[1.147s]   Error processing 'int 64 num1' of 'num_interfaces/Num': ''int' is an
[1.147s]   invalid message name.  It should have the pattern '^[A-Z][A-Za-z0-9]*$''
[1.147s] 
[1.147s]   Traceback (most recent call last):
[1.147s] 
[1.147s]     File "/usr/lib/python3.8/runpy.py", line 194, in _run_module_as_main
[1.147s]       return _run_code(code, main_globals, None,
[1.147s]     File "/usr/lib/python3.8/runpy.py", line 87, in _run_code
[1.147s]       exec(code, run_globals)
[1.147s]     File "/opt/ros/foxy/lib/python3.8/site-packages/rosidl_adapter/__main__.py", line 19, in <module>
[1.147s]       sys.exit(main())
[1.147s]     File "/opt/ros/foxy/lib/python3.8/site-packages/rosidl_adapter/main.py", line 53, in main
[1.147s]       abs_idl_file = convert_to_idl(
[1.147s]     File "/opt/ros/foxy/lib/python3.8/site-packages/rosidl_adapter/__init__.py", line 19, in convert_to_idl
[1.147s]       return convert_msg_to_idl(
[1.148s]     File "/opt/ros/foxy/lib/python3.8/site-packages/rosidl_adapter/msg/__init__.py", line 28, in convert_msg_to_idl
[1.148s]       msg = parse_message_string(package_name, input_file.stem, content)
[1.148s]     File "/opt/ros/foxy/lib/python3.8/site-packages/rosidl_adapter/parser.py", line 516, in parse_message_string
[1.148s]       Type(type_string, context_package_name=pkg_name),
[1.148s]     File "/opt/ros/foxy/lib/python3.8/site-packages/rosidl_adapter/parser.py", line 276, in __init__
[1.148s]       super(Type, self).__init__(
[1.148s]     File "/opt/ros/foxy/lib/python3.8/site-packages/rosidl_adapter/parser.py", line 204, in __init__
[1.148s]       raise InvalidResourceName(
[1.148s] 
[1.148s]   rosidl_adapter.parser.InvalidResourceName: 'int' is an invalid message
[1.148s]   name.  It should have the pattern '^[A-Z][A-Za-z0-9]*$'
[1.148s] 
[1.148s] Call Stack (most recent call first):
[1.148s]   /opt/ros/foxy/share/rosidl_cmake/cmake/rosidl_generate_interfaces.cmake:130 (rosidl_adapt_interfaces)
[1.148s]   CMakeLists.txt:25 (rosidl_generate_interfaces)
[1.149s] 
[1.149s] 
[1.149s] -- Configuring incomplete, errors occurred!
[1.149s] See also "/home/gusti/MagangBayu24-ROS2/tugas1/src/build/num_interfaces/CMakeFiles/CMakeOutput.log".
[1.156s] Invoked command in '/home/gusti/MagangBayu24-ROS2/tugas1/src/build/num_interfaces' returned '1': CMAKE_PREFIX_PATH=/opt/ros/foxy /usr/bin/cmake /home/gusti/MagangBayu24-ROS2/tugas1/src/num_interfaces -DCMAKE_INSTALL_PREFIX=/home/gusti/MagangBayu24-ROS2/tugas1/src/install/num_interfaces
