[0.887s] Invoking command in '/home/gusti/MagangBayu24-ROS2/tugas1/src/py_pubsub': AMENT_PREFIX_PATH=/home/gusti/MagangBayu24-ROS2/tugas1/src/install/interfaces:${AMENT_PREFIX_PATH} CMAKE_PREFIX_PATH=/home/gusti/MagangBayu24-ROS2/tugas1/src/install/interfaces LD_LIBRARY_PATH=/home/gusti/MagangBayu24-ROS2/tugas1/src/install/interfaces/lib:${LD_LIBRARY_PATH} PYTHONPATH=/home/gusti/MagangBayu24-ROS2/tugas1/src/build/py_pubsub/prefix_override:/home/gusti/MagangBayu24-ROS2/tugas1/src/install/py_pubsub/lib/python3.8/site-packages:/home/gusti/MagangBayu24-ROS2/tugas1/src/install/interfaces/lib/python3.8/site-packages:${PYTHONPATH} /usr/bin/python3 setup.py egg_info --egg-base ../build/py_pubsub build --build-base /home/gusti/MagangBayu24-ROS2/tugas1/src/build/py_pubsub/build install --record /home/gusti/MagangBayu24-ROS2/tugas1/src/build/py_pubsub/install.log --install-scripts $base/lib/py_pubsub --single-version-externally-managed
[1.095s] running egg_info
[1.096s] writing ../build/py_pubsub/py_pubsub.egg-info/PKG-INFO
[1.096s] writing dependency_links to ../build/py_pubsub/py_pubsub.egg-info/dependency_links.txt
[1.096s] writing entry points to ../build/py_pubsub/py_pubsub.egg-info/entry_points.txt
[1.096s] writing requirements to ../build/py_pubsub/py_pubsub.egg-info/requires.txt
[1.096s] writing top-level names to ../build/py_pubsub/py_pubsub.egg-info/top_level.txt
[1.128s] reading manifest file '../build/py_pubsub/py_pubsub.egg-info/SOURCES.txt'
[1.129s] writing manifest file '../build/py_pubsub/py_pubsub.egg-info/SOURCES.txt'
[1.129s] running build
[1.129s] running build_py
[1.130s] copying py_pubsub/subscriber_member_function.py -> /home/gusti/MagangBayu24-ROS2/tugas1/src/build/py_pubsub/build/lib/py_pubsub
[1.130s] copying py_pubsub/publisher_member_function.py -> /home/gusti/MagangBayu24-ROS2/tugas1/src/build/py_pubsub/build/lib/py_pubsub
[1.130s] running install
[1.130s] running install_lib
[1.131s] copying /home/gusti/MagangBayu24-ROS2/tugas1/src/build/py_pubsub/build/lib/py_pubsub/subscriber_member_function.py -> /home/gusti/MagangBayu24-ROS2/tugas1/src/install/py_pubsub/lib/python3.8/site-packages/py_pubsub
[1.132s] copying /home/gusti/MagangBayu24-ROS2/tugas1/src/build/py_pubsub/build/lib/py_pubsub/publisher_member_function.py -> /home/gusti/MagangBayu24-ROS2/tugas1/src/install/py_pubsub/lib/python3.8/site-packages/py_pubsub
[1.132s] byte-compiling /home/gusti/MagangBayu24-ROS2/tugas1/src/install/py_pubsub/lib/python3.8/site-packages/py_pubsub/subscriber_member_function.py to subscriber_member_function.cpython-38.pyc
[1.133s] byte-compiling /home/gusti/MagangBayu24-ROS2/tugas1/src/install/py_pubsub/lib/python3.8/site-packages/py_pubsub/publisher_member_function.py to publisher_member_function.cpython-38.pyc
[1.134s] running install_data
[1.134s] copying package.xml -> /home/gusti/MagangBayu24-ROS2/tugas1/src/install/py_pubsub/share/py_pubsub
[1.135s] running install_egg_info
[1.136s] removing '/home/gusti/MagangBayu24-ROS2/tugas1/src/install/py_pubsub/lib/python3.8/site-packages/py_pubsub-0.0.0-py3.8.egg-info' (and everything under it)
[1.136s] Copying ../build/py_pubsub/py_pubsub.egg-info to /home/gusti/MagangBayu24-ROS2/tugas1/src/install/py_pubsub/lib/python3.8/site-packages/py_pubsub-0.0.0-py3.8.egg-info
[1.137s] running install_scripts
[1.157s] Installing listener script to /home/gusti/MagangBayu24-ROS2/tugas1/src/install/py_pubsub/lib/py_pubsub
[1.157s] Installing talker script to /home/gusti/MagangBayu24-ROS2/tugas1/src/install/py_pubsub/lib/py_pubsub
[1.157s] writing list of installed files to '/home/gusti/MagangBayu24-ROS2/tugas1/src/build/py_pubsub/install.log'
[1.181s] Invoked command in '/home/gusti/MagangBayu24-ROS2/tugas1/src/py_pubsub' returned '0': AMENT_PREFIX_PATH=/home/gusti/MagangBayu24-ROS2/tugas1/src/install/interfaces:${AMENT_PREFIX_PATH} CMAKE_PREFIX_PATH=/home/gusti/MagangBayu24-ROS2/tugas1/src/install/interfaces LD_LIBRARY_PATH=/home/gusti/MagangBayu24-ROS2/tugas1/src/install/interfaces/lib:${LD_LIBRARY_PATH} PYTHONPATH=/home/gusti/MagangBayu24-ROS2/tugas1/src/build/py_pubsub/prefix_override:/home/gusti/MagangBayu24-ROS2/tugas1/src/install/py_pubsub/lib/python3.8/site-packages:/home/gusti/MagangBayu24-ROS2/tugas1/src/install/interfaces/lib/python3.8/site-packages:${PYTHONPATH} /usr/bin/python3 setup.py egg_info --egg-base ../build/py_pubsub build --build-base /home/gusti/MagangBayu24-ROS2/tugas1/src/build/py_pubsub/build install --record /home/gusti/MagangBayu24-ROS2/tugas1/src/build/py_pubsub/install.log --install-scripts $base/lib/py_pubsub --single-version-externally-managed
