/home/gusti/MagangBayu24-ROS2/tugas2/src/install/tugas2/lib/python3.8/site-packages/tugas2/__init__.py
/home/gusti/MagangBayu24-ROS2/tugas2/src/install/tugas2/lib/python3.8/site-packages/tugas2/publisher1.py
/home/gusti/MagangBayu24-ROS2/tugas2/src/install/tugas2/lib/python3.8/site-packages/tugas2/publisher2.py
/home/gusti/MagangBayu24-ROS2/tugas2/src/install/tugas2/lib/python3.8/site-packages/tugas2/subscriber.py
/home/gusti/MagangBayu24-ROS2/tugas2/src/install/tugas2/lib/python3.8/site-packages/tugas2/__pycache__/__init__.cpython-38.pyc
/home/gusti/MagangBayu24-ROS2/tugas2/src/install/tugas2/lib/python3.8/site-packages/tugas2/__pycache__/publisher1.cpython-38.pyc
/home/gusti/MagangBayu24-ROS2/tugas2/src/install/tugas2/lib/python3.8/site-packages/tugas2/__pycache__/publisher2.cpython-38.pyc
/home/gusti/MagangBayu24-ROS2/tugas2/src/install/tugas2/lib/python3.8/site-packages/tugas2/__pycache__/subscriber.cpython-38.pyc
/home/gusti/MagangBayu24-ROS2/tugas2/src/install/tugas2/share/ament_index/resource_index/packages/tugas2
/home/gusti/MagangBayu24-ROS2/tugas2/src/install/tugas2/share/tugas2/package.xml
/home/gusti/MagangBayu24-ROS2/tugas2/src/install/tugas2/lib/python3.8/site-packages/tugas2-0.0.0-py3.8.egg-info/PKG-INFO
/home/gusti/MagangBayu24-ROS2/tugas2/src/install/tugas2/lib/python3.8/site-packages/tugas2-0.0.0-py3.8.egg-info/entry_points.txt
/home/gusti/MagangBayu24-ROS2/tugas2/src/install/tugas2/lib/python3.8/site-packages/tugas2-0.0.0-py3.8.egg-info/top_level.txt
/home/gusti/MagangBayu24-ROS2/tugas2/src/install/tugas2/lib/python3.8/site-packages/tugas2-0.0.0-py3.8.egg-info/zip-safe
/home/gusti/MagangBayu24-ROS2/tugas2/src/install/tugas2/lib/python3.8/site-packages/tugas2-0.0.0-py3.8.egg-info/requires.txt
/home/gusti/MagangBayu24-ROS2/tugas2/src/install/tugas2/lib/python3.8/site-packages/tugas2-0.0.0-py3.8.egg-info/SOURCES.txt
/home/gusti/MagangBayu24-ROS2/tugas2/src/install/tugas2/lib/python3.8/site-packages/tugas2-0.0.0-py3.8.egg-info/dependency_links.txt
/home/gusti/MagangBayu24-ROS2/tugas2/src/install/tugas2/lib/tugas2/listener
/home/gusti/MagangBayu24-ROS2/tugas2/src/install/tugas2/lib/tugas2/talker1
/home/gusti/MagangBayu24-ROS2/tugas2/src/install/tugas2/lib/tugas2/talker2
