[0.127s] Invoking command in '/home/gusti/MagangBayu24-ROS2/tugas2/src/build/custom_interface': CMAKE_PREFIX_PATH=/opt/ros/foxy /usr/bin/cmake /home/gusti/MagangBayu24-ROS2/tugas2/src/custom_interface -DCMAKE_INSTALL_PREFIX=/home/gusti/MagangBayu24-ROS2/tugas2/src/install/custom_interface
[0.176s] -- The C compiler identification is GNU 9.4.0
[0.224s] -- The CXX compiler identification is GNU 9.4.0
[0.229s] -- Check for working C compiler: /usr/bin/cc
[0.291s] -- Check for working C compiler: /usr/bin/cc -- works
[0.292s] -- Detecting C compiler ABI info
[0.363s] -- Detecting C compiler ABI info - done
[0.381s] -- Detecting C compile features
[0.382s] -- Detecting C compile features - done
[0.385s] -- Check for working CXX compiler: /usr/bin/c++
[0.456s] -- Check for working CXX compiler: /usr/bin/c++ -- works
[0.457s] -- Detecting CXX compiler ABI info
[0.531s] -- Detecting CXX compiler ABI info - done
[0.546s] -- Detecting CXX compile features
[0.546s] -- Detecting CXX compile features - done
[0.548s] -- Found ament_cmake: 0.9.12 (/opt/ros/foxy/share/ament_cmake/cmake)
[0.569s] -- Found PythonInterp: /usr/bin/python3 (found suitable version "3.8.10", minimum required is "3") 
[0.569s] -- Using PYTHON_EXECUTABLE: /usr/bin/python3
[0.741s] -- Found rosidl_default_generators: 1.0.1 (/opt/ros/foxy/share/rosidl_default_generators/cmake)
[0.744s] -- Using all available rosidl_typesupport_c: rosidl_typesupport_fastrtps_c;rosidl_typesupport_introspection_c
[0.749s] -- Found rosidl_adapter: 1.3.1 (/opt/ros/foxy/share/rosidl_adapter/cmake)
[0.818s] -- Found OpenSSL: /usr/lib/x86_64-linux-gnu/libcrypto.so (found version "1.1.1f")  
[0.843s] -- Found FastRTPS: /opt/ros/foxy/include  
[0.910s] -- Using all available rosidl_typesupport_cpp: rosidl_typesupport_fastrtps_cpp;rosidl_typesupport_introspection_cpp
[0.951s] -- Found PythonInterp: /usr/bin/python3 (found version "3.8.10") 
[1.052s] CMake Error at /opt/ros/foxy/share/ament_cmake_core/cmake/core/ament_package_xml.cmake:53 (message):
[1.052s]   ament_package_xml() package name 'custom_interface' in '/package.xml' does
[1.052s]   not match current PROJECT_NAME 'interfaces_custom'.  You must call
[1.052s]   project() with the same package name before.
[1.052s] Call Stack (most recent call first):
[1.052s]   /opt/ros/foxy/share/rosidl_cmake/cmake/rosidl_generate_interfaces.cmake:226 (ament_package_xml)
[1.052s]   CMakeLists.txt:23 (rosidl_generate_interfaces)
[1.053s] 
[1.053s] 
[1.054s] -- Configuring incomplete, errors occurred!
[1.054s] See also "/home/gusti/MagangBayu24-ROS2/tugas2/src/build/custom_interface/CMakeFiles/CMakeOutput.log".
[1.062s] Invoked command in '/home/gusti/MagangBayu24-ROS2/tugas2/src/build/custom_interface' returned '1': CMAKE_PREFIX_PATH=/opt/ros/foxy /usr/bin/cmake /home/gusti/MagangBayu24-ROS2/tugas2/src/custom_interface -DCMAKE_INSTALL_PREFIX=/home/gusti/MagangBayu24-ROS2/tugas2/src/install/custom_interface
