[0.134s] Invoking command in '/home/gusti/MagangBayu24-ROS2/tugas1/src/build/tutorial_interfaces': CMAKE_PREFIX_PATH=/opt/ros/foxy /usr/bin/cmake /home/gusti/MagangBayu24-ROS2/tugas1/src/tutorial_interfaces -DCMAKE_INSTALL_PREFIX=/home/gusti/MagangBayu24-ROS2/tugas1/src/install/tutorial_interfaces
[0.183s] -- The C compiler identification is GNU 9.4.0
[0.235s] -- The CXX compiler identification is GNU 9.4.0
[0.239s] -- Check for working C compiler: /usr/bin/cc
[0.300s] -- Check for working C compiler: /usr/bin/cc -- works
[0.301s] -- Detecting C compiler ABI info
[0.362s] -- Detecting C compiler ABI info - done
[0.374s] -- Detecting C compile features
[0.374s] -- Detecting C compile features - done
[0.376s] -- Check for working CXX compiler: /usr/bin/c++
[0.448s] -- Check for working CXX compiler: /usr/bin/c++ -- works
[0.449s] -- Detecting CXX compiler ABI info
[0.520s] -- Detecting CXX compiler ABI info - done
[0.533s] -- Detecting CXX compile features
[0.533s] -- Detecting CXX compile features - done
[0.535s] -- Found ament_cmake: 0.9.12 (/opt/ros/foxy/share/ament_cmake/cmake)
[0.557s] -- Found PythonInterp: /usr/bin/python3 (found suitable version "3.8.10", minimum required is "3") 
[0.558s] -- Using PYTHON_EXECUTABLE: /usr/bin/python3
[0.749s] -- Found rosidl_default_generators: 1.0.1 (/opt/ros/foxy/share/rosidl_default_generators/cmake)
[0.751s] -- Using all available rosidl_typesupport_c: rosidl_typesupport_fastrtps_c;rosidl_typesupport_introspection_c
[0.757s] -- Found rosidl_adapter: 1.3.1 (/opt/ros/foxy/share/rosidl_adapter/cmake)
[0.838s] -- Found OpenSSL: /usr/lib/x86_64-linux-gnu/libcrypto.so (found version "1.1.1f")  
[0.865s] -- Found FastRTPS: /opt/ros/foxy/include  
[0.932s] -- Using all available rosidl_typesupport_cpp: rosidl_typesupport_fastrtps_cpp;rosidl_typesupport_introspection_cpp
[0.974s] -- Found PythonInterp: /usr/bin/python3 (found version "3.8.10") 
[1.081s] -- Found ament_cmake_ros: 0.9.2 (/opt/ros/foxy/share/ament_cmake_ros/cmake)
[1.169s] -- Using all available rosidl_typesupport_c: rosidl_typesupport_fastrtps_c;rosidl_typesupport_introspection_c
[1.176s] -- Using all available rosidl_typesupport_cpp: rosidl_typesupport_fastrtps_cpp;rosidl_typesupport_introspection_cpp
[1.201s] -- Found PythonInterp: /usr/bin/python3 (found suitable version "3.8.10", minimum required is "3.5") 
[1.202s] -- Found python_cmake_module: 0.8.1 (/opt/ros/foxy/share/python_cmake_module/cmake)
[1.229s] -- Found PythonLibs: /usr/lib/x86_64-linux-gnu/libpython3.8.so (found suitable version "3.8.10", minimum required is "3.5") 
[1.229s] -- Using PYTHON_EXECUTABLE: /usr/bin/python3
[1.229s] -- Using PYTHON_INCLUDE_DIRS: /usr/include/python3.8
[1.229s] -- Using PYTHON_LIBRARIES: /usr/lib/x86_64-linux-gnu/libpython3.8.so
[1.250s] -- Found PythonExtra: .so  
[1.285s] -- Found ament_lint_auto: 0.9.8 (/opt/ros/foxy/share/ament_lint_auto/cmake)
[1.300s] -- Added test 'copyright' to check source files copyright and LICENSE
[1.302s] -- Added test 'lint_cmake' to check CMake code style
[1.303s] -- Added test 'xmllint' to check XML markup files
[1.307s] -- Configuring done
[1.334s] -- Generating done
[1.336s] -- Build files have been written to: /home/gusti/MagangBayu24-ROS2/tugas1/src/build/tutorial_interfaces
[1.341s] Invoked command in '/home/gusti/MagangBayu24-ROS2/tugas1/src/build/tutorial_interfaces' returned '0': CMAKE_PREFIX_PATH=/opt/ros/foxy /usr/bin/cmake /home/gusti/MagangBayu24-ROS2/tugas1/src/tutorial_interfaces -DCMAKE_INSTALL_PREFIX=/home/gusti/MagangBayu24-ROS2/tugas1/src/install/tutorial_interfaces
[1.344s] Invoking command in '/home/gusti/MagangBayu24-ROS2/tugas1/src/build/tutorial_interfaces': CMAKE_PREFIX_PATH=/opt/ros/foxy /usr/bin/cmake --build /home/gusti/MagangBayu24-ROS2/tugas1/src/build/tutorial_interfaces -- -j8 -l8
[1.381s] [  3%] [34m[1mGenerating C code for ROS interfaces[0m
[1.382s] [35m[1mScanning dependencies of target tutorial_interfaces__cpp[0m
[1.392s] [  6%] [34m[1mGenerating C++ code for ROS interfaces[0m
[1.614s] [  6%] Built target tutorial_interfaces__cpp
[1.616s] [35m[1mScanning dependencies of target tutorial_interfaces__rosidl_generator_c[0m
[1.624s] [  9%] [34m[1mGenerating C++ type support dispatch for ROS interfaces[0m
[1.624s] [ 12%] [34m[1mGenerating C++ type support for eProsima Fast-RTPS[0m
[1.627s] [ 16%] [34m[1mGenerating C++ introspection for ROS interfaces[0m
[1.630s] [ 19%] [32mBuilding C object CMakeFiles/tutorial_interfaces__rosidl_generator_c.dir/rosidl_generator_c/tutorial_interfaces/msg/detail/num__functions.c.o[0m
[1.692s] [ 22%] [32m[1mLinking C shared library libtutorial_interfaces__rosidl_generator_c.so[0m
[1.724s] [ 22%] Built target tutorial_interfaces__rosidl_generator_c
[1.734s] [ 25%] [34m[1mGenerating C type support dispatch for ROS interfaces[0m
[1.736s] [ 29%] [34m[1mGenerating C introspection for ROS interfaces[0m
[1.833s] [35m[1mScanning dependencies of target tutorial_interfaces__rosidl_typesupport_cpp[0m
[1.844s] [ 32%] [32mBuilding CXX object CMakeFiles/tutorial_interfaces__rosidl_typesupport_cpp.dir/rosidl_typesupport_cpp/tutorial_interfaces/msg/num__type_support.cpp.o[0m
[1.852s] [35m[1mScanning dependencies of target tutorial_interfaces__rosidl_typesupport_introspection_cpp[0m
[1.865s] [ 35%] [32mBuilding CXX object CMakeFiles/tutorial_interfaces__rosidl_typesupport_introspection_cpp.dir/rosidl_typesupport_introspection_cpp/tutorial_interfaces/msg/detail/num__type_support.cpp.o[0m
[1.875s] [35m[1mScanning dependencies of target tutorial_interfaces__rosidl_typesupport_fastrtps_cpp[0m
[1.890s] [ 38%] [32mBuilding CXX object CMakeFiles/tutorial_interfaces__rosidl_typesupport_fastrtps_cpp.dir/rosidl_typesupport_fastrtps_cpp/tutorial_interfaces/msg/detail/dds_fastrtps/num__type_support.cpp.o[0m
[2.068s] [35m[1mScanning dependencies of target tutorial_interfaces__rosidl_typesupport_c[0m
[2.083s] [ 41%] [32mBuilding CXX object CMakeFiles/tutorial_interfaces__rosidl_typesupport_c.dir/rosidl_typesupport_c/tutorial_interfaces/msg/num__type_support.cpp.o[0m
[2.094s] [35m[1mScanning dependencies of target tutorial_interfaces__rosidl_typesupport_introspection_c[0m
[2.111s] [ 48%] [32m[1mLinking CXX shared library libtutorial_interfaces__rosidl_typesupport_c.so[0m
[2.111s] [ 48%] [32mBuilding C object CMakeFiles/tutorial_interfaces__rosidl_typesupport_introspection_c.dir/rosidl_typesupport_introspection_c/tutorial_interfaces/msg/detail/num__type_support.c.o[0m
[2.150s] [ 51%] [32m[1mLinking CXX shared library libtutorial_interfaces__rosidl_typesupport_cpp.so[0m
[2.159s] [ 54%] [32m[1mLinking C shared library libtutorial_interfaces__rosidl_typesupport_introspection_c.so[0m
[2.163s] [ 54%] Built target tutorial_interfaces__rosidl_typesupport_c
[2.180s] [ 58%] [32m[1mLinking CXX shared library libtutorial_interfaces__rosidl_typesupport_introspection_cpp.so[0m
[2.186s] [ 58%] Built target tutorial_interfaces__rosidl_typesupport_introspection_c
[2.191s] [ 58%] Built target tutorial_interfaces__rosidl_typesupport_cpp
[2.217s] [ 58%] Built target tutorial_interfaces__rosidl_typesupport_introspection_cpp
[2.329s] [ 61%] [32m[1mLinking CXX shared library libtutorial_interfaces__rosidl_typesupport_fastrtps_cpp.so[0m
[2.416s] [ 61%] Built target tutorial_interfaces__rosidl_typesupport_fastrtps_cpp
[2.426s] [ 64%] [34m[1mGenerating C type support for eProsima Fast-RTPS[0m
[2.616s] [35m[1mScanning dependencies of target tutorial_interfaces__rosidl_typesupport_fastrtps_c[0m
[2.628s] [ 67%] [32mBuilding CXX object CMakeFiles/tutorial_interfaces__rosidl_typesupport_fastrtps_c.dir/rosidl_typesupport_fastrtps_c/tutorial_interfaces/msg/detail/num__type_support_c.cpp.o[0m
[2.928s] [ 70%] [32m[1mLinking CXX shared library libtutorial_interfaces__rosidl_typesupport_fastrtps_c.so[0m
[3.007s] [ 70%] Built target tutorial_interfaces__rosidl_typesupport_fastrtps_c
[3.017s] [35m[1mScanning dependencies of target tutorial_interfaces[0m
[3.027s] [ 70%] Built target tutorial_interfaces
[3.036s] [35m[1mScanning dependencies of target tutorial_interfaces__py[0m
[3.046s] [ 74%] [34m[1mGenerating Python code for ROS interfaces[0m
[3.379s] [ 74%] Built target tutorial_interfaces__py
[3.388s] [35m[1mScanning dependencies of target tutorial_interfaces__python[0m
[3.404s] [ 77%] [32mBuilding C object CMakeFiles/tutorial_interfaces__python.dir/rosidl_generator_py/tutorial_interfaces/msg/_num_s.c.o[0m
[3.484s] [ 80%] [32m[1mLinking C shared library rosidl_generator_py/tutorial_interfaces/libtutorial_interfaces__python.so[0m
[3.518s] [ 80%] Built target tutorial_interfaces__python
[3.528s] [35m[1mScanning dependencies of target tutorial_interfaces__rosidl_typesupport_introspection_c__pyext[0m
[3.528s] [35m[1mScanning dependencies of target tutorial_interfaces__rosidl_typesupport_c__pyext[0m
[3.528s] [35m[1mScanning dependencies of target tutorial_interfaces__rosidl_typesupport_fastrtps_c__pyext[0m
[3.546s] [ 83%] [32mBuilding C object CMakeFiles/tutorial_interfaces__rosidl_typesupport_c__pyext.dir/rosidl_generator_py/tutorial_interfaces/_tutorial_interfaces_s.ep.rosidl_typesupport_c.c.o[0m
[3.546s] [ 87%] [32mBuilding C object CMakeFiles/tutorial_interfaces__rosidl_typesupport_fastrtps_c__pyext.dir/rosidl_generator_py/tutorial_interfaces/_tutorial_interfaces_s.ep.rosidl_typesupport_fastrtps_c.c.o[0m
[3.551s] [ 90%] [32mBuilding C object CMakeFiles/tutorial_interfaces__rosidl_typesupport_introspection_c__pyext.dir/rosidl_generator_py/tutorial_interfaces/_tutorial_interfaces_s.ep.rosidl_typesupport_introspection_c.c.o[0m
[3.619s] [ 96%] [32m[1mLinking C shared library rosidl_generator_py/tutorial_interfaces/tutorial_interfaces_s__rosidl_typesupport_c.cpython-38-x86_64-linux-gnu.so[0m
[3.620s] [ 96%] [32m[1mLinking CXX shared library rosidl_generator_py/tutorial_interfaces/tutorial_interfaces_s__rosidl_typesupport_fastrtps_c.cpython-38-x86_64-linux-gnu.so[0m
[3.624s] [100%] [32m[1mLinking C shared library rosidl_generator_py/tutorial_interfaces/tutorial_interfaces_s__rosidl_typesupport_introspection_c.cpython-38-x86_64-linux-gnu.so[0m
[3.653s] [100%] Built target tutorial_interfaces__rosidl_typesupport_c__pyext
[3.658s] [100%] Built target tutorial_interfaces__rosidl_typesupport_introspection_c__pyext
[3.680s] [100%] Built target tutorial_interfaces__rosidl_typesupport_fastrtps_c__pyext
[3.691s] Invoked command in '/home/gusti/MagangBayu24-ROS2/tugas1/src/build/tutorial_interfaces' returned '0': CMAKE_PREFIX_PATH=/opt/ros/foxy /usr/bin/cmake --build /home/gusti/MagangBayu24-ROS2/tugas1/src/build/tutorial_interfaces -- -j8 -l8
[3.739s] Invoking command in '/home/gusti/MagangBayu24-ROS2/tugas1/src/build/tutorial_interfaces': CMAKE_PREFIX_PATH=/opt/ros/foxy /usr/bin/cmake --install /home/gusti/MagangBayu24-ROS2/tugas1/src/build/tutorial_interfaces
[3.748s] -- Install configuration: ""
[3.748s] -- Installing: /home/gusti/MagangBayu24-ROS2/tugas1/src/install/tutorial_interfaces/share/ament_index/resource_index/rosidl_interfaces/tutorial_interfaces
[3.748s] -- Installing: /home/gusti/MagangBayu24-ROS2/tugas1/src/install/tutorial_interfaces/include/tutorial_interfaces
[3.748s] -- Installing: /home/gusti/MagangBayu24-ROS2/tugas1/src/install/tutorial_interfaces/include/tutorial_interfaces/msg
[3.748s] -- Installing: /home/gusti/MagangBayu24-ROS2/tugas1/src/install/tutorial_interfaces/include/tutorial_interfaces/msg/rosidl_generator_c__visibility_control.h
[3.748s] -- Installing: /home/gusti/MagangBayu24-ROS2/tugas1/src/install/tutorial_interfaces/include/tutorial_interfaces/msg/num.h
[3.748s] -- Installing: /home/gusti/MagangBayu24-ROS2/tugas1/src/install/tutorial_interfaces/include/tutorial_interfaces/msg/detail
[3.749s] -- Installing: /home/gusti/MagangBayu24-ROS2/tugas1/src/install/tutorial_interfaces/include/tutorial_interfaces/msg/detail/num__functions.h
[3.749s] -- Installing: /home/gusti/MagangBayu24-ROS2/tugas1/src/install/tutorial_interfaces/include/tutorial_interfaces/msg/detail/num__type_support.h
[3.749s] -- Installing: /home/gusti/MagangBayu24-ROS2/tugas1/src/install/tutorial_interfaces/include/tutorial_interfaces/msg/detail/num__struct.h
[3.749s] -- Installing: /home/gusti/MagangBayu24-ROS2/tugas1/src/install/tutorial_interfaces/include/tutorial_interfaces/msg/detail/num__functions.c
[3.749s] -- Installing: /home/gusti/MagangBayu24-ROS2/tugas1/src/install/tutorial_interfaces/share/tutorial_interfaces/environment/library_path.sh
[3.749s] -- Installing: /home/gusti/MagangBayu24-ROS2/tugas1/src/install/tutorial_interfaces/share/tutorial_interfaces/environment/library_path.dsv
[3.749s] -- Installing: /home/gusti/MagangBayu24-ROS2/tugas1/src/install/tutorial_interfaces/lib/libtutorial_interfaces__rosidl_generator_c.so
[3.749s] -- Set runtime path of "/home/gusti/MagangBayu24-ROS2/tugas1/src/install/tutorial_interfaces/lib/libtutorial_interfaces__rosidl_generator_c.so" to ""
[3.749s] -- Up-to-date: /home/gusti/MagangBayu24-ROS2/tugas1/src/install/tutorial_interfaces/include/tutorial_interfaces
[3.750s] -- Up-to-date: /home/gusti/MagangBayu24-ROS2/tugas1/src/install/tutorial_interfaces/include/tutorial_interfaces/msg
[3.750s] -- Installing: /home/gusti/MagangBayu24-ROS2/tugas1/src/install/tutorial_interfaces/include/tutorial_interfaces/msg/rosidl_typesupport_fastrtps_c__visibility_control.h
[3.750s] -- Up-to-date: /home/gusti/MagangBayu24-ROS2/tugas1/src/install/tutorial_interfaces/include/tutorial_interfaces/msg/detail
[3.750s] -- Installing: /home/gusti/MagangBayu24-ROS2/tugas1/src/install/tutorial_interfaces/include/tutorial_interfaces/msg/detail/num__rosidl_typesupport_fastrtps_c.h
[3.750s] -- Installing: /home/gusti/MagangBayu24-ROS2/tugas1/src/install/tutorial_interfaces/lib/libtutorial_interfaces__rosidl_typesupport_fastrtps_c.so
[3.750s] -- Set runtime path of "/home/gusti/MagangBayu24-ROS2/tugas1/src/install/tutorial_interfaces/lib/libtutorial_interfaces__rosidl_typesupport_fastrtps_c.so" to ""
[3.750s] -- Up-to-date: /home/gusti/MagangBayu24-ROS2/tugas1/src/install/tutorial_interfaces/include/tutorial_interfaces
[3.750s] -- Up-to-date: /home/gusti/MagangBayu24-ROS2/tugas1/src/install/tutorial_interfaces/include/tutorial_interfaces/msg
[3.751s] -- Installing: /home/gusti/MagangBayu24-ROS2/tugas1/src/install/tutorial_interfaces/include/tutorial_interfaces/msg/rosidl_typesupport_fastrtps_cpp__visibility_control.h
[3.751s] -- Up-to-date: /home/gusti/MagangBayu24-ROS2/tugas1/src/install/tutorial_interfaces/include/tutorial_interfaces/msg/detail
[3.751s] -- Installing: /home/gusti/MagangBayu24-ROS2/tugas1/src/install/tutorial_interfaces/include/tutorial_interfaces/msg/detail/dds_fastrtps
[3.751s] -- Installing: /home/gusti/MagangBayu24-ROS2/tugas1/src/install/tutorial_interfaces/include/tutorial_interfaces/msg/detail/num__rosidl_typesupport_fastrtps_cpp.hpp
[3.751s] -- Installing: /home/gusti/MagangBayu24-ROS2/tugas1/src/install/tutorial_interfaces/lib/libtutorial_interfaces__rosidl_typesupport_fastrtps_cpp.so
[3.751s] -- Set runtime path of "/home/gusti/MagangBayu24-ROS2/tugas1/src/install/tutorial_interfaces/lib/libtutorial_interfaces__rosidl_typesupport_fastrtps_cpp.so" to ""
[3.751s] -- Up-to-date: /home/gusti/MagangBayu24-ROS2/tugas1/src/install/tutorial_interfaces/include/tutorial_interfaces
[3.751s] -- Up-to-date: /home/gusti/MagangBayu24-ROS2/tugas1/src/install/tutorial_interfaces/include/tutorial_interfaces/msg
[3.752s] -- Installing: /home/gusti/MagangBayu24-ROS2/tugas1/src/install/tutorial_interfaces/include/tutorial_interfaces/msg/rosidl_typesupport_introspection_c__visibility_control.h
[3.752s] -- Up-to-date: /home/gusti/MagangBayu24-ROS2/tugas1/src/install/tutorial_interfaces/include/tutorial_interfaces/msg/detail
[3.752s] -- Installing: /home/gusti/MagangBayu24-ROS2/tugas1/src/install/tutorial_interfaces/include/tutorial_interfaces/msg/detail/num__type_support.c
[3.752s] -- Installing: /home/gusti/MagangBayu24-ROS2/tugas1/src/install/tutorial_interfaces/include/tutorial_interfaces/msg/detail/num__rosidl_typesupport_introspection_c.h
[3.752s] -- Installing: /home/gusti/MagangBayu24-ROS2/tugas1/src/install/tutorial_interfaces/lib/libtutorial_interfaces__rosidl_typesupport_introspection_c.so
[3.752s] -- Set runtime path of "/home/gusti/MagangBayu24-ROS2/tugas1/src/install/tutorial_interfaces/lib/libtutorial_interfaces__rosidl_typesupport_introspection_c.so" to ""
[3.752s] -- Installing: /home/gusti/MagangBayu24-ROS2/tugas1/src/install/tutorial_interfaces/lib/libtutorial_interfaces__rosidl_typesupport_c.so
[3.752s] -- Set runtime path of "/home/gusti/MagangBayu24-ROS2/tugas1/src/install/tutorial_interfaces/lib/libtutorial_interfaces__rosidl_typesupport_c.so" to ""
[3.753s] -- Up-to-date: /home/gusti/MagangBayu24-ROS2/tugas1/src/install/tutorial_interfaces/include/tutorial_interfaces
[3.753s] -- Up-to-date: /home/gusti/MagangBayu24-ROS2/tugas1/src/install/tutorial_interfaces/include/tutorial_interfaces/msg
[3.753s] -- Installing: /home/gusti/MagangBayu24-ROS2/tugas1/src/install/tutorial_interfaces/include/tutorial_interfaces/msg/rosidl_generator_cpp__visibility_control.hpp
[3.753s] -- Up-to-date: /home/gusti/MagangBayu24-ROS2/tugas1/src/install/tutorial_interfaces/include/tutorial_interfaces/msg/detail
[3.753s] -- Installing: /home/gusti/MagangBayu24-ROS2/tugas1/src/install/tutorial_interfaces/include/tutorial_interfaces/msg/detail/num__builder.hpp
[3.753s] -- Installing: /home/gusti/MagangBayu24-ROS2/tugas1/src/install/tutorial_interfaces/include/tutorial_interfaces/msg/detail/num__struct.hpp
[3.753s] -- Installing: /home/gusti/MagangBayu24-ROS2/tugas1/src/install/tutorial_interfaces/include/tutorial_interfaces/msg/detail/num__type_support.hpp
[3.753s] -- Installing: /home/gusti/MagangBayu24-ROS2/tugas1/src/install/tutorial_interfaces/include/tutorial_interfaces/msg/detail/num__traits.hpp
[3.753s] -- Installing: /home/gusti/MagangBayu24-ROS2/tugas1/src/install/tutorial_interfaces/include/tutorial_interfaces/msg/num.hpp
[3.754s] -- Up-to-date: /home/gusti/MagangBayu24-ROS2/tugas1/src/install/tutorial_interfaces/include/tutorial_interfaces
[3.754s] -- Up-to-date: /home/gusti/MagangBayu24-ROS2/tugas1/src/install/tutorial_interfaces/include/tutorial_interfaces/msg
[3.754s] -- Up-to-date: /home/gusti/MagangBayu24-ROS2/tugas1/src/install/tutorial_interfaces/include/tutorial_interfaces/msg/detail
[3.754s] -- Installing: /home/gusti/MagangBayu24-ROS2/tugas1/src/install/tutorial_interfaces/include/tutorial_interfaces/msg/detail/num__type_support.cpp
[3.754s] -- Installing: /home/gusti/MagangBayu24-ROS2/tugas1/src/install/tutorial_interfaces/include/tutorial_interfaces/msg/detail/num__rosidl_typesupport_introspection_cpp.hpp
[3.754s] -- Installing: /home/gusti/MagangBayu24-ROS2/tugas1/src/install/tutorial_interfaces/lib/libtutorial_interfaces__rosidl_typesupport_introspection_cpp.so
[3.754s] -- Set runtime path of "/home/gusti/MagangBayu24-ROS2/tugas1/src/install/tutorial_interfaces/lib/libtutorial_interfaces__rosidl_typesupport_introspection_cpp.so" to ""
[3.755s] -- Installing: /home/gusti/MagangBayu24-ROS2/tugas1/src/install/tutorial_interfaces/lib/libtutorial_interfaces__rosidl_typesupport_cpp.so
[3.755s] -- Set runtime path of "/home/gusti/MagangBayu24-ROS2/tugas1/src/install/tutorial_interfaces/lib/libtutorial_interfaces__rosidl_typesupport_cpp.so" to ""
[3.755s] -- Installing: /home/gusti/MagangBayu24-ROS2/tugas1/src/install/tutorial_interfaces/share/tutorial_interfaces/environment/pythonpath.sh
[3.755s] -- Installing: /home/gusti/MagangBayu24-ROS2/tugas1/src/install/tutorial_interfaces/share/tutorial_interfaces/environment/pythonpath.dsv
[3.755s] -- Installing: /home/gusti/MagangBayu24-ROS2/tugas1/src/install/tutorial_interfaces/lib/python3.8/site-packages/tutorial_interfaces/__init__.py
[3.783s] Compiling '/home/gusti/MagangBayu24-ROS2/tugas1/src/install/tutorial_interfaces/lib/python3.8/site-packages/tutorial_interfaces/__init__.py'...
[3.787s] -- Installing: /home/gusti/MagangBayu24-ROS2/tugas1/src/install/tutorial_interfaces/lib/python3.8/site-packages/tutorial_interfaces/msg
[3.788s] -- Installing: /home/gusti/MagangBayu24-ROS2/tugas1/src/install/tutorial_interfaces/lib/python3.8/site-packages/tutorial_interfaces/msg/_num.py
[3.788s] -- Installing: /home/gusti/MagangBayu24-ROS2/tugas1/src/install/tutorial_interfaces/lib/python3.8/site-packages/tutorial_interfaces/msg/_num_s.c
[3.788s] -- Installing: /home/gusti/MagangBayu24-ROS2/tugas1/src/install/tutorial_interfaces/lib/python3.8/site-packages/tutorial_interfaces/msg/__init__.py
[3.788s] -- Installing: /home/gusti/MagangBayu24-ROS2/tugas1/src/install/tutorial_interfaces/lib/python3.8/site-packages/tutorial_interfaces/tutorial_interfaces_s__rosidl_typesupport_fastrtps_c.cpython-38-x86_64-linux-gnu.so
[3.788s] -- Set runtime path of "/home/gusti/MagangBayu24-ROS2/tugas1/src/install/tutorial_interfaces/lib/python3.8/site-packages/tutorial_interfaces/tutorial_interfaces_s__rosidl_typesupport_fastrtps_c.cpython-38-x86_64-linux-gnu.so" to ""
[3.789s] -- Installing: /home/gusti/MagangBayu24-ROS2/tugas1/src/install/tutorial_interfaces/lib/python3.8/site-packages/tutorial_interfaces/tutorial_interfaces_s__rosidl_typesupport_introspection_c.cpython-38-x86_64-linux-gnu.so
[3.789s] -- Set runtime path of "/home/gusti/MagangBayu24-ROS2/tugas1/src/install/tutorial_interfaces/lib/python3.8/site-packages/tutorial_interfaces/tutorial_interfaces_s__rosidl_typesupport_introspection_c.cpython-38-x86_64-linux-gnu.so" to ""
[3.789s] -- Installing: /home/gusti/MagangBayu24-ROS2/tugas1/src/install/tutorial_interfaces/lib/python3.8/site-packages/tutorial_interfaces/tutorial_interfaces_s__rosidl_typesupport_c.cpython-38-x86_64-linux-gnu.so
[3.790s] -- Set runtime path of "/home/gusti/MagangBayu24-ROS2/tugas1/src/install/tutorial_interfaces/lib/python3.8/site-packages/tutorial_interfaces/tutorial_interfaces_s__rosidl_typesupport_c.cpython-38-x86_64-linux-gnu.so" to ""
[3.790s] -- Installing: /home/gusti/MagangBayu24-ROS2/tugas1/src/install/tutorial_interfaces/lib/libtutorial_interfaces__python.so
[3.790s] -- Set runtime path of "/home/gusti/MagangBayu24-ROS2/tugas1/src/install/tutorial_interfaces/lib/libtutorial_interfaces__python.so" to ""
[3.790s] -- Installing: /home/gusti/MagangBayu24-ROS2/tugas1/src/install/tutorial_interfaces/share/tutorial_interfaces/msg/Num.idl
[3.790s] -- Installing: /home/gusti/MagangBayu24-ROS2/tugas1/src/install/tutorial_interfaces/share/tutorial_interfaces/msg/Num.msg
[3.790s] -- Installing: /home/gusti/MagangBayu24-ROS2/tugas1/src/install/tutorial_interfaces/share/ament_index/resource_index/package_run_dependencies/tutorial_interfaces
[3.791s] -- Installing: /home/gusti/MagangBayu24-ROS2/tugas1/src/install/tutorial_interfaces/share/ament_index/resource_index/parent_prefix_path/tutorial_interfaces
[3.791s] -- Installing: /home/gusti/MagangBayu24-ROS2/tugas1/src/install/tutorial_interfaces/share/tutorial_interfaces/environment/ament_prefix_path.sh
[3.791s] -- Installing: /home/gusti/MagangBayu24-ROS2/tugas1/src/install/tutorial_interfaces/share/tutorial_interfaces/environment/ament_prefix_path.dsv
[3.791s] -- Installing: /home/gusti/MagangBayu24-ROS2/tugas1/src/install/tutorial_interfaces/share/tutorial_interfaces/environment/path.sh
[3.791s] -- Installing: /home/gusti/MagangBayu24-ROS2/tugas1/src/install/tutorial_interfaces/share/tutorial_interfaces/environment/path.dsv
[3.791s] -- Installing: /home/gusti/MagangBayu24-ROS2/tugas1/src/install/tutorial_interfaces/share/tutorial_interfaces/local_setup.bash
[3.792s] -- Installing: /home/gusti/MagangBayu24-ROS2/tugas1/src/install/tutorial_interfaces/share/tutorial_interfaces/local_setup.sh
[3.792s] -- Installing: /home/gusti/MagangBayu24-ROS2/tugas1/src/install/tutorial_interfaces/share/tutorial_interfaces/local_setup.zsh
[3.792s] -- Installing: /home/gusti/MagangBayu24-ROS2/tugas1/src/install/tutorial_interfaces/share/tutorial_interfaces/local_setup.dsv
[3.792s] -- Installing: /home/gusti/MagangBayu24-ROS2/tugas1/src/install/tutorial_interfaces/share/tutorial_interfaces/package.dsv
[3.792s] -- Installing: /home/gusti/MagangBayu24-ROS2/tugas1/src/install/tutorial_interfaces/share/ament_index/resource_index/packages/tutorial_interfaces
[3.792s] -- Installing: /home/gusti/MagangBayu24-ROS2/tugas1/src/install/tutorial_interfaces/share/tutorial_interfaces/cmake/tutorial_interfaces__rosidl_generator_cExport.cmake
[3.792s] -- Installing: /home/gusti/MagangBayu24-ROS2/tugas1/src/install/tutorial_interfaces/share/tutorial_interfaces/cmake/tutorial_interfaces__rosidl_generator_cExport-noconfig.cmake
[3.793s] -- Installing: /home/gusti/MagangBayu24-ROS2/tugas1/src/install/tutorial_interfaces/share/tutorial_interfaces/cmake/tutorial_interfaces__rosidl_typesupport_introspection_cExport.cmake
[3.793s] -- Installing: /home/gusti/MagangBayu24-ROS2/tugas1/src/install/tutorial_interfaces/share/tutorial_interfaces/cmake/tutorial_interfaces__rosidl_typesupport_introspection_cExport-noconfig.cmake
[3.793s] -- Installing: /home/gusti/MagangBayu24-ROS2/tugas1/src/install/tutorial_interfaces/share/tutorial_interfaces/cmake/tutorial_interfaces__rosidl_typesupport_cExport.cmake
[3.793s] -- Installing: /home/gusti/MagangBayu24-ROS2/tugas1/src/install/tutorial_interfaces/share/tutorial_interfaces/cmake/tutorial_interfaces__rosidl_typesupport_cExport-noconfig.cmake
[3.793s] -- Installing: /home/gusti/MagangBayu24-ROS2/tugas1/src/install/tutorial_interfaces/share/tutorial_interfaces/cmake/tutorial_interfaces__rosidl_generator_cppExport.cmake
[3.794s] -- Installing: /home/gusti/MagangBayu24-ROS2/tugas1/src/install/tutorial_interfaces/share/tutorial_interfaces/cmake/tutorial_interfaces__rosidl_typesupport_introspection_cppExport.cmake
[3.794s] -- Installing: /home/gusti/MagangBayu24-ROS2/tugas1/src/install/tutorial_interfaces/share/tutorial_interfaces/cmake/tutorial_interfaces__rosidl_typesupport_introspection_cppExport-noconfig.cmake
[3.794s] -- Installing: /home/gusti/MagangBayu24-ROS2/tugas1/src/install/tutorial_interfaces/share/tutorial_interfaces/cmake/tutorial_interfaces__rosidl_typesupport_cppExport.cmake
[3.794s] -- Installing: /home/gusti/MagangBayu24-ROS2/tugas1/src/install/tutorial_interfaces/share/tutorial_interfaces/cmake/tutorial_interfaces__rosidl_typesupport_cppExport-noconfig.cmake
[3.794s] -- Installing: /home/gusti/MagangBayu24-ROS2/tugas1/src/install/tutorial_interfaces/share/tutorial_interfaces/cmake/rosidl_cmake-extras.cmake
[3.794s] -- Installing: /home/gusti/MagangBayu24-ROS2/tugas1/src/install/tutorial_interfaces/share/tutorial_interfaces/cmake/ament_cmake_export_dependencies-extras.cmake
[3.794s] -- Installing: /home/gusti/MagangBayu24-ROS2/tugas1/src/install/tutorial_interfaces/share/tutorial_interfaces/cmake/ament_cmake_export_libraries-extras.cmake
[3.795s] -- Installing: /home/gusti/MagangBayu24-ROS2/tugas1/src/install/tutorial_interfaces/share/tutorial_interfaces/cmake/ament_cmake_export_targets-extras.cmake
[3.795s] -- Installing: /home/gusti/MagangBayu24-ROS2/tugas1/src/install/tutorial_interfaces/share/tutorial_interfaces/cmake/ament_cmake_export_include_directories-extras.cmake
[3.795s] -- Installing: /home/gusti/MagangBayu24-ROS2/tugas1/src/install/tutorial_interfaces/share/tutorial_interfaces/cmake/rosidl_cmake_export_typesupport_libraries-extras.cmake
[3.795s] -- Installing: /home/gusti/MagangBayu24-ROS2/tugas1/src/install/tutorial_interfaces/share/tutorial_interfaces/cmake/rosidl_cmake_export_typesupport_targets-extras.cmake
[3.795s] -- Installing: /home/gusti/MagangBayu24-ROS2/tugas1/src/install/tutorial_interfaces/share/tutorial_interfaces/cmake/tutorial_interfacesConfig.cmake
[3.795s] -- Installing: /home/gusti/MagangBayu24-ROS2/tugas1/src/install/tutorial_interfaces/share/tutorial_interfaces/cmake/tutorial_interfacesConfig-version.cmake
[3.795s] -- Installing: /home/gusti/MagangBayu24-ROS2/tugas1/src/install/tutorial_interfaces/share/tutorial_interfaces/package.xml
[3.798s] Invoked command in '/home/gusti/MagangBayu24-ROS2/tugas1/src/build/tutorial_interfaces' returned '0': CMAKE_PREFIX_PATH=/opt/ros/foxy /usr/bin/cmake --install /home/gusti/MagangBayu24-ROS2/tugas1/src/build/tutorial_interfaces
