[0.189s] Invoking command in '/home/gusti/MagangBayu24-ROS2/tugas1/src/build/tutorial_interfaces': CMAKE_PREFIX_PATH=${CMAKE_PREFIX_PATH}:/home/gusti/MagangBayu24-ROS2/tugas1/src/install/py_pubsub:/opt/ros/foxy /usr/bin/cmake --build /home/gusti/MagangBayu24-ROS2/tugas1/src/build/tutorial_interfaces -- -j8 -l8
[0.216s] -- Found ament_cmake: 0.9.12 (/opt/ros/foxy/share/ament_cmake/cmake)
[0.239s] -- Found PythonInterp: /usr/bin/python3 (found suitable version "3.8.10", minimum required is "3") 
[0.239s] -- Using PYTHON_EXECUTABLE: /usr/bin/python3
[0.418s] -- Found rosidl_default_generators: 1.0.1 (/opt/ros/foxy/share/rosidl_default_generators/cmake)
[0.421s] -- Using all available rosidl_typesupport_c: rosidl_typesupport_fastrtps_c;rosidl_typesupport_introspection_c
[0.425s] -- Found rosidl_adapter: 1.3.1 (/opt/ros/foxy/share/rosidl_adapter/cmake)
[0.547s] -- Using all available rosidl_typesupport_cpp: rosidl_typesupport_fastrtps_cpp;rosidl_typesupport_introspection_cpp
[0.586s] -- Found PythonInterp: /usr/bin/python3 (found version "3.8.10") 
[0.697s] -- Found ament_cmake_ros: 0.9.2 (/opt/ros/foxy/share/ament_cmake_ros/cmake)
[0.783s] -- Using all available rosidl_typesupport_c: rosidl_typesupport_fastrtps_c;rosidl_typesupport_introspection_c
[0.789s] -- Using all available rosidl_typesupport_cpp: rosidl_typesupport_fastrtps_cpp;rosidl_typesupport_introspection_cpp
[0.811s] -- Found PythonInterp: /usr/bin/python3 (found suitable version "3.8.10", minimum required is "3.5") 
[0.811s] -- Found python_cmake_module: 0.8.1 (/opt/ros/foxy/share/python_cmake_module/cmake)
[0.835s] -- Using PYTHON_EXECUTABLE: /usr/bin/python3
[0.835s] -- Using PYTHON_INCLUDE_DIRS: /usr/include/python3.8
[0.835s] -- Using PYTHON_LIBRARIES: /usr/lib/x86_64-linux-gnu/libpython3.8.so
[0.848s] -- Found ament_lint_auto: 0.9.8 (/opt/ros/foxy/share/ament_lint_auto/cmake)
[0.858s] -- Added test 'copyright' to check source files copyright and LICENSE
[0.859s] -- Added test 'lint_cmake' to check CMake code style
[0.860s] -- Added test 'xmllint' to check XML markup files
[0.863s] -- Configuring done
[0.888s] -- Generating done
[0.891s] -- Build files have been written to: /home/gusti/MagangBayu24-ROS2/tugas1/src/build/tutorial_interfaces
[0.915s] [  3%] [34m[1mGenerating C code for ROS interfaces[0m
[0.925s] [  6%] [34m[1mGenerating C++ code for ROS interfaces[0m
[1.142s] [35m[1mScanning dependencies of target tutorial_interfaces__rosidl_generator_c[0m
[1.152s] [  9%] [32mBuilding C object CMakeFiles/tutorial_interfaces__rosidl_generator_c.dir/rosidl_generator_c/tutorial_interfaces/msg/detail/num__functions.c.o[0m
[1.154s] [  9%] Built target tutorial_interfaces__cpp
[1.164s] [ 19%] [34m[1mGenerating C++ introspection for ROS interfaces[0m
[1.164s] [ 19%] [34m[1mGenerating C++ type support dispatch for ROS interfaces[0m
[1.164s] [ 19%] [34m[1mGenerating C++ type support for eProsima Fast-RTPS[0m
[1.212s] [ 22%] [32m[1mLinking C shared library libtutorial_interfaces__rosidl_generator_c.so[0m
[1.247s] [ 22%] Built target tutorial_interfaces__rosidl_generator_c
[1.257s] [ 25%] [34m[1mGenerating C introspection for ROS interfaces[0m
[1.261s] [ 29%] [34m[1mGenerating C type support dispatch for ROS interfaces[0m
[1.385s] [35m[1mScanning dependencies of target tutorial_interfaces__rosidl_typesupport_cpp[0m
[1.399s] [ 32%] [32mBuilding CXX object CMakeFiles/tutorial_interfaces__rosidl_typesupport_cpp.dir/rosidl_typesupport_cpp/tutorial_interfaces/msg/num__type_support.cpp.o[0m
[1.422s] [35m[1mScanning dependencies of target tutorial_interfaces__rosidl_typesupport_introspection_cpp[0m
[1.435s] [ 35%] [32mBuilding CXX object CMakeFiles/tutorial_interfaces__rosidl_typesupport_introspection_cpp.dir/rosidl_typesupport_introspection_cpp/tutorial_interfaces/msg/detail/num__type_support.cpp.o[0m
[1.440s] [35m[1mScanning dependencies of target tutorial_interfaces__rosidl_typesupport_fastrtps_cpp[0m
[1.457s] [ 38%] [32mBuilding CXX object CMakeFiles/tutorial_interfaces__rosidl_typesupport_fastrtps_cpp.dir/rosidl_typesupport_fastrtps_cpp/tutorial_interfaces/msg/detail/dds_fastrtps/num__type_support.cpp.o[0m
[1.611s] [35m[1mScanning dependencies of target tutorial_interfaces__rosidl_typesupport_c[0m
[1.624s] [ 41%] [32mBuilding CXX object CMakeFiles/tutorial_interfaces__rosidl_typesupport_c.dir/rosidl_typesupport_c/tutorial_interfaces/msg/num__type_support.cpp.o[0m
[1.638s] [35m[1mScanning dependencies of target tutorial_interfaces__rosidl_typesupport_introspection_c[0m
[1.652s] [ 45%] [32mBuilding C object CMakeFiles/tutorial_interfaces__rosidl_typesupport_introspection_c.dir/rosidl_typesupport_introspection_c/tutorial_interfaces/msg/detail/num__type_support.c.o[0m
[1.662s] [ 48%] [32m[1mLinking CXX shared library libtutorial_interfaces__rosidl_typesupport_c.so[0m
[1.685s] [ 51%] [32m[1mLinking C shared library libtutorial_interfaces__rosidl_typesupport_introspection_c.so[0m
[1.705s] [ 54%] [32m[1mLinking CXX shared library libtutorial_interfaces__rosidl_typesupport_cpp.so[0m
[1.717s] [ 54%] Built target tutorial_interfaces__rosidl_typesupport_c
[1.717s] [ 54%] Built target tutorial_interfaces__rosidl_typesupport_introspection_c
[1.738s] [ 58%] [32m[1mLinking CXX shared library libtutorial_interfaces__rosidl_typesupport_introspection_cpp.so[0m
[1.746s] [ 58%] Built target tutorial_interfaces__rosidl_typesupport_cpp
[1.799s] [ 58%] Built target tutorial_interfaces__rosidl_typesupport_introspection_cpp
[1.889s] [ 61%] [32m[1mLinking CXX shared library libtutorial_interfaces__rosidl_typesupport_fastrtps_cpp.so[0m
[1.973s] [ 61%] Built target tutorial_interfaces__rosidl_typesupport_fastrtps_cpp
[1.983s] [ 64%] [34m[1mGenerating C type support for eProsima Fast-RTPS[0m
[2.185s] [35m[1mScanning dependencies of target tutorial_interfaces__rosidl_typesupport_fastrtps_c[0m
[2.198s] [ 67%] [32mBuilding CXX object CMakeFiles/tutorial_interfaces__rosidl_typesupport_fastrtps_c.dir/rosidl_typesupport_fastrtps_c/tutorial_interfaces/msg/detail/num__type_support_c.cpp.o[0m
[2.516s] [ 70%] [32m[1mLinking CXX shared library libtutorial_interfaces__rosidl_typesupport_fastrtps_c.so[0m
[2.596s] [ 70%] Built target tutorial_interfaces__rosidl_typesupport_fastrtps_c
[2.616s] [ 70%] Built target tutorial_interfaces
[2.637s] [ 74%] [34m[1mGenerating Python code for ROS interfaces[0m
[2.992s] [ 74%] Built target tutorial_interfaces__py
[3.002s] [35m[1mScanning dependencies of target tutorial_interfaces__python[0m
[3.016s] [ 77%] [32mBuilding C object CMakeFiles/tutorial_interfaces__python.dir/rosidl_generator_py/tutorial_interfaces/msg/_num_s.c.o[0m
[3.101s] [ 80%] [32m[1mLinking C shared library rosidl_generator_py/tutorial_interfaces/libtutorial_interfaces__python.so[0m
[3.138s] [ 80%] Built target tutorial_interfaces__python
[3.148s] [35m[1mScanning dependencies of target tutorial_interfaces__rosidl_typesupport_c__pyext[0m
[3.149s] [35m[1mScanning dependencies of target tutorial_interfaces__rosidl_typesupport_introspection_c__pyext[0m
[3.149s] [35m[1mScanning dependencies of target tutorial_interfaces__rosidl_typesupport_fastrtps_c__pyext[0m
[3.164s] [ 83%] [32mBuilding C object CMakeFiles/tutorial_interfaces__rosidl_typesupport_c__pyext.dir/rosidl_generator_py/tutorial_interfaces/_tutorial_interfaces_s.ep.rosidl_typesupport_c.c.o[0m
[3.165s] [ 87%] [32mBuilding C object CMakeFiles/tutorial_interfaces__rosidl_typesupport_introspection_c__pyext.dir/rosidl_generator_py/tutorial_interfaces/_tutorial_interfaces_s.ep.rosidl_typesupport_introspection_c.c.o[0m
[3.168s] [ 90%] [32mBuilding C object CMakeFiles/tutorial_interfaces__rosidl_typesupport_fastrtps_c__pyext.dir/rosidl_generator_py/tutorial_interfaces/_tutorial_interfaces_s.ep.rosidl_typesupport_fastrtps_c.c.o[0m
[3.240s] [ 96%] [32m[1mLinking C shared library rosidl_generator_py/tutorial_interfaces/tutorial_interfaces_s__rosidl_typesupport_introspection_c.cpython-38-x86_64-linux-gnu.so[0m
[3.240s] [ 96%] [32m[1mLinking C shared library rosidl_generator_py/tutorial_interfaces/tutorial_interfaces_s__rosidl_typesupport_c.cpython-38-x86_64-linux-gnu.so[0m
[3.246s] [100%] [32m[1mLinking CXX shared library rosidl_generator_py/tutorial_interfaces/tutorial_interfaces_s__rosidl_typesupport_fastrtps_c.cpython-38-x86_64-linux-gnu.so[0m
[3.271s] [100%] Built target tutorial_interfaces__rosidl_typesupport_introspection_c__pyext
[3.271s] [100%] Built target tutorial_interfaces__rosidl_typesupport_c__pyext
[3.304s] [100%] Built target tutorial_interfaces__rosidl_typesupport_fastrtps_c__pyext
[3.315s] Invoked command in '/home/gusti/MagangBayu24-ROS2/tugas1/src/build/tutorial_interfaces' returned '0': CMAKE_PREFIX_PATH=${CMAKE_PREFIX_PATH}:/home/gusti/MagangBayu24-ROS2/tugas1/src/install/py_pubsub:/opt/ros/foxy /usr/bin/cmake --build /home/gusti/MagangBayu24-ROS2/tugas1/src/build/tutorial_interfaces -- -j8 -l8
[3.365s] Invoking command in '/home/gusti/MagangBayu24-ROS2/tugas1/src/build/tutorial_interfaces': CMAKE_PREFIX_PATH=${CMAKE_PREFIX_PATH}:/home/gusti/MagangBayu24-ROS2/tugas1/src/install/py_pubsub:/opt/ros/foxy /usr/bin/cmake --install /home/gusti/MagangBayu24-ROS2/tugas1/src/build/tutorial_interfaces
[3.375s] -- Install configuration: ""
[3.375s] -- Up-to-date: /home/gusti/MagangBayu24-ROS2/tugas1/src/install/tutorial_interfaces/share/ament_index/resource_index/rosidl_interfaces/tutorial_interfaces
[3.375s] -- Up-to-date: /home/gusti/MagangBayu24-ROS2/tugas1/src/install/tutorial_interfaces/include/tutorial_interfaces
[3.375s] -- Up-to-date: /home/gusti/MagangBayu24-ROS2/tugas1/src/install/tutorial_interfaces/include/tutorial_interfaces/msg
[3.375s] -- Up-to-date: /home/gusti/MagangBayu24-ROS2/tugas1/src/install/tutorial_interfaces/include/tutorial_interfaces/msg/rosidl_generator_c__visibility_control.h
[3.375s] -- Installing: /home/gusti/MagangBayu24-ROS2/tugas1/src/install/tutorial_interfaces/include/tutorial_interfaces/msg/num.h
[3.375s] -- Up-to-date: /home/gusti/MagangBayu24-ROS2/tugas1/src/install/tutorial_interfaces/include/tutorial_interfaces/msg/detail
[3.376s] -- Installing: /home/gusti/MagangBayu24-ROS2/tugas1/src/install/tutorial_interfaces/include/tutorial_interfaces/msg/detail/num__functions.h
[3.376s] -- Installing: /home/gusti/MagangBayu24-ROS2/tugas1/src/install/tutorial_interfaces/include/tutorial_interfaces/msg/detail/num__type_support.h
[3.376s] -- Installing: /home/gusti/MagangBayu24-ROS2/tugas1/src/install/tutorial_interfaces/include/tutorial_interfaces/msg/detail/num__struct.h
[3.376s] -- Installing: /home/gusti/MagangBayu24-ROS2/tugas1/src/install/tutorial_interfaces/include/tutorial_interfaces/msg/detail/num__functions.c
[3.376s] -- Up-to-date: /home/gusti/MagangBayu24-ROS2/tugas1/src/install/tutorial_interfaces/share/tutorial_interfaces/environment/library_path.sh
[3.376s] -- Installing: /home/gusti/MagangBayu24-ROS2/tugas1/src/install/tutorial_interfaces/share/tutorial_interfaces/environment/library_path.dsv
[3.376s] -- Installing: /home/gusti/MagangBayu24-ROS2/tugas1/src/install/tutorial_interfaces/lib/libtutorial_interfaces__rosidl_generator_c.so
[3.376s] -- Set runtime path of "/home/gusti/MagangBayu24-ROS2/tugas1/src/install/tutorial_interfaces/lib/libtutorial_interfaces__rosidl_generator_c.so" to ""
[3.376s] -- Up-to-date: /home/gusti/MagangBayu24-ROS2/tugas1/src/install/tutorial_interfaces/include/tutorial_interfaces
[3.376s] -- Up-to-date: /home/gusti/MagangBayu24-ROS2/tugas1/src/install/tutorial_interfaces/include/tutorial_interfaces/msg
[3.376s] -- Up-to-date: /home/gusti/MagangBayu24-ROS2/tugas1/src/install/tutorial_interfaces/include/tutorial_interfaces/msg/rosidl_typesupport_fastrtps_c__visibility_control.h
[3.376s] -- Up-to-date: /home/gusti/MagangBayu24-ROS2/tugas1/src/install/tutorial_interfaces/include/tutorial_interfaces/msg/detail
[3.376s] -- Installing: /home/gusti/MagangBayu24-ROS2/tugas1/src/install/tutorial_interfaces/include/tutorial_interfaces/msg/detail/num__rosidl_typesupport_fastrtps_c.h
[3.377s] -- Installing: /home/gusti/MagangBayu24-ROS2/tugas1/src/install/tutorial_interfaces/lib/libtutorial_interfaces__rosidl_typesupport_fastrtps_c.so
[3.377s] -- Set runtime path of "/home/gusti/MagangBayu24-ROS2/tugas1/src/install/tutorial_interfaces/lib/libtutorial_interfaces__rosidl_typesupport_fastrtps_c.so" to ""
[3.377s] -- Up-to-date: /home/gusti/MagangBayu24-ROS2/tugas1/src/install/tutorial_interfaces/include/tutorial_interfaces
[3.377s] -- Up-to-date: /home/gusti/MagangBayu24-ROS2/tugas1/src/install/tutorial_interfaces/include/tutorial_interfaces/msg
[3.377s] -- Up-to-date: /home/gusti/MagangBayu24-ROS2/tugas1/src/install/tutorial_interfaces/include/tutorial_interfaces/msg/rosidl_typesupport_fastrtps_cpp__visibility_control.h
[3.377s] -- Up-to-date: /home/gusti/MagangBayu24-ROS2/tugas1/src/install/tutorial_interfaces/include/tutorial_interfaces/msg/detail
[3.377s] -- Up-to-date: /home/gusti/MagangBayu24-ROS2/tugas1/src/install/tutorial_interfaces/include/tutorial_interfaces/msg/detail/dds_fastrtps
[3.377s] -- Installing: /home/gusti/MagangBayu24-ROS2/tugas1/src/install/tutorial_interfaces/include/tutorial_interfaces/msg/detail/num__rosidl_typesupport_fastrtps_cpp.hpp
[3.377s] -- Installing: /home/gusti/MagangBayu24-ROS2/tugas1/src/install/tutorial_interfaces/lib/libtutorial_interfaces__rosidl_typesupport_fastrtps_cpp.so
[3.378s] -- Set runtime path of "/home/gusti/MagangBayu24-ROS2/tugas1/src/install/tutorial_interfaces/lib/libtutorial_interfaces__rosidl_typesupport_fastrtps_cpp.so" to ""
[3.378s] -- Up-to-date: /home/gusti/MagangBayu24-ROS2/tugas1/src/install/tutorial_interfaces/include/tutorial_interfaces
[3.378s] -- Up-to-date: /home/gusti/MagangBayu24-ROS2/tugas1/src/install/tutorial_interfaces/include/tutorial_interfaces/msg
[3.378s] -- Up-to-date: /home/gusti/MagangBayu24-ROS2/tugas1/src/install/tutorial_interfaces/include/tutorial_interfaces/msg/rosidl_typesupport_introspection_c__visibility_control.h
[3.378s] -- Up-to-date: /home/gusti/MagangBayu24-ROS2/tugas1/src/install/tutorial_interfaces/include/tutorial_interfaces/msg/detail
[3.378s] -- Installing: /home/gusti/MagangBayu24-ROS2/tugas1/src/install/tutorial_interfaces/include/tutorial_interfaces/msg/detail/num__type_support.c
[3.378s] -- Installing: /home/gusti/MagangBayu24-ROS2/tugas1/src/install/tutorial_interfaces/include/tutorial_interfaces/msg/detail/num__rosidl_typesupport_introspection_c.h
[3.378s] -- Installing: /home/gusti/MagangBayu24-ROS2/tugas1/src/install/tutorial_interfaces/lib/libtutorial_interfaces__rosidl_typesupport_introspection_c.so
[3.378s] -- Set runtime path of "/home/gusti/MagangBayu24-ROS2/tugas1/src/install/tutorial_interfaces/lib/libtutorial_interfaces__rosidl_typesupport_introspection_c.so" to ""
[3.379s] -- Installing: /home/gusti/MagangBayu24-ROS2/tugas1/src/install/tutorial_interfaces/lib/libtutorial_interfaces__rosidl_typesupport_c.so
[3.379s] -- Set runtime path of "/home/gusti/MagangBayu24-ROS2/tugas1/src/install/tutorial_interfaces/lib/libtutorial_interfaces__rosidl_typesupport_c.so" to ""
[3.379s] -- Up-to-date: /home/gusti/MagangBayu24-ROS2/tugas1/src/install/tutorial_interfaces/include/tutorial_interfaces
[3.379s] -- Up-to-date: /home/gusti/MagangBayu24-ROS2/tugas1/src/install/tutorial_interfaces/include/tutorial_interfaces/msg
[3.379s] -- Up-to-date: /home/gusti/MagangBayu24-ROS2/tugas1/src/install/tutorial_interfaces/include/tutorial_interfaces/msg/rosidl_generator_cpp__visibility_control.hpp
[3.379s] -- Up-to-date: /home/gusti/MagangBayu24-ROS2/tugas1/src/install/tutorial_interfaces/include/tutorial_interfaces/msg/detail
[3.379s] -- Installing: /home/gusti/MagangBayu24-ROS2/tugas1/src/install/tutorial_interfaces/include/tutorial_interfaces/msg/detail/num__builder.hpp
[3.380s] -- Installing: /home/gusti/MagangBayu24-ROS2/tugas1/src/install/tutorial_interfaces/include/tutorial_interfaces/msg/detail/num__struct.hpp
[3.380s] -- Installing: /home/gusti/MagangBayu24-ROS2/tugas1/src/install/tutorial_interfaces/include/tutorial_interfaces/msg/detail/num__type_support.hpp
[3.380s] -- Installing: /home/gusti/MagangBayu24-ROS2/tugas1/src/install/tutorial_interfaces/include/tutorial_interfaces/msg/detail/num__traits.hpp
[3.380s] -- Installing: /home/gusti/MagangBayu24-ROS2/tugas1/src/install/tutorial_interfaces/include/tutorial_interfaces/msg/num.hpp
[3.380s] -- Up-to-date: /home/gusti/MagangBayu24-ROS2/tugas1/src/install/tutorial_interfaces/include/tutorial_interfaces
[3.380s] -- Up-to-date: /home/gusti/MagangBayu24-ROS2/tugas1/src/install/tutorial_interfaces/include/tutorial_interfaces/msg
[3.380s] -- Up-to-date: /home/gusti/MagangBayu24-ROS2/tugas1/src/install/tutorial_interfaces/include/tutorial_interfaces/msg/detail
[3.380s] -- Installing: /home/gusti/MagangBayu24-ROS2/tugas1/src/install/tutorial_interfaces/include/tutorial_interfaces/msg/detail/num__type_support.cpp
[3.380s] -- Installing: /home/gusti/MagangBayu24-ROS2/tugas1/src/install/tutorial_interfaces/include/tutorial_interfaces/msg/detail/num__rosidl_typesupport_introspection_cpp.hpp
[3.380s] -- Installing: /home/gusti/MagangBayu24-ROS2/tugas1/src/install/tutorial_interfaces/lib/libtutorial_interfaces__rosidl_typesupport_introspection_cpp.so
[3.380s] -- Set runtime path of "/home/gusti/MagangBayu24-ROS2/tugas1/src/install/tutorial_interfaces/lib/libtutorial_interfaces__rosidl_typesupport_introspection_cpp.so" to ""
[3.381s] -- Installing: /home/gusti/MagangBayu24-ROS2/tugas1/src/install/tutorial_interfaces/lib/libtutorial_interfaces__rosidl_typesupport_cpp.so
[3.381s] -- Set runtime path of "/home/gusti/MagangBayu24-ROS2/tugas1/src/install/tutorial_interfaces/lib/libtutorial_interfaces__rosidl_typesupport_cpp.so" to ""
[3.381s] -- Up-to-date: /home/gusti/MagangBayu24-ROS2/tugas1/src/install/tutorial_interfaces/share/tutorial_interfaces/environment/pythonpath.sh
[3.381s] -- Installing: /home/gusti/MagangBayu24-ROS2/tugas1/src/install/tutorial_interfaces/share/tutorial_interfaces/environment/pythonpath.dsv
[3.381s] -- Installing: /home/gusti/MagangBayu24-ROS2/tugas1/src/install/tutorial_interfaces/lib/python3.8/site-packages/tutorial_interfaces/__init__.py
[3.409s] Compiling '/home/gusti/MagangBayu24-ROS2/tugas1/src/install/tutorial_interfaces/lib/python3.8/site-packages/tutorial_interfaces/__init__.py'...
[3.413s] -- Up-to-date: /home/gusti/MagangBayu24-ROS2/tugas1/src/install/tutorial_interfaces/lib/python3.8/site-packages/tutorial_interfaces/msg
[3.413s] -- Installing: /home/gusti/MagangBayu24-ROS2/tugas1/src/install/tutorial_interfaces/lib/python3.8/site-packages/tutorial_interfaces/msg/_num.py
[3.413s] -- Installing: /home/gusti/MagangBayu24-ROS2/tugas1/src/install/tutorial_interfaces/lib/python3.8/site-packages/tutorial_interfaces/msg/_num_s.c
[3.413s] -- Installing: /home/gusti/MagangBayu24-ROS2/tugas1/src/install/tutorial_interfaces/lib/python3.8/site-packages/tutorial_interfaces/msg/__init__.py
[3.414s] -- Installing: /home/gusti/MagangBayu24-ROS2/tugas1/src/install/tutorial_interfaces/lib/python3.8/site-packages/tutorial_interfaces/tutorial_interfaces_s__rosidl_typesupport_fastrtps_c.cpython-38-x86_64-linux-gnu.so
[3.414s] -- Set runtime path of "/home/gusti/MagangBayu24-ROS2/tugas1/src/install/tutorial_interfaces/lib/python3.8/site-packages/tutorial_interfaces/tutorial_interfaces_s__rosidl_typesupport_fastrtps_c.cpython-38-x86_64-linux-gnu.so" to ""
[3.415s] -- Installing: /home/gusti/MagangBayu24-ROS2/tugas1/src/install/tutorial_interfaces/lib/python3.8/site-packages/tutorial_interfaces/tutorial_interfaces_s__rosidl_typesupport_introspection_c.cpython-38-x86_64-linux-gnu.so
[3.415s] -- Set runtime path of "/home/gusti/MagangBayu24-ROS2/tugas1/src/install/tutorial_interfaces/lib/python3.8/site-packages/tutorial_interfaces/tutorial_interfaces_s__rosidl_typesupport_introspection_c.cpython-38-x86_64-linux-gnu.so" to ""
[3.416s] -- Installing: /home/gusti/MagangBayu24-ROS2/tugas1/src/install/tutorial_interfaces/lib/python3.8/site-packages/tutorial_interfaces/tutorial_interfaces_s__rosidl_typesupport_c.cpython-38-x86_64-linux-gnu.so
[3.416s] -- Set runtime path of "/home/gusti/MagangBayu24-ROS2/tugas1/src/install/tutorial_interfaces/lib/python3.8/site-packages/tutorial_interfaces/tutorial_interfaces_s__rosidl_typesupport_c.cpython-38-x86_64-linux-gnu.so" to ""
[3.416s] -- Installing: /home/gusti/MagangBayu24-ROS2/tugas1/src/install/tutorial_interfaces/lib/libtutorial_interfaces__python.so
[3.417s] -- Set runtime path of "/home/gusti/MagangBayu24-ROS2/tugas1/src/install/tutorial_interfaces/lib/libtutorial_interfaces__python.so" to ""
[3.417s] -- Installing: /home/gusti/MagangBayu24-ROS2/tugas1/src/install/tutorial_interfaces/share/tutorial_interfaces/msg/Num.idl
[3.417s] -- Installing: /home/gusti/MagangBayu24-ROS2/tugas1/src/install/tutorial_interfaces/share/tutorial_interfaces/msg/Num.msg
[3.417s] -- Up-to-date: /home/gusti/MagangBayu24-ROS2/tugas1/src/install/tutorial_interfaces/share/ament_index/resource_index/package_run_dependencies/tutorial_interfaces
[3.417s] -- Up-to-date: /home/gusti/MagangBayu24-ROS2/tugas1/src/install/tutorial_interfaces/share/ament_index/resource_index/parent_prefix_path/tutorial_interfaces
[3.417s] -- Up-to-date: /home/gusti/MagangBayu24-ROS2/tugas1/src/install/tutorial_interfaces/share/tutorial_interfaces/environment/ament_prefix_path.sh
[3.417s] -- Installing: /home/gusti/MagangBayu24-ROS2/tugas1/src/install/tutorial_interfaces/share/tutorial_interfaces/environment/ament_prefix_path.dsv
[3.417s] -- Up-to-date: /home/gusti/MagangBayu24-ROS2/tugas1/src/install/tutorial_interfaces/share/tutorial_interfaces/environment/path.sh
[3.418s] -- Installing: /home/gusti/MagangBayu24-ROS2/tugas1/src/install/tutorial_interfaces/share/tutorial_interfaces/environment/path.dsv
[3.418s] -- Up-to-date: /home/gusti/MagangBayu24-ROS2/tugas1/src/install/tutorial_interfaces/share/tutorial_interfaces/local_setup.bash
[3.418s] -- Up-to-date: /home/gusti/MagangBayu24-ROS2/tugas1/src/install/tutorial_interfaces/share/tutorial_interfaces/local_setup.sh
[3.418s] -- Up-to-date: /home/gusti/MagangBayu24-ROS2/tugas1/src/install/tutorial_interfaces/share/tutorial_interfaces/local_setup.zsh
[3.418s] -- Installing: /home/gusti/MagangBayu24-ROS2/tugas1/src/install/tutorial_interfaces/share/tutorial_interfaces/local_setup.dsv
[3.418s] -- Installing: /home/gusti/MagangBayu24-ROS2/tugas1/src/install/tutorial_interfaces/share/tutorial_interfaces/package.dsv
[3.418s] -- Up-to-date: /home/gusti/MagangBayu24-ROS2/tugas1/src/install/tutorial_interfaces/share/ament_index/resource_index/packages/tutorial_interfaces
[3.418s] -- Up-to-date: /home/gusti/MagangBayu24-ROS2/tugas1/src/install/tutorial_interfaces/share/tutorial_interfaces/cmake/tutorial_interfaces__rosidl_generator_cExport.cmake
[3.418s] -- Installing: /home/gusti/MagangBayu24-ROS2/tugas1/src/install/tutorial_interfaces/share/tutorial_interfaces/cmake/tutorial_interfaces__rosidl_generator_cExport-noconfig.cmake
[3.419s] -- Up-to-date: /home/gusti/MagangBayu24-ROS2/tugas1/src/install/tutorial_interfaces/share/tutorial_interfaces/cmake/tutorial_interfaces__rosidl_typesupport_introspection_cExport.cmake
[3.419s] -- Installing: /home/gusti/MagangBayu24-ROS2/tugas1/src/install/tutorial_interfaces/share/tutorial_interfaces/cmake/tutorial_interfaces__rosidl_typesupport_introspection_cExport-noconfig.cmake
[3.419s] -- Up-to-date: /home/gusti/MagangBayu24-ROS2/tugas1/src/install/tutorial_interfaces/share/tutorial_interfaces/cmake/tutorial_interfaces__rosidl_typesupport_cExport.cmake
[3.419s] -- Installing: /home/gusti/MagangBayu24-ROS2/tugas1/src/install/tutorial_interfaces/share/tutorial_interfaces/cmake/tutorial_interfaces__rosidl_typesupport_cExport-noconfig.cmake
[3.420s] -- Up-to-date: /home/gusti/MagangBayu24-ROS2/tugas1/src/install/tutorial_interfaces/share/tutorial_interfaces/cmake/tutorial_interfaces__rosidl_generator_cppExport.cmake
[3.420s] -- Up-to-date: /home/gusti/MagangBayu24-ROS2/tugas1/src/install/tutorial_interfaces/share/tutorial_interfaces/cmake/tutorial_interfaces__rosidl_typesupport_introspection_cppExport.cmake
[3.420s] -- Installing: /home/gusti/MagangBayu24-ROS2/tugas1/src/install/tutorial_interfaces/share/tutorial_interfaces/cmake/tutorial_interfaces__rosidl_typesupport_introspection_cppExport-noconfig.cmake
[3.420s] -- Up-to-date: /home/gusti/MagangBayu24-ROS2/tugas1/src/install/tutorial_interfaces/share/tutorial_interfaces/cmake/tutorial_interfaces__rosidl_typesupport_cppExport.cmake
[3.420s] -- Installing: /home/gusti/MagangBayu24-ROS2/tugas1/src/install/tutorial_interfaces/share/tutorial_interfaces/cmake/tutorial_interfaces__rosidl_typesupport_cppExport-noconfig.cmake
[3.421s] -- Up-to-date: /home/gusti/MagangBayu24-ROS2/tugas1/src/install/tutorial_interfaces/share/tutorial_interfaces/cmake/rosidl_cmake-extras.cmake
[3.421s] -- Up-to-date: /home/gusti/MagangBayu24-ROS2/tugas1/src/install/tutorial_interfaces/share/tutorial_interfaces/cmake/ament_cmake_export_dependencies-extras.cmake
[3.421s] -- Up-to-date: /home/gusti/MagangBayu24-ROS2/tugas1/src/install/tutorial_interfaces/share/tutorial_interfaces/cmake/ament_cmake_export_libraries-extras.cmake
[3.421s] -- Up-to-date: /home/gusti/MagangBayu24-ROS2/tugas1/src/install/tutorial_interfaces/share/tutorial_interfaces/cmake/ament_cmake_export_targets-extras.cmake
[3.421s] -- Up-to-date: /home/gusti/MagangBayu24-ROS2/tugas1/src/install/tutorial_interfaces/share/tutorial_interfaces/cmake/ament_cmake_export_include_directories-extras.cmake
[3.421s] -- Up-to-date: /home/gusti/MagangBayu24-ROS2/tugas1/src/install/tutorial_interfaces/share/tutorial_interfaces/cmake/rosidl_cmake_export_typesupport_libraries-extras.cmake
[3.421s] -- Up-to-date: /home/gusti/MagangBayu24-ROS2/tugas1/src/install/tutorial_interfaces/share/tutorial_interfaces/cmake/rosidl_cmake_export_typesupport_targets-extras.cmake
[3.421s] -- Up-to-date: /home/gusti/MagangBayu24-ROS2/tugas1/src/install/tutorial_interfaces/share/tutorial_interfaces/cmake/tutorial_interfacesConfig.cmake
[3.421s] -- Up-to-date: /home/gusti/MagangBayu24-ROS2/tugas1/src/install/tutorial_interfaces/share/tutorial_interfaces/cmake/tutorial_interfacesConfig-version.cmake
[3.422s] -- Up-to-date: /home/gusti/MagangBayu24-ROS2/tugas1/src/install/tutorial_interfaces/share/tutorial_interfaces/package.xml
[3.423s] Invoked command in '/home/gusti/MagangBayu24-ROS2/tugas1/src/build/tutorial_interfaces' returned '0': CMAKE_PREFIX_PATH=${CMAKE_PREFIX_PATH}:/home/gusti/MagangBayu24-ROS2/tugas1/src/install/py_pubsub:/opt/ros/foxy /usr/bin/cmake --install /home/gusti/MagangBayu24-ROS2/tugas1/src/build/tutorial_interfaces
