[0.157s] Invoking command in '/home/gusti/MagangBayu24-ROS2/tugas1/src/build/interfaces': CMAKE_PREFIX_PATH=/opt/ros/foxy /usr/bin/cmake /home/gusti/MagangBayu24-ROS2/tugas1/src/interfaces -DCMAKE_INSTALL_PREFIX=/home/gusti/MagangBayu24-ROS2/tugas1/src/install/interfaces
[0.170s] -- Found ament_cmake: 0.9.12 (/opt/ros/foxy/share/ament_cmake/cmake)
[0.190s] -- Found PythonInterp: /usr/bin/python3 (found suitable version "3.8.10", minimum required is "3") 
[0.191s] -- Using PYTHON_EXECUTABLE: /usr/bin/python3
[0.378s] -- Found rosidl_default_generators: 1.0.1 (/opt/ros/foxy/share/rosidl_default_generators/cmake)
[0.380s] -- Using all available rosidl_typesupport_c: rosidl_typesupport_fastrtps_c;rosidl_typesupport_introspection_c
[0.383s] -- Found rosidl_adapter: 1.3.1 (/opt/ros/foxy/share/rosidl_adapter/cmake)
[0.501s] -- Using all available rosidl_typesupport_cpp: rosidl_typesupport_fastrtps_cpp;rosidl_typesupport_introspection_cpp
[0.543s] -- Found PythonInterp: /usr/bin/python3 (found version "3.8.10") 
[0.653s] -- Found ament_cmake_ros: 0.9.2 (/opt/ros/foxy/share/ament_cmake_ros/cmake)
[0.750s] -- Using all available rosidl_typesupport_c: rosidl_typesupport_fastrtps_c;rosidl_typesupport_introspection_c
[0.758s] -- Using all available rosidl_typesupport_cpp: rosidl_typesupport_fastrtps_cpp;rosidl_typesupport_introspection_cpp
[0.780s] -- Found PythonInterp: /usr/bin/python3 (found suitable version "3.8.10", minimum required is "3.5") 
[0.781s] -- Found python_cmake_module: 0.8.1 (/opt/ros/foxy/share/python_cmake_module/cmake)
[0.806s] -- Found PythonLibs: /usr/lib/x86_64-linux-gnu/libpython3.8.so (found suitable version "3.8.10", minimum required is "3.5") 
[0.806s] -- Using PYTHON_EXECUTABLE: /usr/bin/python3
[0.806s] -- Using PYTHON_INCLUDE_DIRS: /usr/include/python3.8
[0.806s] -- Using PYTHON_LIBRARIES: /usr/lib/x86_64-linux-gnu/libpython3.8.so
[0.828s] -- Found PythonExtra: .so  
[0.864s] -- Found ament_lint_auto: 0.9.8 (/opt/ros/foxy/share/ament_lint_auto/cmake)
[0.882s] -- Added test 'copyright' to check source files copyright and LICENSE
[0.883s] -- Added test 'lint_cmake' to check CMake code style
[0.884s] -- Added test 'xmllint' to check XML markup files
[0.888s] -- Configuring done
[0.913s] -- Generating done
[0.915s] -- Build files have been written to: /home/gusti/MagangBayu24-ROS2/tugas1/src/build/interfaces
[0.922s] Invoked command in '/home/gusti/MagangBayu24-ROS2/tugas1/src/build/interfaces' returned '0': CMAKE_PREFIX_PATH=/opt/ros/foxy /usr/bin/cmake /home/gusti/MagangBayu24-ROS2/tugas1/src/interfaces -DCMAKE_INSTALL_PREFIX=/home/gusti/MagangBayu24-ROS2/tugas1/src/install/interfaces
[0.924s] Invoking command in '/home/gusti/MagangBayu24-ROS2/tugas1/src/build/interfaces': CMAKE_PREFIX_PATH=/opt/ros/foxy /usr/bin/cmake --build /home/gusti/MagangBayu24-ROS2/tugas1/src/build/interfaces -- -j8 -l8
[0.963s] [  3%] [34m[1mGenerating C code for ROS interfaces[0m
[0.963s] [35m[1mScanning dependencies of target interfaces__cpp[0m
[0.973s] [  6%] [34m[1mGenerating C++ code for ROS interfaces[0m
[1.206s] [35m[1mScanning dependencies of target interfaces__rosidl_generator_c[0m
[1.212s] [  6%] Built target interfaces__cpp
[1.220s] [  9%] [32mBuilding C object CMakeFiles/interfaces__rosidl_generator_c.dir/rosidl_generator_c/interfaces/msg/detail/num__functions.c.o[0m
[1.223s] [ 12%] [34m[1mGenerating C++ type support for eProsima Fast-RTPS[0m
[1.226s] [ 19%] [34m[1mGenerating C++ introspection for ROS interfaces[0m
[1.226s] [ 19%] [34m[1mGenerating C++ type support dispatch for ROS interfaces[0m
[1.273s] [ 22%] [32m[1mLinking C shared library libinterfaces__rosidl_generator_c.so[0m
[1.304s] [ 22%] Built target interfaces__rosidl_generator_c
[1.316s] [ 25%] [34m[1mGenerating C introspection for ROS interfaces[0m
[1.317s] [ 29%] [34m[1mGenerating C type support dispatch for ROS interfaces[0m
[1.430s] [35m[1mScanning dependencies of target interfaces__rosidl_typesupport_cpp[0m
[1.449s] [ 32%] [32mBuilding CXX object CMakeFiles/interfaces__rosidl_typesupport_cpp.dir/rosidl_typesupport_cpp/interfaces/msg/num__type_support.cpp.o[0m
[1.449s] [35m[1mScanning dependencies of target interfaces__rosidl_typesupport_fastrtps_cpp[0m
[1.472s] [ 35%] [32mBuilding CXX object CMakeFiles/interfaces__rosidl_typesupport_fastrtps_cpp.dir/rosidl_typesupport_fastrtps_cpp/interfaces/msg/detail/dds_fastrtps/num__type_support.cpp.o[0m
[1.534s] [35m[1mScanning dependencies of target interfaces__rosidl_typesupport_introspection_cpp[0m
[1.549s] [35m[1mScanning dependencies of target interfaces__rosidl_typesupport_introspection_c[0m
[1.551s] [ 38%] [32mBuilding CXX object CMakeFiles/interfaces__rosidl_typesupport_introspection_cpp.dir/rosidl_typesupport_introspection_cpp/interfaces/msg/detail/num__type_support.cpp.o[0m
[1.565s] [ 41%] [32mBuilding C object CMakeFiles/interfaces__rosidl_typesupport_introspection_c.dir/rosidl_typesupport_introspection_c/interfaces/msg/detail/num__type_support.c.o[0m
[1.595s] [ 45%] [32m[1mLinking C shared library libinterfaces__rosidl_typesupport_introspection_c.so[0m
[1.604s] [35m[1mScanning dependencies of target interfaces__rosidl_typesupport_c[0m
[1.619s] [ 48%] [32mBuilding CXX object CMakeFiles/interfaces__rosidl_typesupport_c.dir/rosidl_typesupport_c/interfaces/msg/num__type_support.cpp.o[0m
[1.625s] [ 48%] Built target interfaces__rosidl_typesupport_introspection_c
[1.650s] [ 51%] [32m[1mLinking CXX shared library libinterfaces__rosidl_typesupport_c.so[0m
[1.687s] [ 51%] Built target interfaces__rosidl_typesupport_c
[1.810s] [ 54%] [32m[1mLinking CXX shared library libinterfaces__rosidl_typesupport_cpp.so[0m
[1.835s] [ 58%] [32m[1mLinking CXX shared library libinterfaces__rosidl_typesupport_introspection_cpp.so[0m
[1.852s] [ 58%] Built target interfaces__rosidl_typesupport_cpp
[1.872s] [ 58%] Built target interfaces__rosidl_typesupport_introspection_cpp
[1.965s] [ 61%] [32m[1mLinking CXX shared library libinterfaces__rosidl_typesupport_fastrtps_cpp.so[0m
[2.051s] [ 61%] Built target interfaces__rosidl_typesupport_fastrtps_cpp
[2.061s] [ 64%] [34m[1mGenerating C type support for eProsima Fast-RTPS[0m
[2.253s] [35m[1mScanning dependencies of target interfaces__rosidl_typesupport_fastrtps_c[0m
[2.266s] [ 67%] [32mBuilding CXX object CMakeFiles/interfaces__rosidl_typesupport_fastrtps_c.dir/rosidl_typesupport_fastrtps_c/interfaces/msg/detail/num__type_support_c.cpp.o[0m
[2.565s] [ 70%] [32m[1mLinking CXX shared library libinterfaces__rosidl_typesupport_fastrtps_c.so[0m
[2.650s] [ 70%] Built target interfaces__rosidl_typesupport_fastrtps_c
[2.659s] [35m[1mScanning dependencies of target interfaces[0m
[2.668s] [ 70%] Built target interfaces
[2.678s] [35m[1mScanning dependencies of target interfaces__py[0m
[2.687s] [ 74%] [34m[1mGenerating Python code for ROS interfaces[0m
[3.027s] [ 74%] Built target interfaces__py
[3.036s] [35m[1mScanning dependencies of target interfaces__python[0m
[3.053s] [ 77%] [32mBuilding C object CMakeFiles/interfaces__python.dir/rosidl_generator_py/interfaces/msg/_num_s.c.o[0m
[3.141s] [ 80%] [32m[1mLinking C shared library rosidl_generator_py/interfaces/libinterfaces__python.so[0m
[3.175s] [ 80%] Built target interfaces__python
[3.185s] [35m[1mScanning dependencies of target interfaces__rosidl_typesupport_c__pyext[0m
[3.185s] [35m[1mScanning dependencies of target interfaces__rosidl_typesupport_introspection_c__pyext[0m
[3.185s] [35m[1mScanning dependencies of target interfaces__rosidl_typesupport_fastrtps_c__pyext[0m
[3.203s] [ 87%] [32mBuilding C object CMakeFiles/interfaces__rosidl_typesupport_fastrtps_c__pyext.dir/rosidl_generator_py/interfaces/_interfaces_s.ep.rosidl_typesupport_fastrtps_c.c.o[0m
[3.203s] [ 87%] [32mBuilding C object CMakeFiles/interfaces__rosidl_typesupport_c__pyext.dir/rosidl_generator_py/interfaces/_interfaces_s.ep.rosidl_typesupport_c.c.o[0m
[3.203s] [ 90%] [32mBuilding C object CMakeFiles/interfaces__rosidl_typesupport_introspection_c__pyext.dir/rosidl_generator_py/interfaces/_interfaces_s.ep.rosidl_typesupport_introspection_c.c.o[0m
[3.276s] [ 93%] [32m[1mLinking C shared library rosidl_generator_py/interfaces/interfaces_s__rosidl_typesupport_c.cpython-38-x86_64-linux-gnu.so[0m
[3.276s] [ 96%] [32m[1mLinking C shared library rosidl_generator_py/interfaces/interfaces_s__rosidl_typesupport_introspection_c.cpython-38-x86_64-linux-gnu.so[0m
[3.277s] [100%] [32m[1mLinking CXX shared library rosidl_generator_py/interfaces/interfaces_s__rosidl_typesupport_fastrtps_c.cpython-38-x86_64-linux-gnu.so[0m
[3.308s] [100%] Built target interfaces__rosidl_typesupport_introspection_c__pyext
[3.314s] [100%] Built target interfaces__rosidl_typesupport_c__pyext
[3.339s] [100%] Built target interfaces__rosidl_typesupport_fastrtps_c__pyext
[3.349s] Invoked command in '/home/gusti/MagangBayu24-ROS2/tugas1/src/build/interfaces' returned '0': CMAKE_PREFIX_PATH=/opt/ros/foxy /usr/bin/cmake --build /home/gusti/MagangBayu24-ROS2/tugas1/src/build/interfaces -- -j8 -l8
[3.394s] Invoking command in '/home/gusti/MagangBayu24-ROS2/tugas1/src/build/interfaces': CMAKE_PREFIX_PATH=/opt/ros/foxy /usr/bin/cmake --install /home/gusti/MagangBayu24-ROS2/tugas1/src/build/interfaces
[3.402s] -- Install configuration: ""
[3.402s] -- Installing: /home/gusti/MagangBayu24-ROS2/tugas1/src/install/interfaces/share/ament_index/resource_index/rosidl_interfaces/interfaces
[3.402s] -- Installing: /home/gusti/MagangBayu24-ROS2/tugas1/src/install/interfaces/include/interfaces
[3.402s] -- Installing: /home/gusti/MagangBayu24-ROS2/tugas1/src/install/interfaces/include/interfaces/msg
[3.402s] -- Installing: /home/gusti/MagangBayu24-ROS2/tugas1/src/install/interfaces/include/interfaces/msg/rosidl_generator_c__visibility_control.h
[3.402s] -- Installing: /home/gusti/MagangBayu24-ROS2/tugas1/src/install/interfaces/include/interfaces/msg/num.h
[3.402s] -- Installing: /home/gusti/MagangBayu24-ROS2/tugas1/src/install/interfaces/include/interfaces/msg/detail
[3.403s] -- Installing: /home/gusti/MagangBayu24-ROS2/tugas1/src/install/interfaces/include/interfaces/msg/detail/num__functions.h
[3.403s] -- Installing: /home/gusti/MagangBayu24-ROS2/tugas1/src/install/interfaces/include/interfaces/msg/detail/num__type_support.h
[3.403s] -- Installing: /home/gusti/MagangBayu24-ROS2/tugas1/src/install/interfaces/include/interfaces/msg/detail/num__struct.h
[3.403s] -- Installing: /home/gusti/MagangBayu24-ROS2/tugas1/src/install/interfaces/include/interfaces/msg/detail/num__functions.c
[3.403s] -- Installing: /home/gusti/MagangBayu24-ROS2/tugas1/src/install/interfaces/share/interfaces/environment/library_path.sh
[3.403s] -- Installing: /home/gusti/MagangBayu24-ROS2/tugas1/src/install/interfaces/share/interfaces/environment/library_path.dsv
[3.403s] -- Installing: /home/gusti/MagangBayu24-ROS2/tugas1/src/install/interfaces/lib/libinterfaces__rosidl_generator_c.so
[3.403s] -- Set runtime path of "/home/gusti/MagangBayu24-ROS2/tugas1/src/install/interfaces/lib/libinterfaces__rosidl_generator_c.so" to ""
[3.403s] -- Up-to-date: /home/gusti/MagangBayu24-ROS2/tugas1/src/install/interfaces/include/interfaces
[3.403s] -- Up-to-date: /home/gusti/MagangBayu24-ROS2/tugas1/src/install/interfaces/include/interfaces/msg
[3.403s] -- Installing: /home/gusti/MagangBayu24-ROS2/tugas1/src/install/interfaces/include/interfaces/msg/rosidl_typesupport_fastrtps_c__visibility_control.h
[3.403s] -- Up-to-date: /home/gusti/MagangBayu24-ROS2/tugas1/src/install/interfaces/include/interfaces/msg/detail
[3.403s] -- Installing: /home/gusti/MagangBayu24-ROS2/tugas1/src/install/interfaces/include/interfaces/msg/detail/num__rosidl_typesupport_fastrtps_c.h
[3.403s] -- Installing: /home/gusti/MagangBayu24-ROS2/tugas1/src/install/interfaces/lib/libinterfaces__rosidl_typesupport_fastrtps_c.so
[3.404s] -- Set runtime path of "/home/gusti/MagangBayu24-ROS2/tugas1/src/install/interfaces/lib/libinterfaces__rosidl_typesupport_fastrtps_c.so" to ""
[3.404s] -- Up-to-date: /home/gusti/MagangBayu24-ROS2/tugas1/src/install/interfaces/include/interfaces
[3.404s] -- Up-to-date: /home/gusti/MagangBayu24-ROS2/tugas1/src/install/interfaces/include/interfaces/msg
[3.404s] -- Installing: /home/gusti/MagangBayu24-ROS2/tugas1/src/install/interfaces/include/interfaces/msg/rosidl_typesupport_fastrtps_cpp__visibility_control.h
[3.404s] -- Up-to-date: /home/gusti/MagangBayu24-ROS2/tugas1/src/install/interfaces/include/interfaces/msg/detail
[3.404s] -- Installing: /home/gusti/MagangBayu24-ROS2/tugas1/src/install/interfaces/include/interfaces/msg/detail/dds_fastrtps
[3.404s] -- Installing: /home/gusti/MagangBayu24-ROS2/tugas1/src/install/interfaces/include/interfaces/msg/detail/num__rosidl_typesupport_fastrtps_cpp.hpp
[3.404s] -- Installing: /home/gusti/MagangBayu24-ROS2/tugas1/src/install/interfaces/lib/libinterfaces__rosidl_typesupport_fastrtps_cpp.so
[3.404s] -- Set runtime path of "/home/gusti/MagangBayu24-ROS2/tugas1/src/install/interfaces/lib/libinterfaces__rosidl_typesupport_fastrtps_cpp.so" to ""
[3.404s] -- Up-to-date: /home/gusti/MagangBayu24-ROS2/tugas1/src/install/interfaces/include/interfaces
[3.405s] -- Up-to-date: /home/gusti/MagangBayu24-ROS2/tugas1/src/install/interfaces/include/interfaces/msg
[3.405s] -- Installing: /home/gusti/MagangBayu24-ROS2/tugas1/src/install/interfaces/include/interfaces/msg/rosidl_typesupport_introspection_c__visibility_control.h
[3.405s] -- Up-to-date: /home/gusti/MagangBayu24-ROS2/tugas1/src/install/interfaces/include/interfaces/msg/detail
[3.405s] -- Installing: /home/gusti/MagangBayu24-ROS2/tugas1/src/install/interfaces/include/interfaces/msg/detail/num__type_support.c
[3.405s] -- Installing: /home/gusti/MagangBayu24-ROS2/tugas1/src/install/interfaces/include/interfaces/msg/detail/num__rosidl_typesupport_introspection_c.h
[3.405s] -- Installing: /home/gusti/MagangBayu24-ROS2/tugas1/src/install/interfaces/lib/libinterfaces__rosidl_typesupport_introspection_c.so
[3.405s] -- Set runtime path of "/home/gusti/MagangBayu24-ROS2/tugas1/src/install/interfaces/lib/libinterfaces__rosidl_typesupport_introspection_c.so" to ""
[3.405s] -- Installing: /home/gusti/MagangBayu24-ROS2/tugas1/src/install/interfaces/lib/libinterfaces__rosidl_typesupport_c.so
[3.406s] -- Set runtime path of "/home/gusti/MagangBayu24-ROS2/tugas1/src/install/interfaces/lib/libinterfaces__rosidl_typesupport_c.so" to ""
[3.406s] -- Up-to-date: /home/gusti/MagangBayu24-ROS2/tugas1/src/install/interfaces/include/interfaces
[3.406s] -- Up-to-date: /home/gusti/MagangBayu24-ROS2/tugas1/src/install/interfaces/include/interfaces/msg
[3.406s] -- Installing: /home/gusti/MagangBayu24-ROS2/tugas1/src/install/interfaces/include/interfaces/msg/rosidl_generator_cpp__visibility_control.hpp
[3.406s] -- Up-to-date: /home/gusti/MagangBayu24-ROS2/tugas1/src/install/interfaces/include/interfaces/msg/detail
[3.406s] -- Installing: /home/gusti/MagangBayu24-ROS2/tugas1/src/install/interfaces/include/interfaces/msg/detail/num__builder.hpp
[3.406s] -- Installing: /home/gusti/MagangBayu24-ROS2/tugas1/src/install/interfaces/include/interfaces/msg/detail/num__struct.hpp
[3.406s] -- Installing: /home/gusti/MagangBayu24-ROS2/tugas1/src/install/interfaces/include/interfaces/msg/detail/num__type_support.hpp
[3.406s] -- Installing: /home/gusti/MagangBayu24-ROS2/tugas1/src/install/interfaces/include/interfaces/msg/detail/num__traits.hpp
[3.406s] -- Installing: /home/gusti/MagangBayu24-ROS2/tugas1/src/install/interfaces/include/interfaces/msg/num.hpp
[3.407s] -- Up-to-date: /home/gusti/MagangBayu24-ROS2/tugas1/src/install/interfaces/include/interfaces
[3.407s] -- Up-to-date: /home/gusti/MagangBayu24-ROS2/tugas1/src/install/interfaces/include/interfaces/msg
[3.407s] -- Up-to-date: /home/gusti/MagangBayu24-ROS2/tugas1/src/install/interfaces/include/interfaces/msg/detail
[3.407s] -- Installing: /home/gusti/MagangBayu24-ROS2/tugas1/src/install/interfaces/include/interfaces/msg/detail/num__type_support.cpp
[3.407s] -- Installing: /home/gusti/MagangBayu24-ROS2/tugas1/src/install/interfaces/include/interfaces/msg/detail/num__rosidl_typesupport_introspection_cpp.hpp
[3.407s] -- Installing: /home/gusti/MagangBayu24-ROS2/tugas1/src/install/interfaces/lib/libinterfaces__rosidl_typesupport_introspection_cpp.so
[3.407s] -- Set runtime path of "/home/gusti/MagangBayu24-ROS2/tugas1/src/install/interfaces/lib/libinterfaces__rosidl_typesupport_introspection_cpp.so" to ""
[3.407s] -- Installing: /home/gusti/MagangBayu24-ROS2/tugas1/src/install/interfaces/lib/libinterfaces__rosidl_typesupport_cpp.so
[3.408s] -- Set runtime path of "/home/gusti/MagangBayu24-ROS2/tugas1/src/install/interfaces/lib/libinterfaces__rosidl_typesupport_cpp.so" to ""
[3.408s] -- Installing: /home/gusti/MagangBayu24-ROS2/tugas1/src/install/interfaces/share/interfaces/environment/pythonpath.sh
[3.408s] -- Installing: /home/gusti/MagangBayu24-ROS2/tugas1/src/install/interfaces/share/interfaces/environment/pythonpath.dsv
[3.408s] -- Installing: /home/gusti/MagangBayu24-ROS2/tugas1/src/install/interfaces/lib/python3.8/site-packages/interfaces/__init__.py
[3.437s] Compiling '/home/gusti/MagangBayu24-ROS2/tugas1/src/install/interfaces/lib/python3.8/site-packages/interfaces/__init__.py'...
[3.441s] -- Installing: /home/gusti/MagangBayu24-ROS2/tugas1/src/install/interfaces/lib/python3.8/site-packages/interfaces/msg
[3.441s] -- Installing: /home/gusti/MagangBayu24-ROS2/tugas1/src/install/interfaces/lib/python3.8/site-packages/interfaces/msg/_num.py
[3.441s] -- Installing: /home/gusti/MagangBayu24-ROS2/tugas1/src/install/interfaces/lib/python3.8/site-packages/interfaces/msg/_num_s.c
[3.441s] -- Installing: /home/gusti/MagangBayu24-ROS2/tugas1/src/install/interfaces/lib/python3.8/site-packages/interfaces/msg/__init__.py
[3.441s] -- Installing: /home/gusti/MagangBayu24-ROS2/tugas1/src/install/interfaces/lib/python3.8/site-packages/interfaces/interfaces_s__rosidl_typesupport_fastrtps_c.cpython-38-x86_64-linux-gnu.so
[3.441s] -- Set runtime path of "/home/gusti/MagangBayu24-ROS2/tugas1/src/install/interfaces/lib/python3.8/site-packages/interfaces/interfaces_s__rosidl_typesupport_fastrtps_c.cpython-38-x86_64-linux-gnu.so" to ""
[3.442s] -- Installing: /home/gusti/MagangBayu24-ROS2/tugas1/src/install/interfaces/lib/python3.8/site-packages/interfaces/interfaces_s__rosidl_typesupport_introspection_c.cpython-38-x86_64-linux-gnu.so
[3.442s] -- Set runtime path of "/home/gusti/MagangBayu24-ROS2/tugas1/src/install/interfaces/lib/python3.8/site-packages/interfaces/interfaces_s__rosidl_typesupport_introspection_c.cpython-38-x86_64-linux-gnu.so" to ""
[3.442s] -- Installing: /home/gusti/MagangBayu24-ROS2/tugas1/src/install/interfaces/lib/python3.8/site-packages/interfaces/interfaces_s__rosidl_typesupport_c.cpython-38-x86_64-linux-gnu.so
[3.443s] -- Set runtime path of "/home/gusti/MagangBayu24-ROS2/tugas1/src/install/interfaces/lib/python3.8/site-packages/interfaces/interfaces_s__rosidl_typesupport_c.cpython-38-x86_64-linux-gnu.so" to ""
[3.443s] -- Installing: /home/gusti/MagangBayu24-ROS2/tugas1/src/install/interfaces/lib/libinterfaces__python.so
[3.443s] -- Set runtime path of "/home/gusti/MagangBayu24-ROS2/tugas1/src/install/interfaces/lib/libinterfaces__python.so" to ""
[3.443s] -- Installing: /home/gusti/MagangBayu24-ROS2/tugas1/src/install/interfaces/share/interfaces/msg/Num.idl
[3.443s] -- Installing: /home/gusti/MagangBayu24-ROS2/tugas1/src/install/interfaces/share/interfaces/msg/Num.msg
[3.444s] -- Installing: /home/gusti/MagangBayu24-ROS2/tugas1/src/install/interfaces/share/ament_index/resource_index/package_run_dependencies/interfaces
[3.444s] -- Installing: /home/gusti/MagangBayu24-ROS2/tugas1/src/install/interfaces/share/ament_index/resource_index/parent_prefix_path/interfaces
[3.444s] -- Installing: /home/gusti/MagangBayu24-ROS2/tugas1/src/install/interfaces/share/interfaces/environment/ament_prefix_path.sh
[3.444s] -- Installing: /home/gusti/MagangBayu24-ROS2/tugas1/src/install/interfaces/share/interfaces/environment/ament_prefix_path.dsv
[3.444s] -- Installing: /home/gusti/MagangBayu24-ROS2/tugas1/src/install/interfaces/share/interfaces/environment/path.sh
[3.444s] -- Installing: /home/gusti/MagangBayu24-ROS2/tugas1/src/install/interfaces/share/interfaces/environment/path.dsv
[3.444s] -- Installing: /home/gusti/MagangBayu24-ROS2/tugas1/src/install/interfaces/share/interfaces/local_setup.bash
[3.445s] -- Installing: /home/gusti/MagangBayu24-ROS2/tugas1/src/install/interfaces/share/interfaces/local_setup.sh
[3.445s] -- Installing: /home/gusti/MagangBayu24-ROS2/tugas1/src/install/interfaces/share/interfaces/local_setup.zsh
[3.445s] -- Installing: /home/gusti/MagangBayu24-ROS2/tugas1/src/install/interfaces/share/interfaces/local_setup.dsv
[3.445s] -- Installing: /home/gusti/MagangBayu24-ROS2/tugas1/src/install/interfaces/share/interfaces/package.dsv
[3.445s] -- Installing: /home/gusti/MagangBayu24-ROS2/tugas1/src/install/interfaces/share/ament_index/resource_index/packages/interfaces
[3.445s] -- Installing: /home/gusti/MagangBayu24-ROS2/tugas1/src/install/interfaces/share/interfaces/cmake/interfaces__rosidl_generator_cExport.cmake
[3.446s] -- Installing: /home/gusti/MagangBayu24-ROS2/tugas1/src/install/interfaces/share/interfaces/cmake/interfaces__rosidl_generator_cExport-noconfig.cmake
[3.446s] -- Installing: /home/gusti/MagangBayu24-ROS2/tugas1/src/install/interfaces/share/interfaces/cmake/interfaces__rosidl_typesupport_introspection_cExport.cmake
[3.446s] -- Installing: /home/gusti/MagangBayu24-ROS2/tugas1/src/install/interfaces/share/interfaces/cmake/interfaces__rosidl_typesupport_introspection_cExport-noconfig.cmake
[3.446s] -- Installing: /home/gusti/MagangBayu24-ROS2/tugas1/src/install/interfaces/share/interfaces/cmake/interfaces__rosidl_typesupport_cExport.cmake
[3.446s] -- Installing: /home/gusti/MagangBayu24-ROS2/tugas1/src/install/interfaces/share/interfaces/cmake/interfaces__rosidl_typesupport_cExport-noconfig.cmake
[3.446s] -- Installing: /home/gusti/MagangBayu24-ROS2/tugas1/src/install/interfaces/share/interfaces/cmake/interfaces__rosidl_generator_cppExport.cmake
[3.447s] -- Installing: /home/gusti/MagangBayu24-ROS2/tugas1/src/install/interfaces/share/interfaces/cmake/interfaces__rosidl_typesupport_introspection_cppExport.cmake
[3.447s] -- Installing: /home/gusti/MagangBayu24-ROS2/tugas1/src/install/interfaces/share/interfaces/cmake/interfaces__rosidl_typesupport_introspection_cppExport-noconfig.cmake
[3.447s] -- Installing: /home/gusti/MagangBayu24-ROS2/tugas1/src/install/interfaces/share/interfaces/cmake/interfaces__rosidl_typesupport_cppExport.cmake
[3.447s] -- Installing: /home/gusti/MagangBayu24-ROS2/tugas1/src/install/interfaces/share/interfaces/cmake/interfaces__rosidl_typesupport_cppExport-noconfig.cmake
[3.447s] -- Installing: /home/gusti/MagangBayu24-ROS2/tugas1/src/install/interfaces/share/interfaces/cmake/rosidl_cmake-extras.cmake
[3.447s] -- Installing: /home/gusti/MagangBayu24-ROS2/tugas1/src/install/interfaces/share/interfaces/cmake/ament_cmake_export_dependencies-extras.cmake
[3.447s] -- Installing: /home/gusti/MagangBayu24-ROS2/tugas1/src/install/interfaces/share/interfaces/cmake/ament_cmake_export_libraries-extras.cmake
[3.448s] -- Installing: /home/gusti/MagangBayu24-ROS2/tugas1/src/install/interfaces/share/interfaces/cmake/ament_cmake_export_targets-extras.cmake
[3.448s] -- Installing: /home/gusti/MagangBayu24-ROS2/tugas1/src/install/interfaces/share/interfaces/cmake/ament_cmake_export_include_directories-extras.cmake
[3.448s] -- Installing: /home/gusti/MagangBayu24-ROS2/tugas1/src/install/interfaces/share/interfaces/cmake/rosidl_cmake_export_typesupport_libraries-extras.cmake
[3.448s] -- Installing: /home/gusti/MagangBayu24-ROS2/tugas1/src/install/interfaces/share/interfaces/cmake/rosidl_cmake_export_typesupport_targets-extras.cmake
[3.448s] -- Installing: /home/gusti/MagangBayu24-ROS2/tugas1/src/install/interfaces/share/interfaces/cmake/interfacesConfig.cmake
[3.448s] -- Installing: /home/gusti/MagangBayu24-ROS2/tugas1/src/install/interfaces/share/interfaces/cmake/interfacesConfig-version.cmake
[3.448s] -- Installing: /home/gusti/MagangBayu24-ROS2/tugas1/src/install/interfaces/share/interfaces/package.xml
[3.451s] Invoked command in '/home/gusti/MagangBayu24-ROS2/tugas1/src/build/interfaces' returned '0': CMAKE_PREFIX_PATH=/opt/ros/foxy /usr/bin/cmake --install /home/gusti/MagangBayu24-ROS2/tugas1/src/build/interfaces
