running egg_info
creating ../build/tugas2/tugas2.egg-info
writing ../build/tugas2/tugas2.egg-info/PKG-INFO
writing dependency_links to ../build/tugas2/tugas2.egg-info/dependency_links.txt
writing entry points to ../build/tugas2/tugas2.egg-info/entry_points.txt
writing requirements to ../build/tugas2/tugas2.egg-info/requires.txt
writing top-level names to ../build/tugas2/tugas2.egg-info/top_level.txt
writing manifest file '../build/tugas2/tugas2.egg-info/SOURCES.txt'
reading manifest file '../build/tugas2/tugas2.egg-info/SOURCES.txt'
writing manifest file '../build/tugas2/tugas2.egg-info/SOURCES.txt'
running build
running build_py
creating /home/gusti/MagangBayu24-ROS2/tugas2/src/build/tugas2/build
creating /home/gusti/MagangBayu24-ROS2/tugas2/src/build/tugas2/build/lib
creating /home/gusti/MagangBayu24-ROS2/tugas2/src/build/tugas2/build/lib/tugas2
copying tugas2/__init__.py -> /home/gusti/MagangBayu24-ROS2/tugas2/src/build/tugas2/build/lib/tugas2
copying tugas2/publisher1.py -> /home/gusti/MagangBayu24-ROS2/tugas2/src/build/tugas2/build/lib/tugas2
copying tugas2/publisher2.py -> /home/gusti/MagangBayu24-ROS2/tugas2/src/build/tugas2/build/lib/tugas2
copying tugas2/subscriber.py -> /home/gusti/MagangBayu24-ROS2/tugas2/src/build/tugas2/build/lib/tugas2
running install
running install_lib
creating /home/gusti/MagangBayu24-ROS2/tugas2/src/install/tugas2/lib/python3.8/site-packages/tugas2
copying /home/gusti/MagangBayu24-ROS2/tugas2/src/build/tugas2/build/lib/tugas2/__init__.py -> /home/gusti/MagangBayu24-ROS2/tugas2/src/install/tugas2/lib/python3.8/site-packages/tugas2
copying /home/gusti/MagangBayu24-ROS2/tugas2/src/build/tugas2/build/lib/tugas2/publisher1.py -> /home/gusti/MagangBayu24-ROS2/tugas2/src/install/tugas2/lib/python3.8/site-packages/tugas2
copying /home/gusti/MagangBayu24-ROS2/tugas2/src/build/tugas2/build/lib/tugas2/publisher2.py -> /home/gusti/MagangBayu24-ROS2/tugas2/src/install/tugas2/lib/python3.8/site-packages/tugas2
copying /home/gusti/MagangBayu24-ROS2/tugas2/src/build/tugas2/build/lib/tugas2/subscriber.py -> /home/gusti/MagangBayu24-ROS2/tugas2/src/install/tugas2/lib/python3.8/site-packages/tugas2
byte-compiling /home/gusti/MagangBayu24-ROS2/tugas2/src/install/tugas2/lib/python3.8/site-packages/tugas2/__init__.py to __init__.cpython-38.pyc
byte-compiling /home/gusti/MagangBayu24-ROS2/tugas2/src/install/tugas2/lib/python3.8/site-packages/tugas2/publisher1.py to publisher1.cpython-38.pyc
byte-compiling /home/gusti/MagangBayu24-ROS2/tugas2/src/install/tugas2/lib/python3.8/site-packages/tugas2/publisher2.py to publisher2.cpython-38.pyc
byte-compiling /home/gusti/MagangBayu24-ROS2/tugas2/src/install/tugas2/lib/python3.8/site-packages/tugas2/subscriber.py to subscriber.cpython-38.pyc
running install_data
creating /home/gusti/MagangBayu24-ROS2/tugas2/src/install/tugas2/share/ament_index
creating /home/gusti/MagangBayu24-ROS2/tugas2/src/install/tugas2/share/ament_index/resource_index
creating /home/gusti/MagangBayu24-ROS2/tugas2/src/install/tugas2/share/ament_index/resource_index/packages
copying resource/tugas2 -> /home/gusti/MagangBayu24-ROS2/tugas2/src/install/tugas2/share/ament_index/resource_index/packages
copying package.xml -> /home/gusti/MagangBayu24-ROS2/tugas2/src/install/tugas2/share/tugas2
running install_egg_info
Copying ../build/tugas2/tugas2.egg-info to /home/gusti/MagangBayu24-ROS2/tugas2/src/install/tugas2/lib/python3.8/site-packages/tugas2-0.0.0-py3.8.egg-info
running install_scripts
Installing listener script to /home/gusti/MagangBayu24-ROS2/tugas2/src/install/tugas2/lib/tugas2
Installing talker1 script to /home/gusti/MagangBayu24-ROS2/tugas2/src/install/tugas2/lib/tugas2
Installing talker2 script to /home/gusti/MagangBayu24-ROS2/tugas2/src/install/tugas2/lib/tugas2
writing list of installed files to '/home/gusti/MagangBayu24-ROS2/tugas2/src/build/tugas2/install.log'
