[0.194s] Invoking command in '/home/gusti/MagangBayu24-ROS2/tugas1/src/build/tutorial_interfaces': CMAKE_PREFIX_PATH=${CMAKE_PREFIX_PATH}:/home/gusti/MagangBayu24-ROS2/tugas1/src/install/py_pubsub:/opt/ros/foxy /usr/bin/cmake --build /home/gusti/MagangBayu24-ROS2/tugas1/src/build/tutorial_interfaces -- -j8 -l8
[0.222s] -- Found ament_cmake: 0.9.12 (/opt/ros/foxy/share/ament_cmake/cmake)
[0.245s] -- Found PythonInterp: /usr/bin/python3 (found suitable version "3.8.10", minimum required is "3") 
[0.245s] -- Using PYTHON_EXECUTABLE: /usr/bin/python3
[0.446s] -- Found rosidl_default_generators: 1.0.1 (/opt/ros/foxy/share/rosidl_default_generators/cmake)
[0.449s] -- Using all available rosidl_typesupport_c: rosidl_typesupport_fastrtps_c;rosidl_typesupport_introspection_c
[0.452s] -- Found rosidl_adapter: 1.3.1 (/opt/ros/foxy/share/rosidl_adapter/cmake)
[0.573s] -- Using all available rosidl_typesupport_cpp: rosidl_typesupport_fastrtps_cpp;rosidl_typesupport_introspection_cpp
[0.613s] -- Found PythonInterp: /usr/bin/python3 (found version "3.8.10") 
[0.726s] -- Found ament_cmake_ros: 0.9.2 (/opt/ros/foxy/share/ament_cmake_ros/cmake)
[0.822s] -- Using all available rosidl_typesupport_c: rosidl_typesupport_fastrtps_c;rosidl_typesupport_introspection_c
[0.829s] -- Using all available rosidl_typesupport_cpp: rosidl_typesupport_fastrtps_cpp;rosidl_typesupport_introspection_cpp
[0.854s] -- Found PythonInterp: /usr/bin/python3 (found suitable version "3.8.10", minimum required is "3.5") 
[0.855s] -- Found python_cmake_module: 0.8.1 (/opt/ros/foxy/share/python_cmake_module/cmake)
[0.878s] -- Using PYTHON_EXECUTABLE: /usr/bin/python3
[0.878s] -- Using PYTHON_INCLUDE_DIRS: /usr/include/python3.8
[0.878s] -- Using PYTHON_LIBRARIES: /usr/lib/x86_64-linux-gnu/libpython3.8.so
[0.892s] -- Found ament_lint_auto: 0.9.8 (/opt/ros/foxy/share/ament_lint_auto/cmake)
[0.902s] -- Added test 'copyright' to check source files copyright and LICENSE
[0.904s] -- Added test 'lint_cmake' to check CMake code style
[0.905s] -- Added test 'xmllint' to check XML markup files
[0.909s] -- Configuring done
[0.938s] -- Generating done
[0.941s] -- Build files have been written to: /home/gusti/MagangBayu24-ROS2/tugas1/src/build/tutorial_interfaces
[0.965s] [  3%] [34m[1mGenerating C code for ROS interfaces[0m
[0.975s] [  6%] [34m[1mGenerating C++ code for ROS interfaces[0m
[1.194s] [35m[1mScanning dependencies of target tutorial_interfaces__rosidl_generator_c[0m
[1.195s] [  6%] Built target tutorial_interfaces__cpp
[1.205s] [  9%] [34m[1mGenerating C++ type support dispatch for ROS interfaces[0m
[1.205s] [ 12%] [34m[1mGenerating C++ type support for eProsima Fast-RTPS[0m
[1.205s] [ 16%] [32mBuilding C object CMakeFiles/tutorial_interfaces__rosidl_generator_c.dir/rosidl_generator_c/tutorial_interfaces/msg/detail/num__functions.c.o[0m
[1.208s] [ 19%] [34m[1mGenerating C++ introspection for ROS interfaces[0m
[1.255s] [ 22%] [32m[1mLinking C shared library libtutorial_interfaces__rosidl_generator_c.so[0m
[1.288s] [ 22%] Built target tutorial_interfaces__rosidl_generator_c
[1.301s] [ 25%] [34m[1mGenerating C introspection for ROS interfaces[0m
[1.302s] [ 29%] [34m[1mGenerating C type support dispatch for ROS interfaces[0m
[1.455s] [35m[1mScanning dependencies of target tutorial_interfaces__rosidl_typesupport_introspection_cpp[0m
[1.458s] [35m[1mScanning dependencies of target tutorial_interfaces__rosidl_typesupport_fastrtps_cpp[0m
[1.471s] [ 32%] [32mBuilding CXX object CMakeFiles/tutorial_interfaces__rosidl_typesupport_introspection_cpp.dir/rosidl_typesupport_introspection_cpp/tutorial_interfaces/msg/detail/num__type_support.cpp.o[0m
[1.473s] [ 35%] [32mBuilding CXX object CMakeFiles/tutorial_interfaces__rosidl_typesupport_fastrtps_cpp.dir/rosidl_typesupport_fastrtps_cpp/tutorial_interfaces/msg/detail/dds_fastrtps/num__type_support.cpp.o[0m
[1.497s] [35m[1mScanning dependencies of target tutorial_interfaces__rosidl_typesupport_cpp[0m
[1.513s] [ 38%] [32mBuilding CXX object CMakeFiles/tutorial_interfaces__rosidl_typesupport_cpp.dir/rosidl_typesupport_cpp/tutorial_interfaces/msg/num__type_support.cpp.o[0m
[1.538s] [35m[1mScanning dependencies of target tutorial_interfaces__rosidl_typesupport_c[0m
[1.551s] [ 41%] [32mBuilding CXX object CMakeFiles/tutorial_interfaces__rosidl_typesupport_c.dir/rosidl_typesupport_c/tutorial_interfaces/msg/num__type_support.cpp.o[0m
[1.580s] [ 45%] [32m[1mLinking CXX shared library libtutorial_interfaces__rosidl_typesupport_c.so[0m
[1.619s] [35m[1mScanning dependencies of target tutorial_interfaces__rosidl_typesupport_introspection_c[0m
[1.621s] [ 45%] Built target tutorial_interfaces__rosidl_typesupport_c
[1.630s] [ 48%] [32mBuilding C object CMakeFiles/tutorial_interfaces__rosidl_typesupport_introspection_c.dir/rosidl_typesupport_introspection_c/tutorial_interfaces/msg/detail/num__type_support.c.o[0m
[1.661s] [ 51%] [32m[1mLinking C shared library libtutorial_interfaces__rosidl_typesupport_introspection_c.so[0m
[1.689s] [ 51%] Built target tutorial_interfaces__rosidl_typesupport_introspection_c
[1.835s] [ 54%] [32m[1mLinking CXX shared library libtutorial_interfaces__rosidl_typesupport_introspection_cpp.so[0m
[1.881s] [ 58%] [32m[1mLinking CXX shared library libtutorial_interfaces__rosidl_typesupport_cpp.so[0m
[1.899s] [ 58%] Built target tutorial_interfaces__rosidl_typesupport_introspection_cpp
[1.915s] [ 61%] [32m[1mLinking CXX shared library libtutorial_interfaces__rosidl_typesupport_fastrtps_cpp.so[0m
[1.921s] [ 61%] Built target tutorial_interfaces__rosidl_typesupport_cpp
[1.995s] [ 61%] Built target tutorial_interfaces__rosidl_typesupport_fastrtps_cpp
[2.005s] [ 64%] [34m[1mGenerating C type support for eProsima Fast-RTPS[0m
[2.207s] [35m[1mScanning dependencies of target tutorial_interfaces__rosidl_typesupport_fastrtps_c[0m
[2.219s] [ 67%] [32mBuilding CXX object CMakeFiles/tutorial_interfaces__rosidl_typesupport_fastrtps_c.dir/rosidl_typesupport_fastrtps_c/tutorial_interfaces/msg/detail/num__type_support_c.cpp.o[0m
[2.530s] [ 70%] [32m[1mLinking CXX shared library libtutorial_interfaces__rosidl_typesupport_fastrtps_c.so[0m
[2.605s] [ 70%] Built target tutorial_interfaces__rosidl_typesupport_fastrtps_c
[2.624s] [ 70%] Built target tutorial_interfaces
[2.644s] [ 74%] [34m[1mGenerating Python code for ROS interfaces[0m
[2.977s] [ 74%] Built target tutorial_interfaces__py
[2.987s] [35m[1mScanning dependencies of target tutorial_interfaces__python[0m
[3.003s] [ 77%] [32mBuilding C object CMakeFiles/tutorial_interfaces__python.dir/rosidl_generator_py/tutorial_interfaces/msg/_num_s.c.o[0m
[3.080s] [ 80%] [32m[1mLinking C shared library rosidl_generator_py/tutorial_interfaces/libtutorial_interfaces__python.so[0m
[3.114s] [ 80%] Built target tutorial_interfaces__python
[3.124s] [35m[1mScanning dependencies of target tutorial_interfaces__rosidl_typesupport_c__pyext[0m
[3.124s] [35m[1mScanning dependencies of target tutorial_interfaces__rosidl_typesupport_fastrtps_c__pyext[0m
[3.124s] [35m[1mScanning dependencies of target tutorial_interfaces__rosidl_typesupport_introspection_c__pyext[0m
[3.140s] [ 87%] [32mBuilding C object CMakeFiles/tutorial_interfaces__rosidl_typesupport_introspection_c__pyext.dir/rosidl_generator_py/tutorial_interfaces/_tutorial_interfaces_s.ep.rosidl_typesupport_introspection_c.c.o[0m
[3.140s] [ 87%] [32mBuilding C object CMakeFiles/tutorial_interfaces__rosidl_typesupport_fastrtps_c__pyext.dir/rosidl_generator_py/tutorial_interfaces/_tutorial_interfaces_s.ep.rosidl_typesupport_fastrtps_c.c.o[0m
[3.140s] [ 90%] [32mBuilding C object CMakeFiles/tutorial_interfaces__rosidl_typesupport_c__pyext.dir/rosidl_generator_py/tutorial_interfaces/_tutorial_interfaces_s.ep.rosidl_typesupport_c.c.o[0m
[3.214s] [ 96%] [32m[1mLinking CXX shared library rosidl_generator_py/tutorial_interfaces/tutorial_interfaces_s__rosidl_typesupport_fastrtps_c.cpython-38-x86_64-linux-gnu.so[0m
[3.214s] [ 96%] [32m[1mLinking C shared library rosidl_generator_py/tutorial_interfaces/tutorial_interfaces_s__rosidl_typesupport_introspection_c.cpython-38-x86_64-linux-gnu.so[0m
[3.216s] [100%] [32m[1mLinking C shared library rosidl_generator_py/tutorial_interfaces/tutorial_interfaces_s__rosidl_typesupport_c.cpython-38-x86_64-linux-gnu.so[0m
[3.245s] [100%] Built target tutorial_interfaces__rosidl_typesupport_introspection_c__pyext
[3.246s] [100%] Built target tutorial_interfaces__rosidl_typesupport_c__pyext
[3.271s] [100%] Built target tutorial_interfaces__rosidl_typesupport_fastrtps_c__pyext
[3.284s] Invoked command in '/home/gusti/MagangBayu24-ROS2/tugas1/src/build/tutorial_interfaces' returned '0': CMAKE_PREFIX_PATH=${CMAKE_PREFIX_PATH}:/home/gusti/MagangBayu24-ROS2/tugas1/src/install/py_pubsub:/opt/ros/foxy /usr/bin/cmake --build /home/gusti/MagangBayu24-ROS2/tugas1/src/build/tutorial_interfaces -- -j8 -l8
[3.330s] Invoking command in '/home/gusti/MagangBayu24-ROS2/tugas1/src/build/tutorial_interfaces': CMAKE_PREFIX_PATH=${CMAKE_PREFIX_PATH}:/home/gusti/MagangBayu24-ROS2/tugas1/src/install/py_pubsub:/opt/ros/foxy /usr/bin/cmake --install /home/gusti/MagangBayu24-ROS2/tugas1/src/build/tutorial_interfaces
[3.337s] -- Install configuration: ""
[3.337s] -- Up-to-date: /home/gusti/MagangBayu24-ROS2/tugas1/src/install/tutorial_interfaces/share/ament_index/resource_index/rosidl_interfaces/tutorial_interfaces
[3.337s] -- Up-to-date: /home/gusti/MagangBayu24-ROS2/tugas1/src/install/tutorial_interfaces/include/tutorial_interfaces
[3.338s] -- Up-to-date: /home/gusti/MagangBayu24-ROS2/tugas1/src/install/tutorial_interfaces/include/tutorial_interfaces/msg
[3.338s] -- Up-to-date: /home/gusti/MagangBayu24-ROS2/tugas1/src/install/tutorial_interfaces/include/tutorial_interfaces/msg/rosidl_generator_c__visibility_control.h
[3.338s] -- Installing: /home/gusti/MagangBayu24-ROS2/tugas1/src/install/tutorial_interfaces/include/tutorial_interfaces/msg/num.h
[3.338s] -- Up-to-date: /home/gusti/MagangBayu24-ROS2/tugas1/src/install/tutorial_interfaces/include/tutorial_interfaces/msg/detail
[3.338s] -- Installing: /home/gusti/MagangBayu24-ROS2/tugas1/src/install/tutorial_interfaces/include/tutorial_interfaces/msg/detail/num__functions.h
[3.338s] -- Installing: /home/gusti/MagangBayu24-ROS2/tugas1/src/install/tutorial_interfaces/include/tutorial_interfaces/msg/detail/num__type_support.h
[3.338s] -- Installing: /home/gusti/MagangBayu24-ROS2/tugas1/src/install/tutorial_interfaces/include/tutorial_interfaces/msg/detail/num__struct.h
[3.338s] -- Installing: /home/gusti/MagangBayu24-ROS2/tugas1/src/install/tutorial_interfaces/include/tutorial_interfaces/msg/detail/num__functions.c
[3.338s] -- Up-to-date: /home/gusti/MagangBayu24-ROS2/tugas1/src/install/tutorial_interfaces/share/tutorial_interfaces/environment/library_path.sh
[3.338s] -- Installing: /home/gusti/MagangBayu24-ROS2/tugas1/src/install/tutorial_interfaces/share/tutorial_interfaces/environment/library_path.dsv
[3.338s] -- Installing: /home/gusti/MagangBayu24-ROS2/tugas1/src/install/tutorial_interfaces/lib/libtutorial_interfaces__rosidl_generator_c.so
[3.338s] -- Set runtime path of "/home/gusti/MagangBayu24-ROS2/tugas1/src/install/tutorial_interfaces/lib/libtutorial_interfaces__rosidl_generator_c.so" to ""
[3.339s] -- Up-to-date: /home/gusti/MagangBayu24-ROS2/tugas1/src/install/tutorial_interfaces/include/tutorial_interfaces
[3.339s] -- Up-to-date: /home/gusti/MagangBayu24-ROS2/tugas1/src/install/tutorial_interfaces/include/tutorial_interfaces/msg
[3.339s] -- Up-to-date: /home/gusti/MagangBayu24-ROS2/tugas1/src/install/tutorial_interfaces/include/tutorial_interfaces/msg/rosidl_typesupport_fastrtps_c__visibility_control.h
[3.339s] -- Up-to-date: /home/gusti/MagangBayu24-ROS2/tugas1/src/install/tutorial_interfaces/include/tutorial_interfaces/msg/detail
[3.339s] -- Installing: /home/gusti/MagangBayu24-ROS2/tugas1/src/install/tutorial_interfaces/include/tutorial_interfaces/msg/detail/num__rosidl_typesupport_fastrtps_c.h
[3.339s] -- Installing: /home/gusti/MagangBayu24-ROS2/tugas1/src/install/tutorial_interfaces/lib/libtutorial_interfaces__rosidl_typesupport_fastrtps_c.so
[3.339s] -- Set runtime path of "/home/gusti/MagangBayu24-ROS2/tugas1/src/install/tutorial_interfaces/lib/libtutorial_interfaces__rosidl_typesupport_fastrtps_c.so" to ""
[3.339s] -- Up-to-date: /home/gusti/MagangBayu24-ROS2/tugas1/src/install/tutorial_interfaces/include/tutorial_interfaces
[3.339s] -- Up-to-date: /home/gusti/MagangBayu24-ROS2/tugas1/src/install/tutorial_interfaces/include/tutorial_interfaces/msg
[3.339s] -- Up-to-date: /home/gusti/MagangBayu24-ROS2/tugas1/src/install/tutorial_interfaces/include/tutorial_interfaces/msg/rosidl_typesupport_fastrtps_cpp__visibility_control.h
[3.339s] -- Up-to-date: /home/gusti/MagangBayu24-ROS2/tugas1/src/install/tutorial_interfaces/include/tutorial_interfaces/msg/detail
[3.340s] -- Up-to-date: /home/gusti/MagangBayu24-ROS2/tugas1/src/install/tutorial_interfaces/include/tutorial_interfaces/msg/detail/dds_fastrtps
[3.340s] -- Installing: /home/gusti/MagangBayu24-ROS2/tugas1/src/install/tutorial_interfaces/include/tutorial_interfaces/msg/detail/num__rosidl_typesupport_fastrtps_cpp.hpp
[3.340s] -- Installing: /home/gusti/MagangBayu24-ROS2/tugas1/src/install/tutorial_interfaces/lib/libtutorial_interfaces__rosidl_typesupport_fastrtps_cpp.so
[3.340s] -- Set runtime path of "/home/gusti/MagangBayu24-ROS2/tugas1/src/install/tutorial_interfaces/lib/libtutorial_interfaces__rosidl_typesupport_fastrtps_cpp.so" to ""
[3.340s] -- Up-to-date: /home/gusti/MagangBayu24-ROS2/tugas1/src/install/tutorial_interfaces/include/tutorial_interfaces
[3.340s] -- Up-to-date: /home/gusti/MagangBayu24-ROS2/tugas1/src/install/tutorial_interfaces/include/tutorial_interfaces/msg
[3.340s] -- Up-to-date: /home/gusti/MagangBayu24-ROS2/tugas1/src/install/tutorial_interfaces/include/tutorial_interfaces/msg/rosidl_typesupport_introspection_c__visibility_control.h
[3.340s] -- Up-to-date: /home/gusti/MagangBayu24-ROS2/tugas1/src/install/tutorial_interfaces/include/tutorial_interfaces/msg/detail
[3.340s] -- Installing: /home/gusti/MagangBayu24-ROS2/tugas1/src/install/tutorial_interfaces/include/tutorial_interfaces/msg/detail/num__type_support.c
[3.340s] -- Installing: /home/gusti/MagangBayu24-ROS2/tugas1/src/install/tutorial_interfaces/include/tutorial_interfaces/msg/detail/num__rosidl_typesupport_introspection_c.h
[3.340s] -- Installing: /home/gusti/MagangBayu24-ROS2/tugas1/src/install/tutorial_interfaces/lib/libtutorial_interfaces__rosidl_typesupport_introspection_c.so
[3.341s] -- Set runtime path of "/home/gusti/MagangBayu24-ROS2/tugas1/src/install/tutorial_interfaces/lib/libtutorial_interfaces__rosidl_typesupport_introspection_c.so" to ""
[3.341s] -- Installing: /home/gusti/MagangBayu24-ROS2/tugas1/src/install/tutorial_interfaces/lib/libtutorial_interfaces__rosidl_typesupport_c.so
[3.341s] -- Set runtime path of "/home/gusti/MagangBayu24-ROS2/tugas1/src/install/tutorial_interfaces/lib/libtutorial_interfaces__rosidl_typesupport_c.so" to ""
[3.341s] -- Up-to-date: /home/gusti/MagangBayu24-ROS2/tugas1/src/install/tutorial_interfaces/include/tutorial_interfaces
[3.341s] -- Up-to-date: /home/gusti/MagangBayu24-ROS2/tugas1/src/install/tutorial_interfaces/include/tutorial_interfaces/msg
[3.341s] -- Up-to-date: /home/gusti/MagangBayu24-ROS2/tugas1/src/install/tutorial_interfaces/include/tutorial_interfaces/msg/rosidl_generator_cpp__visibility_control.hpp
[3.341s] -- Up-to-date: /home/gusti/MagangBayu24-ROS2/tugas1/src/install/tutorial_interfaces/include/tutorial_interfaces/msg/detail
[3.342s] -- Installing: /home/gusti/MagangBayu24-ROS2/tugas1/src/install/tutorial_interfaces/include/tutorial_interfaces/msg/detail/num__builder.hpp
[3.342s] -- Installing: /home/gusti/MagangBayu24-ROS2/tugas1/src/install/tutorial_interfaces/include/tutorial_interfaces/msg/detail/num__struct.hpp
[3.342s] -- Installing: /home/gusti/MagangBayu24-ROS2/tugas1/src/install/tutorial_interfaces/include/tutorial_interfaces/msg/detail/num__type_support.hpp
[3.342s] -- Installing: /home/gusti/MagangBayu24-ROS2/tugas1/src/install/tutorial_interfaces/include/tutorial_interfaces/msg/detail/num__traits.hpp
[3.342s] -- Installing: /home/gusti/MagangBayu24-ROS2/tugas1/src/install/tutorial_interfaces/include/tutorial_interfaces/msg/num.hpp
[3.342s] -- Up-to-date: /home/gusti/MagangBayu24-ROS2/tugas1/src/install/tutorial_interfaces/include/tutorial_interfaces
[3.342s] -- Up-to-date: /home/gusti/MagangBayu24-ROS2/tugas1/src/install/tutorial_interfaces/include/tutorial_interfaces/msg
[3.342s] -- Up-to-date: /home/gusti/MagangBayu24-ROS2/tugas1/src/install/tutorial_interfaces/include/tutorial_interfaces/msg/detail
[3.342s] -- Installing: /home/gusti/MagangBayu24-ROS2/tugas1/src/install/tutorial_interfaces/include/tutorial_interfaces/msg/detail/num__type_support.cpp
[3.342s] -- Installing: /home/gusti/MagangBayu24-ROS2/tugas1/src/install/tutorial_interfaces/include/tutorial_interfaces/msg/detail/num__rosidl_typesupport_introspection_cpp.hpp
[3.342s] -- Installing: /home/gusti/MagangBayu24-ROS2/tugas1/src/install/tutorial_interfaces/lib/libtutorial_interfaces__rosidl_typesupport_introspection_cpp.so
[3.342s] -- Set runtime path of "/home/gusti/MagangBayu24-ROS2/tugas1/src/install/tutorial_interfaces/lib/libtutorial_interfaces__rosidl_typesupport_introspection_cpp.so" to ""
[3.343s] -- Installing: /home/gusti/MagangBayu24-ROS2/tugas1/src/install/tutorial_interfaces/lib/libtutorial_interfaces__rosidl_typesupport_cpp.so
[3.343s] -- Set runtime path of "/home/gusti/MagangBayu24-ROS2/tugas1/src/install/tutorial_interfaces/lib/libtutorial_interfaces__rosidl_typesupport_cpp.so" to ""
[3.343s] -- Up-to-date: /home/gusti/MagangBayu24-ROS2/tugas1/src/install/tutorial_interfaces/share/tutorial_interfaces/environment/pythonpath.sh
[3.343s] -- Installing: /home/gusti/MagangBayu24-ROS2/tugas1/src/install/tutorial_interfaces/share/tutorial_interfaces/environment/pythonpath.dsv
[3.343s] -- Installing: /home/gusti/MagangBayu24-ROS2/tugas1/src/install/tutorial_interfaces/lib/python3.8/site-packages/tutorial_interfaces/__init__.py
[3.370s] Compiling '/home/gusti/MagangBayu24-ROS2/tugas1/src/install/tutorial_interfaces/lib/python3.8/site-packages/tutorial_interfaces/__init__.py'...
[3.373s] -- Up-to-date: /home/gusti/MagangBayu24-ROS2/tugas1/src/install/tutorial_interfaces/lib/python3.8/site-packages/tutorial_interfaces/msg
[3.374s] -- Installing: /home/gusti/MagangBayu24-ROS2/tugas1/src/install/tutorial_interfaces/lib/python3.8/site-packages/tutorial_interfaces/msg/_num.py
[3.374s] -- Installing: /home/gusti/MagangBayu24-ROS2/tugas1/src/install/tutorial_interfaces/lib/python3.8/site-packages/tutorial_interfaces/msg/_num_s.c
[3.374s] -- Installing: /home/gusti/MagangBayu24-ROS2/tugas1/src/install/tutorial_interfaces/lib/python3.8/site-packages/tutorial_interfaces/msg/__init__.py
[3.374s] -- Installing: /home/gusti/MagangBayu24-ROS2/tugas1/src/install/tutorial_interfaces/lib/python3.8/site-packages/tutorial_interfaces/tutorial_interfaces_s__rosidl_typesupport_fastrtps_c.cpython-38-x86_64-linux-gnu.so
[3.375s] -- Set runtime path of "/home/gusti/MagangBayu24-ROS2/tugas1/src/install/tutorial_interfaces/lib/python3.8/site-packages/tutorial_interfaces/tutorial_interfaces_s__rosidl_typesupport_fastrtps_c.cpython-38-x86_64-linux-gnu.so" to ""
[3.375s] -- Installing: /home/gusti/MagangBayu24-ROS2/tugas1/src/install/tutorial_interfaces/lib/python3.8/site-packages/tutorial_interfaces/tutorial_interfaces_s__rosidl_typesupport_introspection_c.cpython-38-x86_64-linux-gnu.so
[3.375s] -- Set runtime path of "/home/gusti/MagangBayu24-ROS2/tugas1/src/install/tutorial_interfaces/lib/python3.8/site-packages/tutorial_interfaces/tutorial_interfaces_s__rosidl_typesupport_introspection_c.cpython-38-x86_64-linux-gnu.so" to ""
[3.376s] -- Installing: /home/gusti/MagangBayu24-ROS2/tugas1/src/install/tutorial_interfaces/lib/python3.8/site-packages/tutorial_interfaces/tutorial_interfaces_s__rosidl_typesupport_c.cpython-38-x86_64-linux-gnu.so
[3.376s] -- Set runtime path of "/home/gusti/MagangBayu24-ROS2/tugas1/src/install/tutorial_interfaces/lib/python3.8/site-packages/tutorial_interfaces/tutorial_interfaces_s__rosidl_typesupport_c.cpython-38-x86_64-linux-gnu.so" to ""
[3.376s] -- Installing: /home/gusti/MagangBayu24-ROS2/tugas1/src/install/tutorial_interfaces/lib/libtutorial_interfaces__python.so
[3.377s] -- Set runtime path of "/home/gusti/MagangBayu24-ROS2/tugas1/src/install/tutorial_interfaces/lib/libtutorial_interfaces__python.so" to ""
[3.377s] -- Installing: /home/gusti/MagangBayu24-ROS2/tugas1/src/install/tutorial_interfaces/share/tutorial_interfaces/msg/Num.idl
[3.377s] -- Installing: /home/gusti/MagangBayu24-ROS2/tugas1/src/install/tutorial_interfaces/share/tutorial_interfaces/msg/Num.msg
[3.377s] -- Up-to-date: /home/gusti/MagangBayu24-ROS2/tugas1/src/install/tutorial_interfaces/share/ament_index/resource_index/package_run_dependencies/tutorial_interfaces
[3.377s] -- Installing: /home/gusti/MagangBayu24-ROS2/tugas1/src/install/tutorial_interfaces/share/ament_index/resource_index/parent_prefix_path/tutorial_interfaces
[3.377s] -- Up-to-date: /home/gusti/MagangBayu24-ROS2/tugas1/src/install/tutorial_interfaces/share/tutorial_interfaces/environment/ament_prefix_path.sh
[3.377s] -- Installing: /home/gusti/MagangBayu24-ROS2/tugas1/src/install/tutorial_interfaces/share/tutorial_interfaces/environment/ament_prefix_path.dsv
[3.377s] -- Up-to-date: /home/gusti/MagangBayu24-ROS2/tugas1/src/install/tutorial_interfaces/share/tutorial_interfaces/environment/path.sh
[3.377s] -- Installing: /home/gusti/MagangBayu24-ROS2/tugas1/src/install/tutorial_interfaces/share/tutorial_interfaces/environment/path.dsv
[3.378s] -- Up-to-date: /home/gusti/MagangBayu24-ROS2/tugas1/src/install/tutorial_interfaces/share/tutorial_interfaces/local_setup.bash
[3.378s] -- Up-to-date: /home/gusti/MagangBayu24-ROS2/tugas1/src/install/tutorial_interfaces/share/tutorial_interfaces/local_setup.sh
[3.378s] -- Up-to-date: /home/gusti/MagangBayu24-ROS2/tugas1/src/install/tutorial_interfaces/share/tutorial_interfaces/local_setup.zsh
[3.378s] -- Installing: /home/gusti/MagangBayu24-ROS2/tugas1/src/install/tutorial_interfaces/share/tutorial_interfaces/local_setup.dsv
[3.378s] -- Installing: /home/gusti/MagangBayu24-ROS2/tugas1/src/install/tutorial_interfaces/share/tutorial_interfaces/package.dsv
[3.378s] -- Up-to-date: /home/gusti/MagangBayu24-ROS2/tugas1/src/install/tutorial_interfaces/share/ament_index/resource_index/packages/tutorial_interfaces
[3.378s] -- Up-to-date: /home/gusti/MagangBayu24-ROS2/tugas1/src/install/tutorial_interfaces/share/tutorial_interfaces/cmake/tutorial_interfaces__rosidl_generator_cExport.cmake
[3.378s] -- Installing: /home/gusti/MagangBayu24-ROS2/tugas1/src/install/tutorial_interfaces/share/tutorial_interfaces/cmake/tutorial_interfaces__rosidl_generator_cExport-noconfig.cmake
[3.378s] -- Up-to-date: /home/gusti/MagangBayu24-ROS2/tugas1/src/install/tutorial_interfaces/share/tutorial_interfaces/cmake/tutorial_interfaces__rosidl_typesupport_introspection_cExport.cmake
[3.378s] -- Installing: /home/gusti/MagangBayu24-ROS2/tugas1/src/install/tutorial_interfaces/share/tutorial_interfaces/cmake/tutorial_interfaces__rosidl_typesupport_introspection_cExport-noconfig.cmake
[3.379s] -- Up-to-date: /home/gusti/MagangBayu24-ROS2/tugas1/src/install/tutorial_interfaces/share/tutorial_interfaces/cmake/tutorial_interfaces__rosidl_typesupport_cExport.cmake
[3.379s] -- Installing: /home/gusti/MagangBayu24-ROS2/tugas1/src/install/tutorial_interfaces/share/tutorial_interfaces/cmake/tutorial_interfaces__rosidl_typesupport_cExport-noconfig.cmake
[3.379s] -- Up-to-date: /home/gusti/MagangBayu24-ROS2/tugas1/src/install/tutorial_interfaces/share/tutorial_interfaces/cmake/tutorial_interfaces__rosidl_generator_cppExport.cmake
[3.379s] -- Up-to-date: /home/gusti/MagangBayu24-ROS2/tugas1/src/install/tutorial_interfaces/share/tutorial_interfaces/cmake/tutorial_interfaces__rosidl_typesupport_introspection_cppExport.cmake
[3.379s] -- Installing: /home/gusti/MagangBayu24-ROS2/tugas1/src/install/tutorial_interfaces/share/tutorial_interfaces/cmake/tutorial_interfaces__rosidl_typesupport_introspection_cppExport-noconfig.cmake
[3.380s] -- Up-to-date: /home/gusti/MagangBayu24-ROS2/tugas1/src/install/tutorial_interfaces/share/tutorial_interfaces/cmake/tutorial_interfaces__rosidl_typesupport_cppExport.cmake
[3.380s] -- Installing: /home/gusti/MagangBayu24-ROS2/tugas1/src/install/tutorial_interfaces/share/tutorial_interfaces/cmake/tutorial_interfaces__rosidl_typesupport_cppExport-noconfig.cmake
[3.380s] -- Up-to-date: /home/gusti/MagangBayu24-ROS2/tugas1/src/install/tutorial_interfaces/share/tutorial_interfaces/cmake/rosidl_cmake-extras.cmake
[3.380s] -- Up-to-date: /home/gusti/MagangBayu24-ROS2/tugas1/src/install/tutorial_interfaces/share/tutorial_interfaces/cmake/ament_cmake_export_dependencies-extras.cmake
[3.380s] -- Up-to-date: /home/gusti/MagangBayu24-ROS2/tugas1/src/install/tutorial_interfaces/share/tutorial_interfaces/cmake/ament_cmake_export_libraries-extras.cmake
[3.380s] -- Up-to-date: /home/gusti/MagangBayu24-ROS2/tugas1/src/install/tutorial_interfaces/share/tutorial_interfaces/cmake/ament_cmake_export_targets-extras.cmake
[3.380s] -- Up-to-date: /home/gusti/MagangBayu24-ROS2/tugas1/src/install/tutorial_interfaces/share/tutorial_interfaces/cmake/ament_cmake_export_include_directories-extras.cmake
[3.380s] -- Up-to-date: /home/gusti/MagangBayu24-ROS2/tugas1/src/install/tutorial_interfaces/share/tutorial_interfaces/cmake/rosidl_cmake_export_typesupport_libraries-extras.cmake
[3.380s] -- Up-to-date: /home/gusti/MagangBayu24-ROS2/tugas1/src/install/tutorial_interfaces/share/tutorial_interfaces/cmake/rosidl_cmake_export_typesupport_targets-extras.cmake
[3.380s] -- Up-to-date: /home/gusti/MagangBayu24-ROS2/tugas1/src/install/tutorial_interfaces/share/tutorial_interfaces/cmake/tutorial_interfacesConfig.cmake
[3.380s] -- Up-to-date: /home/gusti/MagangBayu24-ROS2/tugas1/src/install/tutorial_interfaces/share/tutorial_interfaces/cmake/tutorial_interfacesConfig-version.cmake
[3.380s] -- Up-to-date: /home/gusti/MagangBayu24-ROS2/tugas1/src/install/tutorial_interfaces/share/tutorial_interfaces/package.xml
[3.382s] Invoked command in '/home/gusti/MagangBayu24-ROS2/tugas1/src/build/tutorial_interfaces' returned '0': CMAKE_PREFIX_PATH=${CMAKE_PREFIX_PATH}:/home/gusti/MagangBayu24-ROS2/tugas1/src/install/py_pubsub:/opt/ros/foxy /usr/bin/cmake --install /home/gusti/MagangBayu24-ROS2/tugas1/src/build/tutorial_interfaces
